[0.005s] Invoking command in '/home/lucas/sagan_ws/build/mobile_robot': CMAKE_PREFIX_PATH=${CMAKE_PREFIX_PATH}:/opt/ros/jazzy DEBUGINFOD_URLS=https://debuginfod.ubuntu.com /usr/bin/cmake /home/lucas/sagan_ws/src/mobile_robot -DCMAKE_INSTALL_PREFIX=/home/lucas/sagan_ws/install/mobile_robot
[0.048s] -- The C compiler identification is GNU 13.2.0
[0.124s] -- The CXX compiler identification is GNU 13.2.0
[0.148s] -- Detecting C compiler ABI info
[0.310s] -- Detecting C compiler ABI info - done
[0.315s] -- Check for working C compiler: /usr/bin/cc - skipped
[0.315s] -- Detecting C compile features
[0.316s] -- Detecting C compile features - done
[0.323s] -- Detecting CXX compiler ABI info
[0.448s] -- Detecting CXX compiler ABI info - done
[0.453s] -- Check for working CXX compiler: /usr/bin/c++ - skipped
[0.453s] -- Detecting CXX compile features
[0.454s] -- Detecting CXX compile features - done
[0.456s] -- Found ament_cmake: 2.5.2 (/opt/ros/jazzy/share/ament_cmake/cmake)
[0.566s] -- Found Python3: /usr/bin/python3 (found version "3.12.3") found components: Interpreter 
[0.633s] -- Found ament_lint_auto: 0.17.1 (/opt/ros/jazzy/share/ament_lint_auto/cmake)
[0.697s] -- Looking for gz-plugin3 -- found version 3.0.0
[0.702s] -- Searching for dependencies of gz-plugin3
[0.703s] -- Looking for gz-utils3 -- found version 3.0.0
[0.703s] -- Searching for dependencies of gz-utils3
[0.704s] -- Searching for <gz-utils3> component [cli]
[0.705s] -- Looking for gz-utils3-cli -- found version 3.0.0
[0.706s] -- Searching for dependencies of gz-utils3-cli
[0.706s] -- Searching for <gz-plugin3> component [register]
[0.708s] -- Looking for gz-plugin3-register -- found version 3.0.0
[0.708s] -- Searching for dependencies of gz-plugin3-register
[0.710s] -- Looking for gz-sim9 -- found version 9.0.0
[0.710s] -- Searching for dependencies of gz-sim9
[0.712s] -- Looking for sdformat15 -- found version 15.0.0
[0.712s] -- Searching for dependencies of sdformat15
[0.715s] -- Checking for module 'tinyxml2'
[0.725s] --   Found tinyxml2, version 10.0.0
[0.783s] -- Looking for gz-math8 -- found version 8.0.0
[0.783s] -- Searching for dependencies of gz-math8
[0.783s] -- Looking for gz-utils3 -- found version 3.0.0
[0.784s] -- Looking for gz-utils3 -- found version 3.0.0
[0.784s] -- Looking for gz-plugin3 -- found version 3.0.0
[0.784s] -- Searching for dependencies of gz-plugin3
[0.784s] -- Looking for gz-utils3 -- found version 3.0.0
[0.785s] -- Searching for <gz-plugin3> component [loader]
[0.786s] -- Looking for gz-plugin3-loader -- found version 3.0.0
[0.786s] -- Searching for dependencies of gz-plugin3-loader
[0.787s] -- Searching for <gz-plugin3> component [register]
[0.788s] -- Looking for gz-transport14 -- found version 14.0.0
[0.789s] -- Searching for dependencies of gz-transport14
[0.946s] -- Found Protobuf: /usr/lib/x86_64-linux-gnu/libprotobuf.so (found version "3.21.12") 
[0.958s] -- Config-file not installed for ZeroMQ -- checking for pkg-config
[0.961s] -- Checking for module 'libzmq >= 4'
[0.977s] --   Found libzmq, version 4.3.5
[1.084s] -- Found ZeroMQ: TRUE (Required is at least version "4") 
[1.099s] -- Checking for module 'uuid'
[1.120s] --   Found uuid, version 2.39.3
[1.208s] -- Found UUID: TRUE  
[1.210s] -- Looking for gz-utils3 -- found version 3.0.0
[1.216s] -- Looking for gz-msgs11 -- found version 11.0.1
[1.216s] -- Searching for dependencies of gz-msgs11
[1.227s] -- Looking for gz-utils3 -- found version 3.0.0
[1.227s] -- Looking for gz-math8 -- found version 8.0.0
[1.346s] -- Searching for <gz-transport14> component [log]
[1.347s] -- Looking for gz-transport14-log -- found version 14.0.0
[1.348s] -- Searching for dependencies of gz-transport14-log
[1.348s] -- Searching for <gz-transport14> component [parameters]
[1.350s] -- Looking for gz-transport14-parameters -- found version 14.0.0
[1.350s] -- Searching for dependencies of gz-transport14-parameters
[1.350s] -- Looking for gz-msgs11 -- found version 11.0.1
[1.352s] -- Looking for gz-common6 -- found version 6.0.0
[1.352s] -- Searching for dependencies of gz-common6
[1.352s] -- Looking for gz-utils3 -- found version 3.0.0
[1.352s] -- Searching for dependencies of gz-utils3
[1.353s] -- Searching for <gz-utils3> component [log]
[1.354s] -- Looking for gz-utils3-log -- found version 3.0.0
[1.355s] -- Searching for dependencies of gz-utils3-log
[1.357s] -- Found Threads: TRUE  
[1.363s] -- Searching for <gz-common6> component [av]
[1.365s] -- Looking for gz-common6-av -- found version 6.0.0
[1.365s] -- Searching for dependencies of gz-common6-av
[1.369s] -- Checking for module 'libswscale'
[1.380s] --   Found libswscale, version 7.5.100
[1.459s] -- Found SWSCALE: TRUE  
[1.470s] -- Checking for module 'libavdevice >= 56.4.100'
[1.506s] --   Found libavdevice, version 60.3.100
[1.631s] -- Found AVDEVICE: TRUE (Required is at least version "56.4.100") 
[1.644s] -- Checking for module 'libavformat'
[1.682s] --   Found libavformat, version 60.16.100
[1.781s] -- Found AVFORMAT: TRUE  
[1.794s] -- Checking for module 'libavcodec'
[1.835s] --   Found libavcodec, version 60.31.102
[1.931s] -- Found AVCODEC: TRUE  
[1.940s] -- Checking for module 'libavutil'
[1.972s] --   Found libavutil, version 58.29.100
[2.064s] -- Found AVUTIL: TRUE  
[2.066s] -- Searching for <gz-common6> component [events]
[2.074s] -- Looking for gz-common6-events -- found version 6.0.0
[2.074s] -- Searching for dependencies of gz-common6-events
[2.075s] -- Looking for gz-math8 -- found version 8.0.0
[2.076s] -- Searching for <gz-common6> component [graphics]
[2.079s] -- Looking for gz-common6-graphics -- found version 6.0.0
[2.079s] -- Searching for dependencies of gz-common6-graphics
[2.080s] -- Looking for gz-math8 -- found version 8.0.0
[2.083s] -- Found GzAssimp: TRUE (found version "5.3.0") 
[2.083s] -- Searching for <gz-common6> component [io]
[2.085s] -- Looking for gz-common6-io -- found version 6.0.0
[2.085s] -- Searching for dependencies of gz-common6-io
[2.085s] -- Searching for <gz-common6> component [profiler]
[2.087s] -- Looking for gz-common6-profiler -- found version 6.0.0
[2.087s] -- Searching for dependencies of gz-common6-profiler
[2.089s] -- Looking for gz-fuel_tools10 -- found version 10.0.0
[2.089s] -- Searching for dependencies of gz-fuel_tools10
[2.203s] -- Found CURL: /usr/lib/x86_64-linux-gnu/libcurl.so (found version "8.5.0")  
[2.209s] -- Checking for module 'jsoncpp'
[2.226s] --   Found jsoncpp, version 1.9.5
[2.308s] -- Found JSONCPP: TRUE  
[2.319s] -- Checking for module 'yaml-0.1'
[2.336s] --   Found yaml-0.1, version 0.2.5
[2.423s] -- Found YAML: TRUE  
[2.435s] -- Checking for module 'libzip'
[2.476s] --   Found libzip, version 1.7.3
[2.568s] -- Found ZIP: TRUE  
[2.569s] -- Looking for gz-utils3 -- found version 3.0.0
[2.570s] -- Looking for gz-common6 -- found version 6.0.0
[2.570s] -- Searching for dependencies of gz-common6
[2.570s] -- Looking for gz-utils3 -- found version 3.0.0
[2.584s] -- Searching for <gz-common6> component [testing]
[2.593s] -- Looking for gz-common6-testing -- found version 6.0.0
[2.593s] -- Searching for dependencies of gz-common6-testing
[2.595s] -- Looking for gz-math8 -- found version 8.0.0
[2.596s] -- Looking for gz-msgs11 -- found version 11.0.1
[2.601s] -- Looking for gz-gui9 -- found version 9.0.0
[2.601s] -- Searching for dependencies of gz-gui9
[2.617s] -- Looking for gz-utils3 -- found version 3.0.0
[2.618s] -- Looking for gz-math8 -- found version 8.0.0
[2.618s] -- Looking for gz-common6 -- found version 6.0.0
[2.618s] -- Looking for gz-plugin3 -- found version 3.0.0
[2.619s] -- Looking for gz-transport14 -- found version 14.0.0
[2.623s] -- Looking for gz-rendering9 -- found version 9.0.0
[2.623s] -- Searching for dependencies of gz-rendering9
[2.623s] -- Looking for gz-math8 -- found version 8.0.0
[2.623s] -- Searching for dependencies of gz-math8
[2.624s] -- Looking for gz-utils3 -- found version 3.0.0
[2.624s] -- Searching for <gz-math8> component [eigen3]
[2.628s] -- Looking for gz-math8-eigen3 -- found version 8.0.0
[2.628s] -- Searching for dependencies of gz-math8-eigen3
[2.639s] -- Looking for gz-common6 -- found version 6.0.0
[2.639s] -- Searching for dependencies of gz-common6
[2.640s] -- Looking for gz-utils3 -- found version 3.0.0
[2.646s] -- Searching for <gz-common6> component [graphics]
[2.646s] -- Searching for <gz-common6> component [events]
[2.646s] -- Searching for <gz-common6> component [geospatial]
[2.650s] -- Looking for gz-common6-geospatial -- found version 6.0.0
[2.651s] -- Searching for dependencies of gz-common6-geospatial
[2.651s] -- Looking for gz-math8 -- found version 8.0.0
[2.652s] -- Looking for gz-common6 -- found version 6.0.0
[2.654s] -- Looking for gz-plugin3 -- found version 3.0.0
[2.654s] -- Searching for dependencies of gz-plugin3
[2.654s] -- Looking for gz-utils3 -- found version 3.0.0
[2.654s] -- Searching for <gz-plugin3> component [all]
[2.658s] -- Looking for all libraries of gz-plugin3 -- found version 3.0.0
[2.659s] -- Looking for gz-plugin3 -- found version 3.0.0
[2.659s] -- Looking for gz-utils3 -- found version 3.0.0
[2.666s] -- Found OpenGL: /usr/lib/x86_64-linux-gnu/libOpenGL.so  found components: OpenGL 
[2.667s] -- Looking for gz-msgs11 -- found version 11.0.1
[2.681s] -- Looking for gz-physics8 -- found version 8.0.0
[2.681s] -- Searching for dependencies of gz-physics8
[2.681s] -- Looking for gz-common6 -- found version 6.0.0
[2.682s] -- Looking for gz-math8 -- found version 8.0.0
[2.682s] -- Looking for gz-plugin3 -- found version 3.0.0
[2.682s] -- Looking for gz-utils3 -- found version 3.0.0
[2.683s] -- Searching for <gz-physics8> component [heightmap]
[2.684s] -- Looking for gz-physics8-heightmap -- found version 8.0.0
[2.684s] -- Searching for dependencies of gz-physics8-heightmap
[2.685s] -- Looking for gz-common6 -- found version 6.0.0
[2.685s] -- Searching for <gz-physics8> component [mesh]
[2.687s] -- Looking for gz-physics8-mesh -- found version 8.0.0
[2.687s] -- Searching for dependencies of gz-physics8-mesh
[2.687s] -- Looking for gz-common6 -- found version 6.0.0
[2.687s] -- Searching for <gz-physics8> component [sdf]
[2.689s] -- Looking for gz-physics8-sdf -- found version 8.0.0
[2.689s] -- Searching for dependencies of gz-physics8-sdf
[2.689s] -- Looking for sdformat15 -- found version 15.0.0
[2.691s] -- Looking for gz-sensors9 -- found version 9.0.0
[2.691s] -- Searching for dependencies of gz-sensors9
[2.703s] -- Looking for gz-math8 -- found version 8.0.0
[2.703s] -- Looking for gz-common6 -- found version 6.0.0
[2.703s] -- Looking for gz-transport14 -- found version 14.0.0
[2.704s] -- Looking for gz-rendering9 -- found version 9.0.0
[2.704s] -- Looking for gz-msgs11 -- found version 11.0.1
[2.704s] -- Looking for sdformat15 -- found version 15.0.0
[2.704s] -- Searching for <gz-sensors9> component [air_pressure]
[2.706s] -- Looking for gz-sensors9-air_pressure -- found version 9.0.0
[2.706s] -- Searching for dependencies of gz-sensors9-air_pressure
[2.707s] -- Searching for <gz-sensors9> component [air_speed]
[2.709s] -- Looking for gz-sensors9-air_speed -- found version 9.0.0
[2.709s] -- Searching for dependencies of gz-sensors9-air_speed
[2.709s] -- Searching for <gz-sensors9> component [altimeter]
[2.711s] -- Looking for gz-sensors9-altimeter -- found version 9.0.0
[2.711s] -- Searching for dependencies of gz-sensors9-altimeter
[2.711s] -- Searching for <gz-sensors9> component [imu]
[2.713s] -- Looking for gz-sensors9-imu -- found version 9.0.0
[2.713s] -- Searching for dependencies of gz-sensors9-imu
[2.713s] -- Searching for <gz-sensors9> component [force_torque]
[2.715s] -- Looking for gz-sensors9-force_torque -- found version 9.0.0
[2.715s] -- Searching for dependencies of gz-sensors9-force_torque
[2.715s] -- Searching for <gz-sensors9> component [logical_camera]
[2.717s] -- Looking for gz-sensors9-logical_camera -- found version 9.0.0
[2.718s] -- Searching for dependencies of gz-sensors9-logical_camera
[2.718s] -- Searching for <gz-sensors9> component [magnetometer]
[2.719s] -- Looking for gz-sensors9-magnetometer -- found version 9.0.0
[2.719s] -- Searching for dependencies of gz-sensors9-magnetometer
[2.720s] -- Searching for <gz-sensors9> component [navsat]
[2.722s] -- Looking for gz-sensors9-navsat -- found version 9.0.0
[2.722s] -- Searching for dependencies of gz-sensors9-navsat
[2.722s] -- Searching for <gz-sensors9> component [dvl]
[2.724s] -- Looking for gz-sensors9-dvl -- found version 9.0.0
[2.724s] -- Searching for dependencies of gz-sensors9-dvl
[2.724s] -- Looking for gz-sensors9 -- found version 9.0.0
[2.724s] -- Searching for dependencies of gz-sensors9
[2.736s] -- Looking for gz-math8 -- found version 8.0.0
[2.736s] -- Looking for gz-common6 -- found version 6.0.0
[2.736s] -- Looking for gz-transport14 -- found version 14.0.0
[2.737s] -- Looking for gz-rendering9 -- found version 9.0.0
[2.737s] -- Looking for gz-msgs11 -- found version 11.0.1
[2.737s] -- Looking for sdformat15 -- found version 15.0.0
[2.737s] -- Searching for <gz-sensors9> component [rendering]
[2.739s] -- Looking for gz-sensors9-rendering -- found version 9.0.0
[2.739s] -- Searching for dependencies of gz-sensors9-rendering
[2.740s] -- Searching for <gz-sensors9> component [rendering]
[2.740s] -- Searching for <gz-sensors9> component [lidar]
[2.742s] -- Looking for gz-sensors9-lidar -- found version 9.0.0
[2.742s] -- Searching for dependencies of gz-sensors9-lidar
[2.742s] -- Looking for gz-sensors9 -- found version 9.0.0
[2.742s] -- Searching for <gz-sensors9> component [gpu_lidar]
[2.744s] -- Looking for gz-sensors9-gpu_lidar -- found version 9.0.0
[2.744s] -- Searching for dependencies of gz-sensors9-gpu_lidar
[2.744s] -- Looking for gz-sensors9 -- found version 9.0.0
[2.745s] -- Searching for <gz-sensors9> component [camera]
[2.746s] -- Looking for gz-sensors9-camera -- found version 9.0.0
[2.746s] -- Searching for dependencies of gz-sensors9-camera
[2.747s] -- Looking for gz-sensors9 -- found version 9.0.0
[2.747s] -- Searching for <gz-sensors9> component [boundingbox_camera]
[2.749s] -- Looking for gz-sensors9-boundingbox_camera -- found version 9.0.0
[2.749s] -- Searching for dependencies of gz-sensors9-boundingbox_camera
[2.749s] -- Searching for <gz-sensors9> component [segmentation_camera]
[2.751s] -- Looking for gz-sensors9-segmentation_camera -- found version 9.0.0
[2.751s] -- Searching for dependencies of gz-sensors9-segmentation_camera
[2.751s] -- Searching for <gz-sensors9> component [depth_camera]
[2.753s] -- Looking for gz-sensors9-depth_camera -- found version 9.0.0
[2.753s] -- Searching for dependencies of gz-sensors9-depth_camera
[2.753s] -- Looking for gz-sensors9 -- found version 9.0.0
[2.754s] -- Searching for <gz-sensors9> component [rgbd_camera]
[2.756s] -- Looking for gz-sensors9-rgbd_camera -- found version 9.0.0
[2.756s] -- Searching for dependencies of gz-sensors9-rgbd_camera
[2.756s] -- Looking for gz-sensors9 -- found version 9.0.0
[2.756s] -- Searching for <gz-sensors9> component [thermal_camera]
[2.758s] -- Looking for gz-sensors9-thermal_camera -- found version 9.0.0
[2.758s] -- Searching for dependencies of gz-sensors9-thermal_camera
[2.758s] -- Looking for gz-sensors9 -- found version 9.0.0
[2.759s] -- Searching for <gz-sensors9> component [wide_angle_camera]
[2.760s] -- Looking for gz-sensors9-wide_angle_camera -- found version 9.0.0
[2.760s] -- Searching for dependencies of gz-sensors9-wide_angle_camera
[2.761s] -- Looking for gz-rendering9 -- found version 9.0.0
[2.761s] -- Looking for gz-math8 -- found version 8.0.0
[2.762s] -- Looking for gz-utils3 -- found version 3.0.0
[2.775s] -- Added test 'cppcheck' to perform static code analysis on C / C++ code
[2.775s] -- Configured cppcheck include dirs: 
[2.775s] -- Configured cppcheck exclude dirs and/or files: 
[2.776s] -- Added test 'flake8' to check Python code syntax and style conventions
[2.776s] -- Configured 'flake8' exclude dirs and/or files: 
[2.776s] -- Added test 'lint_cmake' to check CMake code style
[2.777s] -- Added test 'pep257' to check Python code against some of the docstring style conventions in PEP 257
[2.777s] -- Added test 'uncrustify' to check C / C++ code style
[2.777s] -- Configured uncrustify additional arguments: 
[2.778s] -- Added test 'xmllint' to check XML markup files
[2.779s] -- Configuring done (2.8s)
[2.780s] [31mCMake Error at CMakeLists.txt:36 (add_library):
[2.780s]   Cannot find source file:
[2.780s] 
[2.780s]     SampleSystem.cc
[2.780s] 
[2.780s]   Tried extensions .c .C .c++ .cc .cpp .cxx .cu .mpp .m .M .mm .ixx .cppm
[2.780s]   .ccm .cxxm .c++m .h .hh .h++ .hm .hpp .hxx .in .txx .f .F .for .f77 .f90
[2.780s]   .f95 .f03 .hip .ispc
[2.780s] 
[2.780s] [0m
[2.781s] [31mCMake Error at CMakeLists.txt:36 (add_library):
[2.781s]   No SOURCES given to target: SampleSystem
[2.781s] 
[2.781s] [0m
[2.781s] [0mCMake Generate step failed.  Build files cannot be regenerated correctly.[0m
[2.787s] Invoked command in '/home/lucas/sagan_ws/build/mobile_robot' returned '1': CMAKE_PREFIX_PATH=${CMAKE_PREFIX_PATH}:/opt/ros/jazzy DEBUGINFOD_URLS=https://debuginfod.ubuntu.com /usr/bin/cmake /home/lucas/sagan_ws/src/mobile_robot -DCMAKE_INSTALL_PREFIX=/home/lucas/sagan_ws/install/mobile_robot
