[0.006s] Invoking command in '/home/lucas/sagan_ws/build/mobile_robot': CMAKE_PREFIX_PATH=${CMAKE_PREFIX_PATH}:/opt/ros/jazzy DEBUGINFOD_URLS=https://debuginfod.ubuntu.com /usr/bin/cmake /home/lucas/sagan_ws/src/mobile_robot -DCMAKE_INSTALL_PREFIX=/home/lucas/sagan_ws/install/mobile_robot
[0.013s] -- Found ament_cmake: 2.5.2 (/opt/ros/jazzy/share/ament_cmake/cmake)
[0.166s] -- Found ament_lint_auto: 0.17.1 (/opt/ros/jazzy/share/ament_lint_auto/cmake)
[0.222s] -- Added test 'cppcheck' to perform static code analysis on C / C++ code
[0.222s] -- Configured cppcheck include dirs: 
[0.222s] -- Configured cppcheck exclude dirs and/or files: 
[0.222s] -- Added test 'flake8' to check Python code syntax and style conventions
[0.222s] -- Configured 'flake8' exclude dirs and/or files: 
[0.222s] -- Added test 'lint_cmake' to check CMake code style
[0.222s] -- Added test 'pep257' to check Python code against some of the docstring style conventions in PEP 257
[0.223s] -- Added test 'uncrustify' to check C / C++ code style
[0.223s] -- Configured uncrustify additional arguments: 
[0.223s] -- Added test 'xmllint' to check XML markup files
[0.223s] -- Configuring done (0.2s)
[0.225s] -- Generating done (0.0s)
[0.225s] -- Build files have been written to: /home/lucas/sagan_ws/build/mobile_robot
[0.227s] Invoked command in '/home/lucas/sagan_ws/build/mobile_robot' returned '0': CMAKE_PREFIX_PATH=${CMAKE_PREFIX_PATH}:/opt/ros/jazzy DEBUGINFOD_URLS=https://debuginfod.ubuntu.com /usr/bin/cmake /home/lucas/sagan_ws/src/mobile_robot -DCMAKE_INSTALL_PREFIX=/home/lucas/sagan_ws/install/mobile_robot
[0.228s] Invoking command in '/home/lucas/sagan_ws/build/mobile_robot': CMAKE_PREFIX_PATH=${CMAKE_PREFIX_PATH}:/opt/ros/jazzy DEBUGINFOD_URLS=https://debuginfod.ubuntu.com /usr/bin/cmake --build /home/lucas/sagan_ws/build/mobile_robot -- -j20 -l20
[0.272s] Invoked command in '/home/lucas/sagan_ws/build/mobile_robot' returned '0': CMAKE_PREFIX_PATH=${CMAKE_PREFIX_PATH}:/opt/ros/jazzy DEBUGINFOD_URLS=https://debuginfod.ubuntu.com /usr/bin/cmake --build /home/lucas/sagan_ws/build/mobile_robot -- -j20 -l20
[0.337s] Invoking command in '/home/lucas/sagan_ws/build/mobile_robot': CMAKE_PREFIX_PATH=${CMAKE_PREFIX_PATH}:/opt/ros/jazzy DEBUGINFOD_URLS=https://debuginfod.ubuntu.com /usr/bin/cmake --install /home/lucas/sagan_ws/build/mobile_robot
[0.349s] -- Install configuration: ""
[0.350s] -- Up-to-date: /home/lucas/sagan_ws/install/mobile_robot/share/mobile_robot/launch
[0.350s] -- Up-to-date: /home/lucas/sagan_ws/install/mobile_robot/share/mobile_robot/launch/gazebo_model.launch.py
[0.350s] -- Up-to-date: /home/lucas/sagan_ws/install/mobile_robot/share/mobile_robot/model
[0.351s] -- Up-to-date: /home/lucas/sagan_ws/install/mobile_robot/share/mobile_robot/model/Sagan.gazebo
[0.351s] -- Up-to-date: /home/lucas/sagan_ws/install/mobile_robot/share/mobile_robot/model/meshes
[0.352s] -- Up-to-date: /home/lucas/sagan_ws/install/mobile_robot/share/mobile_robot/model/meshes/LR_stering_arm.STL
[0.352s] -- Up-to-date: /home/lucas/sagan_ws/install/mobile_robot/share/mobile_robot/model/meshes/RF_stering_arm.STL
[0.352s] -- Up-to-date: /home/lucas/sagan_ws/install/mobile_robot/share/mobile_robot/model/meshes/RF_wheel.STL
[0.353s] -- Up-to-date: /home/lucas/sagan_ws/install/mobile_robot/share/mobile_robot/model/meshes/base_link.STL
[0.353s] -- Up-to-date: /home/lucas/sagan_ws/install/mobile_robot/share/mobile_robot/model/meshes/LR_wheel.STL
[0.353s] -- Up-to-date: /home/lucas/sagan_ws/install/mobile_robot/share/mobile_robot/model/meshes/Left_arm.STL
[0.353s] -- Up-to-date: /home/lucas/sagan_ws/install/mobile_robot/share/mobile_robot/model/meshes/LF_stering_arm.STL
[0.353s] -- Up-to-date: /home/lucas/sagan_ws/install/mobile_robot/share/mobile_robot/model/meshes/RR_wheel.STL
[0.353s] -- Up-to-date: /home/lucas/sagan_ws/install/mobile_robot/share/mobile_robot/model/meshes/LF_wheel.STL
[0.353s] -- Up-to-date: /home/lucas/sagan_ws/install/mobile_robot/share/mobile_robot/model/meshes/Right_arm.STL
[0.353s] -- Up-to-date: /home/lucas/sagan_ws/install/mobile_robot/share/mobile_robot/model/meshes/RR_stering_arm.STL
[0.353s] -- Up-to-date: /home/lucas/sagan_ws/install/mobile_robot/share/mobile_robot/model/Sagan.xacro.urdf
[0.354s] -- Up-to-date: /home/lucas/sagan_ws/install/mobile_robot/share/mobile_robot/model/robot.gazebo
[0.354s] -- Up-to-date: /home/lucas/sagan_ws/install/mobile_robot/share/mobile_robot/model/robot.xacro
[0.354s] -- Up-to-date: /home/lucas/sagan_ws/install/mobile_robot/share/mobile_robot/parameters
[0.354s] -- Up-to-date: /home/lucas/sagan_ws/install/mobile_robot/share/mobile_robot/parameters/bridge_parameters.yaml
[0.354s] -- Up-to-date: /home/lucas/sagan_ws/install/mobile_robot/share/mobile_robot/plugin
[0.354s] -- Up-to-date: /home/lucas/sagan_ws/install/mobile_robot/share/mobile_robot/plugin/system_plugin
[0.354s] -- Up-to-date: /home/lucas/sagan_ws/install/mobile_robot/share/mobile_robot/plugin/system_plugin/SampleSystem.cc
[0.354s] -- Up-to-date: /home/lucas/sagan_ws/install/mobile_robot/share/mobile_robot/plugin/system_plugin/SampleSystem.hh
[0.354s] -- Up-to-date: /home/lucas/sagan_ws/install/mobile_robot/share/mobile_robot/plugin/system_plugin/CMakeLists.txt
[0.354s] -- Up-to-date: /home/lucas/sagan_ws/install/mobile_robot/share/mobile_robot/plugin/system_plugin/SampleSystem2.cc
[0.354s] -- Installing: /home/lucas/sagan_ws/install/mobile_robot/share/ament_index/resource_index/package_run_dependencies/mobile_robot
[0.355s] -- Installing: /home/lucas/sagan_ws/install/mobile_robot/share/ament_index/resource_index/parent_prefix_path/mobile_robot
[0.355s] -- Up-to-date: /home/lucas/sagan_ws/install/mobile_robot/share/mobile_robot/environment/ament_prefix_path.sh
[0.355s] -- Installing: /home/lucas/sagan_ws/install/mobile_robot/share/mobile_robot/environment/ament_prefix_path.dsv
[0.355s] -- Up-to-date: /home/lucas/sagan_ws/install/mobile_robot/share/mobile_robot/environment/path.sh
[0.355s] -- Installing: /home/lucas/sagan_ws/install/mobile_robot/share/mobile_robot/environment/path.dsv
[0.355s] -- Installing: /home/lucas/sagan_ws/install/mobile_robot/share/mobile_robot/local_setup.bash
[0.355s] -- Installing: /home/lucas/sagan_ws/install/mobile_robot/share/mobile_robot/local_setup.sh
[0.355s] -- Installing: /home/lucas/sagan_ws/install/mobile_robot/share/mobile_robot/local_setup.zsh
[0.355s] -- Installing: /home/lucas/sagan_ws/install/mobile_robot/share/mobile_robot/local_setup.dsv
[0.356s] -- Installing: /home/lucas/sagan_ws/install/mobile_robot/share/mobile_robot/package.dsv
[0.356s] -- Installing: /home/lucas/sagan_ws/install/mobile_robot/share/ament_index/resource_index/packages/mobile_robot
[0.356s] -- Installing: /home/lucas/sagan_ws/install/mobile_robot/share/mobile_robot/cmake/mobile_robotConfig.cmake
[0.356s] -- Installing: /home/lucas/sagan_ws/install/mobile_robot/share/mobile_robot/cmake/mobile_robotConfig-version.cmake
[0.356s] -- Up-to-date: /home/lucas/sagan_ws/install/mobile_robot/share/mobile_robot/package.xml
[0.357s] Invoked command in '/home/lucas/sagan_ws/build/mobile_robot' returned '0': CMAKE_PREFIX_PATH=${CMAKE_PREFIX_PATH}:/opt/ros/jazzy DEBUGINFOD_URLS=https://debuginfod.ubuntu.com /usr/bin/cmake --install /home/lucas/sagan_ws/build/mobile_robot
