[0.005s] Invoking command in '/home/lucas/sagan_ws/build/mobile_robot': CMAKE_PREFIX_PATH=${CMAKE_PREFIX_PATH}:/opt/ros/jazzy DEBUGINFOD_URLS=https://debuginfod.ubuntu.com /usr/bin/cmake /home/lucas/sagan_ws/src/mobile_robot -DCMAKE_INSTALL_PREFIX=/home/lucas/sagan_ws/install/mobile_robot
[0.060s] -- The C compiler identification is GNU 13.2.0
[0.108s] -- The CXX compiler identification is GNU 13.2.0
[0.122s] -- Detecting C compiler ABI info
[0.245s] -- Detecting C compiler ABI info - done
[0.257s] -- Check for working C compiler: /usr/bin/cc - skipped
[0.257s] -- Detecting C compile features
[0.257s] -- Detecting C compile features - done
[0.265s] -- Detecting CXX compiler ABI info
[0.399s] -- Detecting CXX compiler ABI info - done
[0.404s] -- Check for working CXX compiler: /usr/bin/c++ - skipped
[0.404s] -- Detecting CXX compile features
[0.405s] -- Detecting CXX compile features - done
[0.415s] -- Found ament_cmake: 2.5.2 (/opt/ros/jazzy/share/ament_cmake/cmake)
[0.528s] -- Found Python3: /usr/bin/python3 (found version "3.12.3") found components: Interpreter 
[0.607s] -- Found ament_lint_auto: 0.17.1 (/opt/ros/jazzy/share/ament_lint_auto/cmake)
[0.671s] -- Added test 'flake8' to check Python code syntax and style conventions
[0.671s] -- Configured 'flake8' exclude dirs and/or files: 
[0.671s] -- Added test 'lint_cmake' to check CMake code style
[0.672s] -- Added test 'pep257' to check Python code against some of the docstring style conventions in PEP 257
[0.672s] -- Added test 'xmllint' to check XML markup files
[0.673s] -- Configuring done (0.7s)
[0.675s] -- Generating done (0.0s)
[0.675s] -- Build files have been written to: /home/lucas/sagan_ws/build/mobile_robot
[0.679s] Invoked command in '/home/lucas/sagan_ws/build/mobile_robot' returned '0': CMAKE_PREFIX_PATH=${CMAKE_PREFIX_PATH}:/opt/ros/jazzy DEBUGINFOD_URLS=https://debuginfod.ubuntu.com /usr/bin/cmake /home/lucas/sagan_ws/src/mobile_robot -DCMAKE_INSTALL_PREFIX=/home/lucas/sagan_ws/install/mobile_robot
[0.679s] Invoking command in '/home/lucas/sagan_ws/build/mobile_robot': CMAKE_PREFIX_PATH=${CMAKE_PREFIX_PATH}:/opt/ros/jazzy DEBUGINFOD_URLS=https://debuginfod.ubuntu.com /usr/bin/cmake --build /home/lucas/sagan_ws/build/mobile_robot -- -j20 -l20
[0.712s] Invoked command in '/home/lucas/sagan_ws/build/mobile_robot' returned '0': CMAKE_PREFIX_PATH=${CMAKE_PREFIX_PATH}:/opt/ros/jazzy DEBUGINFOD_URLS=https://debuginfod.ubuntu.com /usr/bin/cmake --build /home/lucas/sagan_ws/build/mobile_robot -- -j20 -l20
[0.748s] Invoking command in '/home/lucas/sagan_ws/build/mobile_robot': CMAKE_PREFIX_PATH=${CMAKE_PREFIX_PATH}:/opt/ros/jazzy DEBUGINFOD_URLS=https://debuginfod.ubuntu.com /usr/bin/cmake --install /home/lucas/sagan_ws/build/mobile_robot
[0.759s] -- Install configuration: ""
[0.760s] -- Up-to-date: /home/lucas/sagan_ws/install/mobile_robot/share/mobile_robot/launch
[0.760s] -- Installing: /home/lucas/sagan_ws/install/mobile_robot/share/mobile_robot/launch/gazebo_model.launch.py
[0.760s] -- Up-to-date: /home/lucas/sagan_ws/install/mobile_robot/share/mobile_robot/model
[0.760s] -- Installing: /home/lucas/sagan_ws/install/mobile_robot/share/mobile_robot/model/meshes
[0.760s] -- Installing: /home/lucas/sagan_ws/install/mobile_robot/share/mobile_robot/model/meshes/LR_stering_arm.STL
[0.761s] -- Installing: /home/lucas/sagan_ws/install/mobile_robot/share/mobile_robot/model/meshes/RF_stering_arm.STL
[0.762s] -- Installing: /home/lucas/sagan_ws/install/mobile_robot/share/mobile_robot/model/meshes/RF_wheel.STL
[0.762s] -- Installing: /home/lucas/sagan_ws/install/mobile_robot/share/mobile_robot/model/meshes/base_link.STL
[0.764s] -- Installing: /home/lucas/sagan_ws/install/mobile_robot/share/mobile_robot/model/meshes/LR_wheel.STL
[0.765s] -- Installing: /home/lucas/sagan_ws/install/mobile_robot/share/mobile_robot/model/meshes/Left_arm.STL
[0.766s] -- Installing: /home/lucas/sagan_ws/install/mobile_robot/share/mobile_robot/model/meshes/LF_stering_arm.STL
[0.766s] -- Installing: /home/lucas/sagan_ws/install/mobile_robot/share/mobile_robot/model/meshes/RR_wheel.STL
[0.766s] -- Installing: /home/lucas/sagan_ws/install/mobile_robot/share/mobile_robot/model/meshes/LF_wheel.STL
[0.767s] -- Installing: /home/lucas/sagan_ws/install/mobile_robot/share/mobile_robot/model/meshes/Right_arm.STL
[0.767s] -- Installing: /home/lucas/sagan_ws/install/mobile_robot/share/mobile_robot/model/meshes/RR_stering_arm.STL
[0.768s] -- Up-to-date: /home/lucas/sagan_ws/install/mobile_robot/share/mobile_robot/model/robot.gazebo
[0.768s] -- Up-to-date: /home/lucas/sagan_ws/install/mobile_robot/share/mobile_robot/model/robot.xacro
[0.768s] -- Installing: /home/lucas/sagan_ws/install/mobile_robot/share/mobile_robot/model/Sagan.urdf
[0.768s] -- Up-to-date: /home/lucas/sagan_ws/install/mobile_robot/share/mobile_robot/parameters
[0.768s] -- Up-to-date: /home/lucas/sagan_ws/install/mobile_robot/share/mobile_robot/parameters/bridge_parameters.yaml
[0.768s] -- Installing: /home/lucas/sagan_ws/install/mobile_robot/share/ament_index/resource_index/package_run_dependencies/mobile_robot
[0.768s] -- Installing: /home/lucas/sagan_ws/install/mobile_robot/share/ament_index/resource_index/parent_prefix_path/mobile_robot
[0.768s] -- Up-to-date: /home/lucas/sagan_ws/install/mobile_robot/share/mobile_robot/environment/ament_prefix_path.sh
[0.768s] -- Installing: /home/lucas/sagan_ws/install/mobile_robot/share/mobile_robot/environment/ament_prefix_path.dsv
[0.768s] -- Up-to-date: /home/lucas/sagan_ws/install/mobile_robot/share/mobile_robot/environment/path.sh
[0.768s] -- Installing: /home/lucas/sagan_ws/install/mobile_robot/share/mobile_robot/environment/path.dsv
[0.768s] -- Installing: /home/lucas/sagan_ws/install/mobile_robot/share/mobile_robot/local_setup.bash
[0.768s] -- Installing: /home/lucas/sagan_ws/install/mobile_robot/share/mobile_robot/local_setup.sh
[0.768s] -- Installing: /home/lucas/sagan_ws/install/mobile_robot/share/mobile_robot/local_setup.zsh
[0.768s] -- Installing: /home/lucas/sagan_ws/install/mobile_robot/share/mobile_robot/local_setup.dsv
[0.768s] -- Installing: /home/lucas/sagan_ws/install/mobile_robot/share/mobile_robot/package.dsv
[0.768s] -- Installing: /home/lucas/sagan_ws/install/mobile_robot/share/ament_index/resource_index/packages/mobile_robot
[0.768s] -- Installing: /home/lucas/sagan_ws/install/mobile_robot/share/mobile_robot/cmake/mobile_robotConfig.cmake
[0.768s] -- Installing: /home/lucas/sagan_ws/install/mobile_robot/share/mobile_robot/cmake/mobile_robotConfig-version.cmake
[0.768s] -- Up-to-date: /home/lucas/sagan_ws/install/mobile_robot/share/mobile_robot/package.xml
[0.769s] Invoked command in '/home/lucas/sagan_ws/build/mobile_robot' returned '0': CMAKE_PREFIX_PATH=${CMAKE_PREFIX_PATH}:/opt/ros/jazzy DEBUGINFOD_URLS=https://debuginfod.ubuntu.com /usr/bin/cmake --install /home/lucas/sagan_ws/build/mobile_robot
