[0.006s] Invoking command in '/home/lucas/sagan_ws/build/mobile_robot': CMAKE_PREFIX_PATH=${CMAKE_PREFIX_PATH}:/opt/ros/jazzy DEBUGINFOD_URLS=https://debuginfod.ubuntu.com /usr/bin/cmake --build /home/lucas/sagan_ws/build/mobile_robot -- -j20 -l20
[0.021s] -- Found ament_cmake: 2.5.2 (/opt/ros/jazzy/share/ament_cmake/cmake)
[0.164s] -- Looking for gz-plugin3 -- found version 3.0.0
[0.164s] -- Searching for dependencies of gz-plugin3
[0.165s] -- Looking for gz-utils3 -- found version 3.0.0
[0.165s] -- Searching for dependencies of gz-utils3
[0.165s] -- Searching for <gz-utils3> component [cli]
[0.165s] -- Looking for gz-utils3-cli -- found version 3.0.0
[0.165s] -- Searching for dependencies of gz-utils3-cli
[0.166s] -- Searching for <gz-plugin3> component [register]
[0.166s] -- Looking for gz-plugin3-register -- found version 3.0.0
[0.166s] -- Searching for dependencies of gz-plugin3-register
[0.167s] -- Looking for gz-sim9 -- found version 9.0.0
[0.167s] -- Searching for dependencies of gz-sim9
[0.167s] -- Looking for sdformat15 -- found version 15.0.0
[0.167s] -- Searching for dependencies of sdformat15
[0.171s] -- Checking for module 'tinyxml2'
[0.180s] --   Found tinyxml2, version 10.0.0
[0.199s] -- Looking for gz-math8 -- found version 8.0.0
[0.199s] -- Searching for dependencies of gz-math8
[0.199s] -- Looking for gz-utils3 -- found version 3.0.0
[0.200s] -- Looking for gz-utils3 -- found version 3.0.0
[0.200s] -- Looking for gz-plugin3 -- found version 3.0.0
[0.200s] -- Searching for dependencies of gz-plugin3
[0.201s] -- Looking for gz-utils3 -- found version 3.0.0
[0.201s] -- Searching for <gz-plugin3> component [loader]
[0.201s] -- Looking for gz-plugin3-loader -- found version 3.0.0
[0.201s] -- Searching for dependencies of gz-plugin3-loader
[0.202s] -- Searching for <gz-plugin3> component [register]
[0.202s] -- Looking for gz-transport14 -- found version 14.0.0
[0.202s] -- Searching for dependencies of gz-transport14
[0.222s] -- Config-file not installed for ZeroMQ -- checking for pkg-config
[0.226s] -- Checking for module 'libzmq >= 4'
[0.243s] --   Found libzmq, version 4.3.5
[0.270s] -- Checking for module 'uuid'
[0.280s] --   Found uuid, version 2.39.3
[0.302s] -- Looking for gz-utils3 -- found version 3.0.0
[0.302s] -- Looking for gz-msgs11 -- found version 11.0.1
[0.302s] -- Searching for dependencies of gz-msgs11
[0.319s] -- Looking for gz-utils3 -- found version 3.0.0
[0.319s] -- Looking for gz-math8 -- found version 8.0.0
[0.415s] -- Searching for <gz-transport14> component [log]
[0.415s] -- Looking for gz-transport14-log -- found version 14.0.0
[0.416s] -- Searching for dependencies of gz-transport14-log
[0.416s] -- Searching for <gz-transport14> component [parameters]
[0.416s] -- Looking for gz-transport14-parameters -- found version 14.0.0
[0.416s] -- Searching for dependencies of gz-transport14-parameters
[0.417s] -- Looking for gz-msgs11 -- found version 11.0.1
[0.417s] -- Looking for gz-common6 -- found version 6.0.0
[0.417s] -- Searching for dependencies of gz-common6
[0.417s] -- Looking for gz-utils3 -- found version 3.0.0
[0.417s] -- Searching for dependencies of gz-utils3
[0.417s] -- Searching for <gz-utils3> component [log]
[0.418s] -- Looking for gz-utils3-log -- found version 3.0.0
[0.418s] -- Searching for dependencies of gz-utils3-log
[0.424s] -- Searching for <gz-common6> component [av]
[0.424s] -- Looking for gz-common6-av -- found version 6.0.0
[0.424s] -- Searching for dependencies of gz-common6-av
[0.428s] -- Checking for module 'libswscale'
[0.445s] --   Found libswscale, version 7.5.100
[0.513s] -- Checking for module 'libavdevice >= 56.4.100'
[0.528s] --   Found libavdevice, version 60.3.100
[0.569s] -- Checking for module 'libavformat'
[0.579s] --   Found libavformat, version 60.16.100
[0.606s] -- Checking for module 'libavcodec'
[0.615s] --   Found libavcodec, version 60.31.102
[0.645s] -- Checking for module 'libavutil'
[0.657s] --   Found libavutil, version 58.29.100
[0.687s] -- Searching for <gz-common6> component [events]
[0.688s] -- Looking for gz-common6-events -- found version 6.0.0
[0.688s] -- Searching for dependencies of gz-common6-events
[0.688s] -- Looking for gz-math8 -- found version 8.0.0
[0.689s] -- Searching for <gz-common6> component [graphics]
[0.690s] -- Looking for gz-common6-graphics -- found version 6.0.0
[0.690s] -- Searching for dependencies of gz-common6-graphics
[0.691s] -- Looking for gz-math8 -- found version 8.0.0
[0.692s] -- Searching for <gz-common6> component [io]
[0.693s] -- Looking for gz-common6-io -- found version 6.0.0
[0.693s] -- Searching for dependencies of gz-common6-io
[0.693s] -- Searching for <gz-common6> component [profiler]
[0.693s] -- Looking for gz-common6-profiler -- found version 6.0.0
[0.693s] -- Searching for dependencies of gz-common6-profiler
[0.694s] -- Looking for gz-fuel_tools10 -- found version 10.0.0
[0.694s] -- Searching for dependencies of gz-fuel_tools10
[0.738s] -- Checking for module 'jsoncpp'
[0.759s] --   Found jsoncpp, version 1.9.5
[0.831s] -- Checking for module 'yaml-0.1'
[0.853s] --   Found yaml-0.1, version 0.2.5
[0.922s] -- Checking for module 'libzip'
[0.959s] --   Found libzip, version 1.7.3
[1.031s] -- Looking for gz-utils3 -- found version 3.0.0
[1.032s] -- Looking for gz-common6 -- found version 6.0.0
[1.033s] -- Searching for dependencies of gz-common6
[1.033s] -- Looking for gz-utils3 -- found version 3.0.0
[1.049s] -- Searching for <gz-common6> component [testing]
[1.050s] -- Looking for gz-common6-testing -- found version 6.0.0
[1.050s] -- Searching for dependencies of gz-common6-testing
[1.053s] -- Looking for gz-math8 -- found version 8.0.0
[1.054s] -- Looking for gz-msgs11 -- found version 11.0.1
[1.056s] -- Looking for gz-gui9 -- found version 9.0.0
[1.056s] -- Searching for dependencies of gz-gui9
[1.074s] -- Looking for gz-utils3 -- found version 3.0.0
[1.075s] -- Looking for gz-math8 -- found version 8.0.0
[1.075s] -- Looking for gz-common6 -- found version 6.0.0
[1.075s] -- Looking for gz-plugin3 -- found version 3.0.0
[1.075s] -- Looking for gz-transport14 -- found version 14.0.0
[1.075s] -- Looking for gz-rendering9 -- found version 9.0.0
[1.075s] -- Searching for dependencies of gz-rendering9
[1.076s] -- Looking for gz-math8 -- found version 8.0.0
[1.076s] -- Searching for dependencies of gz-math8
[1.076s] -- Looking for gz-utils3 -- found version 3.0.0
[1.076s] -- Searching for <gz-math8> component [eigen3]
[1.076s] -- Looking for gz-math8-eigen3 -- found version 8.0.0
[1.076s] -- Searching for dependencies of gz-math8-eigen3
[1.077s] -- Looking for gz-common6 -- found version 6.0.0
[1.077s] -- Searching for dependencies of gz-common6
[1.078s] -- Looking for gz-utils3 -- found version 3.0.0
[1.083s] -- Searching for <gz-common6> component [graphics]
[1.083s] -- Searching for <gz-common6> component [events]
[1.083s] -- Searching for <gz-common6> component [geospatial]
[1.083s] -- Looking for gz-common6-geospatial -- found version 6.0.0
[1.083s] -- Searching for dependencies of gz-common6-geospatial
[1.083s] -- Looking for gz-math8 -- found version 8.0.0
[1.083s] -- Looking for gz-common6 -- found version 6.0.0
[1.084s] -- Looking for gz-plugin3 -- found version 3.0.0
[1.084s] -- Searching for dependencies of gz-plugin3
[1.084s] -- Looking for gz-utils3 -- found version 3.0.0
[1.084s] -- Searching for <gz-plugin3> component [all]
[1.085s] -- Looking for all libraries of gz-plugin3 -- found version 3.0.0
[1.085s] -- Looking for gz-plugin3 -- found version 3.0.0
[1.085s] -- Looking for gz-utils3 -- found version 3.0.0
[1.088s] -- Looking for gz-msgs11 -- found version 11.0.1
[1.101s] -- Looking for gz-physics8 -- found version 8.0.0
[1.101s] -- Searching for dependencies of gz-physics8
[1.101s] -- Looking for gz-common6 -- found version 6.0.0
[1.101s] -- Looking for gz-math8 -- found version 8.0.0
[1.101s] -- Looking for gz-plugin3 -- found version 3.0.0
[1.102s] -- Looking for gz-utils3 -- found version 3.0.0
[1.102s] -- Searching for <gz-physics8> component [heightmap]
[1.103s] -- Looking for gz-physics8-heightmap -- found version 8.0.0
[1.103s] -- Searching for dependencies of gz-physics8-heightmap
[1.103s] -- Looking for gz-common6 -- found version 6.0.0
[1.103s] -- Searching for <gz-physics8> component [mesh]
[1.103s] -- Looking for gz-physics8-mesh -- found version 8.0.0
[1.104s] -- Searching for dependencies of gz-physics8-mesh
[1.104s] -- Looking for gz-common6 -- found version 6.0.0
[1.104s] -- Searching for <gz-physics8> component [sdf]
[1.104s] -- Looking for gz-physics8-sdf -- found version 8.0.0
[1.104s] -- Searching for dependencies of gz-physics8-sdf
[1.105s] -- Looking for sdformat15 -- found version 15.0.0
[1.105s] -- Looking for gz-sensors9 -- found version 9.0.0
[1.105s] -- Searching for dependencies of gz-sensors9
[1.118s] -- Looking for gz-math8 -- found version 8.0.0
[1.118s] -- Looking for gz-common6 -- found version 6.0.0
[1.119s] -- Looking for gz-transport14 -- found version 14.0.0
[1.119s] -- Looking for gz-rendering9 -- found version 9.0.0
[1.119s] -- Looking for gz-msgs11 -- found version 11.0.1
[1.120s] -- Looking for sdformat15 -- found version 15.0.0
[1.120s] -- Searching for <gz-sensors9> component [air_pressure]
[1.121s] -- Looking for gz-sensors9-air_pressure -- found version 9.0.0
[1.121s] -- Searching for dependencies of gz-sensors9-air_pressure
[1.121s] -- Searching for <gz-sensors9> component [air_speed]
[1.122s] -- Looking for gz-sensors9-air_speed -- found version 9.0.0
[1.122s] -- Searching for dependencies of gz-sensors9-air_speed
[1.122s] -- Searching for <gz-sensors9> component [altimeter]
[1.123s] -- Looking for gz-sensors9-altimeter -- found version 9.0.0
[1.123s] -- Searching for dependencies of gz-sensors9-altimeter
[1.123s] -- Searching for <gz-sensors9> component [imu]
[1.123s] -- Looking for gz-sensors9-imu -- found version 9.0.0
[1.123s] -- Searching for dependencies of gz-sensors9-imu
[1.124s] -- Searching for <gz-sensors9> component [force_torque]
[1.124s] -- Looking for gz-sensors9-force_torque -- found version 9.0.0
[1.124s] -- Searching for dependencies of gz-sensors9-force_torque
[1.124s] -- Searching for <gz-sensors9> component [logical_camera]
[1.125s] -- Looking for gz-sensors9-logical_camera -- found version 9.0.0
[1.125s] -- Searching for dependencies of gz-sensors9-logical_camera
[1.125s] -- Searching for <gz-sensors9> component [magnetometer]
[1.125s] -- Looking for gz-sensors9-magnetometer -- found version 9.0.0
[1.125s] -- Searching for dependencies of gz-sensors9-magnetometer
[1.126s] -- Searching for <gz-sensors9> component [navsat]
[1.126s] -- Looking for gz-sensors9-navsat -- found version 9.0.0
[1.126s] -- Searching for dependencies of gz-sensors9-navsat
[1.126s] -- Searching for <gz-sensors9> component [dvl]
[1.126s] -- Looking for gz-sensors9-dvl -- found version 9.0.0
[1.126s] -- Searching for dependencies of gz-sensors9-dvl
[1.127s] -- Looking for gz-sensors9 -- found version 9.0.0
[1.127s] -- Searching for dependencies of gz-sensors9
[1.139s] -- Looking for gz-math8 -- found version 8.0.0
[1.139s] -- Looking for gz-common6 -- found version 6.0.0
[1.139s] -- Looking for gz-transport14 -- found version 14.0.0
[1.140s] -- Looking for gz-rendering9 -- found version 9.0.0
[1.140s] -- Looking for gz-msgs11 -- found version 11.0.1
[1.140s] -- Looking for sdformat15 -- found version 15.0.0
[1.140s] -- Searching for <gz-sensors9> component [rendering]
[1.140s] -- Looking for gz-sensors9-rendering -- found version 9.0.0
[1.140s] -- Searching for dependencies of gz-sensors9-rendering
[1.141s] -- Searching for <gz-sensors9> component [rendering]
[1.141s] -- Searching for <gz-sensors9> component [lidar]
[1.141s] -- Looking for gz-sensors9-lidar -- found version 9.0.0
[1.142s] -- Searching for dependencies of gz-sensors9-lidar
[1.142s] -- Looking for gz-sensors9 -- found version 9.0.0
[1.142s] -- Searching for <gz-sensors9> component [gpu_lidar]
[1.142s] -- Looking for gz-sensors9-gpu_lidar -- found version 9.0.0
[1.142s] -- Searching for dependencies of gz-sensors9-gpu_lidar
[1.143s] -- Looking for gz-sensors9 -- found version 9.0.0
[1.143s] -- Searching for <gz-sensors9> component [camera]
[1.143s] -- Looking for gz-sensors9-camera -- found version 9.0.0
[1.143s] -- Searching for dependencies of gz-sensors9-camera
[1.143s] -- Looking for gz-sensors9 -- found version 9.0.0
[1.144s] -- Searching for <gz-sensors9> component [boundingbox_camera]
[1.144s] -- Looking for gz-sensors9-boundingbox_camera -- found version 9.0.0
[1.144s] -- Searching for dependencies of gz-sensors9-boundingbox_camera
[1.144s] -- Searching for <gz-sensors9> component [segmentation_camera]
[1.145s] -- Looking for gz-sensors9-segmentation_camera -- found version 9.0.0
[1.145s] -- Searching for dependencies of gz-sensors9-segmentation_camera
[1.145s] -- Searching for <gz-sensors9> component [depth_camera]
[1.145s] -- Looking for gz-sensors9-depth_camera -- found version 9.0.0
[1.145s] -- Searching for dependencies of gz-sensors9-depth_camera
[1.146s] -- Looking for gz-sensors9 -- found version 9.0.0
[1.146s] -- Searching for <gz-sensors9> component [rgbd_camera]
[1.146s] -- Looking for gz-sensors9-rgbd_camera -- found version 9.0.0
[1.146s] -- Searching for dependencies of gz-sensors9-rgbd_camera
[1.147s] -- Looking for gz-sensors9 -- found version 9.0.0
[1.147s] -- Searching for <gz-sensors9> component [thermal_camera]
[1.147s] -- Looking for gz-sensors9-thermal_camera -- found version 9.0.0
[1.147s] -- Searching for dependencies of gz-sensors9-thermal_camera
[1.147s] -- Looking for gz-sensors9 -- found version 9.0.0
[1.148s] -- Searching for <gz-sensors9> component [wide_angle_camera]
[1.148s] -- Looking for gz-sensors9-wide_angle_camera -- found version 9.0.0
[1.148s] -- Searching for dependencies of gz-sensors9-wide_angle_camera
[1.149s] -- Looking for gz-rendering9 -- found version 9.0.0
[1.149s] -- Looking for gz-math8 -- found version 8.0.0
[1.149s] -- Looking for gz-utils3 -- found version 3.0.0
[1.161s] -- Found ament_lint_auto: 0.17.1 (/opt/ros/jazzy/share/ament_lint_auto/cmake)
[1.215s] [31mCMake Error at /opt/ros/jazzy/share/ament_cmake_core/cmake/core/ament_package_xml.cmake:53 (message):
[1.215s]   ament_package_xml() package name 'mobile_robot' in '/package.xml' does not
[1.216s]   match current PROJECT_NAME 'SampleSystem'.  You must call project() with
[1.216s]   the same package name before.
[1.216s] Call Stack (most recent call first):
[1.216s]   /opt/ros/jazzy/share/ament_lint_auto/cmake/ament_lint_auto_find_test_dependencies.cmake:31 (ament_package_xml)
[1.216s]   CMakeLists.txt:44 (ament_lint_auto_find_test_dependencies)
[1.216s] 
[1.216s] [0m
[1.216s] -- Configuring incomplete, errors occurred!
[1.220s] gmake: *** [Makefile:226: cmake_check_build_system] Error 1
[1.221s] Invoked command in '/home/lucas/sagan_ws/build/mobile_robot' returned '2': CMAKE_PREFIX_PATH=${CMAKE_PREFIX_PATH}:/opt/ros/jazzy DEBUGINFOD_URLS=https://debuginfod.ubuntu.com /usr/bin/cmake --build /home/lucas/sagan_ws/build/mobile_robot -- -j20 -l20
