[0.005s] Invoking command in '/home/lucas/sagan_ws/build/mobile_robot': CMAKE_PREFIX_PATH=${CMAKE_PREFIX_PATH}:/opt/ros/jazzy DEBUGINFOD_URLS=https://debuginfod.ubuntu.com /usr/bin/cmake /home/lucas/sagan_ws/src/mobile_robot -DCMAKE_INSTALL_PREFIX=/home/lucas/sagan_ws/install/mobile_robot
[0.048s] -- The C compiler identification is GNU 13.2.0
[0.120s] -- The CXX compiler identification is GNU 13.2.0
[0.153s] -- Detecting C compiler ABI info
[0.323s] -- Detecting C compiler ABI info - done
[0.335s] -- Check for working C compiler: /usr/bin/cc - skipped
[0.335s] -- Detecting C compile features
[0.335s] -- Detecting C compile features - done
[0.343s] -- Detecting CXX compiler ABI info
[0.492s] -- Detecting CXX compiler ABI info - done
[0.498s] -- Check for working CXX compiler: /usr/bin/c++ - skipped
[0.498s] -- Detecting CXX compile features
[0.498s] -- Detecting CXX compile features - done
[0.500s] -- Found ament_cmake: 2.5.2 (/opt/ros/jazzy/share/ament_cmake/cmake)
[0.635s] -- Found Python3: /usr/bin/python3 (found version "3.12.3") found components: Interpreter 
[0.716s] [31mCMake Error at CMakeLists.txt:19 (find_package):
[0.716s]   By not providing "Findgz-plugin3.cmake" in CMAKE_MODULE_PATH this project
[0.716s]   has asked CMake to find a package configuration file provided by
[0.716s]   "gz-plugin3", but CMake did not find one.
[0.716s] 
[0.716s]   Could not find a package configuration file provided by "gz-plugin3" with
[0.717s]   any of the following names:
[0.717s] 
[0.717s]     gz-plugin3Config.cmake
[0.717s]     gz-plugin3-config.cmake
[0.717s] 
[0.717s]   Add the installation prefix of "gz-plugin3" to CMAKE_PREFIX_PATH or set
[0.717s]   "gz-plugin3_DIR" to a directory containing one of the above files.  If
[0.717s]   "gz-plugin3" provides a separate development package or SDK, be sure it has
[0.717s]   been installed.
[0.717s] 
[0.717s] [0m
[0.717s] -- Configuring incomplete, errors occurred!
[0.719s] Invoked command in '/home/lucas/sagan_ws/build/mobile_robot' returned '1': CMAKE_PREFIX_PATH=${CMAKE_PREFIX_PATH}:/opt/ros/jazzy DEBUGINFOD_URLS=https://debuginfod.ubuntu.com /usr/bin/cmake /home/lucas/sagan_ws/src/mobile_robot -DCMAKE_INSTALL_PREFIX=/home/lucas/sagan_ws/install/mobile_robot
