[0.007s] Invoking command in '/home/lucas/sagan_ws/build/mobile_robot': CMAKE_PREFIX_PATH=${CMAKE_PREFIX_PATH}:/opt/ros/jazzy DEBUGINFOD_URLS=https://debuginfod.ubuntu.com /usr/bin/cmake --build /home/lucas/sagan_ws/build/mobile_robot -- -j20 -l20
[0.025s] -- Found ament_cmake: 2.5.2 (/opt/ros/jazzy/share/ament_cmake/cmake)
[0.193s] -- Looking for gz-plugin3 -- found version 3.0.0
[0.193s] -- Searching for dependencies of gz-plugin3
[0.194s] -- Looking for gz-utils3 -- found version 3.0.0
[0.194s] -- Searching for dependencies of gz-utils3
[0.194s] -- Searching for <gz-utils3> component [cli]
[0.194s] -- Looking for gz-utils3-cli -- found version 3.0.0
[0.194s] -- Searching for dependencies of gz-utils3-cli
[0.195s] -- Searching for <gz-plugin3> component [register]
[0.195s] -- Looking for gz-plugin3-register -- found version 3.0.0
[0.195s] -- Searching for dependencies of gz-plugin3-register
[0.202s] -- Configuring incomplete, errors occurred!
[0.202s] [31mCMake Error at CMakeLists.txt:26 (find_package):
[0.202s]   By not providing "Findgz-sim9.cmake" in CMAKE_MODULE_PATH this project has
[0.202s]   asked CMake to find a package configuration file provided by "gz-sim9", but
[0.202s]   CMake did not find one.
[0.202s] 
[0.202s]   Could not find a package configuration file provided by "gz-sim9" with any
[0.202s]   of the following names:
[0.202s] 
[0.202s]     gz-sim9Config.cmake
[0.202s]     gz-sim9-config.cmake
[0.202s] 
[0.203s]   Add the installation prefix of "gz-sim9" to CMAKE_PREFIX_PATH or set
[0.203s]   "gz-sim9_DIR" to a directory containing one of the above files.  If
[0.203s]   "gz-sim9" provides a separate development package or SDK, be sure it has
[0.203s]   been installed.
[0.203s] 
[0.203s] [0m
[0.203s] gmake: *** [Makefile:226: cmake_check_build_system] Error 1
[0.205s] Invoked command in '/home/lucas/sagan_ws/build/mobile_robot' returned '2': CMAKE_PREFIX_PATH=${CMAKE_PREFIX_PATH}:/opt/ros/jazzy DEBUGINFOD_URLS=https://debuginfod.ubuntu.com /usr/bin/cmake --build /home/lucas/sagan_ws/build/mobile_robot -- -j20 -l20
