[0.007s] Invoking command in '/home/lucas/sagan_ws/build/mobile_robot': CMAKE_PREFIX_PATH=${CMAKE_PREFIX_PATH}:/opt/ros/jazzy DEBUGINFOD_URLS=https://debuginfod.ubuntu.com /usr/bin/cmake --build /home/lucas/sagan_ws/build/mobile_robot -- -j20 -l20
[0.024s] -- Found ament_cmake: 2.5.2 (/opt/ros/jazzy/share/ament_cmake/cmake)
[0.194s] -- Looking for gz-plugin3 -- found version 3.0.0
[0.194s] -- Searching for dependencies of gz-plugin3
[0.194s] -- Looking for gz-utils3 -- found version 3.0.0
[0.195s] -- Searching for dependencies of gz-utils3
[0.195s] -- Searching for <gz-utils3> component [cli]
[0.195s] -- Looking for gz-utils3-cli -- found version 3.0.0
[0.195s] -- Searching for dependencies of gz-utils3-cli
[0.196s] -- Searching for <gz-plugin3> component [register]
[0.196s] -- Looking for gz-plugin3-register -- found version 3.0.0
[0.196s] -- Searching for dependencies of gz-plugin3-register
[0.198s] -- Looking for gz-sim9 -- found version 9.0.0
[0.198s] -- Searching for dependencies of gz-sim9
[0.200s] -- Looking for sdformat15 -- found version 15.0.0
[0.200s] -- Searching for dependencies of sdformat15
[0.205s] -- Checking for module 'tinyxml2'
[0.217s] --   Found tinyxml2, version 10.0.0
[0.280s] -- Looking for gz-math8 -- found version 8.0.0
[0.280s] -- Searching for dependencies of gz-math8
[0.280s] -- Looking for gz-utils3 -- found version 3.0.0
[0.281s] -- Looking for gz-utils3 -- found version 3.0.0
[0.281s] -- Looking for gz-plugin3 -- found version 3.0.0
[0.281s] -- Searching for dependencies of gz-plugin3
[0.281s] -- Looking for gz-utils3 -- found version 3.0.0
[0.281s] -- Searching for <gz-plugin3> component [loader]
[0.283s] -- Looking for gz-plugin3-loader -- found version 3.0.0
[0.283s] -- Searching for dependencies of gz-plugin3-loader
[0.284s] -- Searching for <gz-plugin3> component [register]
[0.285s] -- Looking for gz-transport14 -- found version 14.0.0
[0.285s] -- Searching for dependencies of gz-transport14
[0.445s] -- Found Protobuf: /usr/lib/x86_64-linux-gnu/libprotobuf.so (found version "3.21.12") 
[0.457s] -- Config-file not installed for ZeroMQ -- checking for pkg-config
[0.461s] -- Checking for module 'libzmq >= 4'
[0.471s] --   Found libzmq, version 4.3.5
[0.539s] -- Found ZeroMQ: TRUE (Required is at least version "4") 
[0.542s] -- Checking for module 'uuid'
[0.559s] --   Found uuid, version 2.39.3
[0.642s] -- Found UUID: TRUE  
[0.643s] -- Looking for gz-utils3 -- found version 3.0.0
[0.649s] -- Looking for gz-msgs11 -- found version 11.0.1
[0.649s] -- Searching for dependencies of gz-msgs11
[0.662s] -- Looking for gz-utils3 -- found version 3.0.0
[0.663s] -- Looking for gz-math8 -- found version 8.0.0
[0.781s] -- Searching for <gz-transport14> component [log]
[0.783s] -- Looking for gz-transport14-log -- found version 14.0.0
[0.783s] -- Searching for dependencies of gz-transport14-log
[0.783s] -- Searching for <gz-transport14> component [parameters]
[0.785s] -- Looking for gz-transport14-parameters -- found version 14.0.0
[0.785s] -- Searching for dependencies of gz-transport14-parameters
[0.786s] -- Looking for gz-msgs11 -- found version 11.0.1
[0.788s] -- Looking for gz-common6 -- found version 6.0.0
[0.788s] -- Searching for dependencies of gz-common6
[0.788s] -- Looking for gz-utils3 -- found version 3.0.0
[0.788s] -- Searching for dependencies of gz-utils3
[0.788s] -- Searching for <gz-utils3> component [log]
[0.791s] -- Looking for gz-utils3-log -- found version 3.0.0
[0.791s] -- Searching for dependencies of gz-utils3-log
[0.797s] -- Found Threads: TRUE  
[0.805s] -- Searching for <gz-common6> component [av]
[0.807s] -- Looking for gz-common6-av -- found version 6.0.0
[0.807s] -- Searching for dependencies of gz-common6-av
[0.811s] -- Checking for module 'libswscale'
[0.833s] --   Found libswscale, version 7.5.100
[0.926s] -- Found SWSCALE: TRUE  
[0.941s] -- Checking for module 'libavdevice >= 56.4.100'
[0.970s] --   Found libavdevice, version 60.3.100
[1.062s] -- Found AVDEVICE: TRUE (Required is at least version "56.4.100") 
[1.069s] -- Checking for module 'libavformat'
[1.080s] --   Found libavformat, version 60.16.100
[1.110s] -- Found AVFORMAT: TRUE  
[1.116s] -- Checking for module 'libavcodec'
[1.153s] --   Found libavcodec, version 60.31.102
[1.251s] -- Found AVCODEC: TRUE  
[1.265s] -- Checking for module 'libavutil'
[1.299s] --   Found libavutil, version 58.29.100
[1.388s] -- Found AVUTIL: TRUE  
[1.390s] -- Searching for <gz-common6> component [events]
[1.397s] -- Looking for gz-common6-events -- found version 6.0.0
[1.397s] -- Searching for dependencies of gz-common6-events
[1.398s] -- Looking for gz-math8 -- found version 8.0.0
[1.398s] -- Searching for <gz-common6> component [graphics]
[1.401s] -- Looking for gz-common6-graphics -- found version 6.0.0
[1.401s] -- Searching for dependencies of gz-common6-graphics
[1.401s] -- Looking for gz-math8 -- found version 8.0.0
[1.410s] -- Found GzAssimp: TRUE (found version "5.3.0") 
[1.411s] -- Searching for <gz-common6> component [io]
[1.417s] -- Looking for gz-common6-io -- found version 6.0.0
[1.418s] -- Searching for dependencies of gz-common6-io
[1.418s] -- Searching for <gz-common6> component [profiler]
[1.422s] -- Looking for gz-common6-profiler -- found version 6.0.0
[1.422s] -- Searching for dependencies of gz-common6-profiler
[1.424s] -- Looking for gz-fuel_tools10 -- found version 10.0.0
[1.424s] -- Searching for dependencies of gz-fuel_tools10
[1.564s] -- Found CURL: /usr/lib/x86_64-linux-gnu/libcurl.so (found version "8.5.0")  
[1.584s] -- Checking for module 'jsoncpp'
[1.620s] --   Found jsoncpp, version 1.9.5
[1.710s] -- Found JSONCPP: TRUE  
[1.737s] -- Checking for module 'yaml-0.1'
[1.773s] --   Found yaml-0.1, version 0.2.5
[1.865s] -- Found YAML: TRUE  
[1.880s] -- Checking for module 'libzip'
[1.918s] --   Found libzip, version 1.7.3
[2.009s] -- Found ZIP: TRUE  
[2.010s] -- Looking for gz-utils3 -- found version 3.0.0
[2.011s] -- Looking for gz-common6 -- found version 6.0.0
[2.012s] -- Searching for dependencies of gz-common6
[2.013s] -- Looking for gz-utils3 -- found version 3.0.0
[2.030s] -- Searching for <gz-common6> component [testing]
[2.034s] -- Looking for gz-common6-testing -- found version 6.0.0
[2.035s] -- Searching for dependencies of gz-common6-testing
[2.036s] -- Looking for gz-math8 -- found version 8.0.0
[2.036s] -- Looking for gz-msgs11 -- found version 11.0.1
[2.039s] -- Looking for gz-gui9 -- found version 9.0.0
[2.039s] -- Searching for dependencies of gz-gui9
[2.054s] -- Looking for gz-utils3 -- found version 3.0.0
[2.054s] -- Looking for gz-math8 -- found version 8.0.0
[2.054s] -- Looking for gz-common6 -- found version 6.0.0
[2.055s] -- Looking for gz-plugin3 -- found version 3.0.0
[2.055s] -- Looking for gz-transport14 -- found version 14.0.0
[2.057s] -- Looking for gz-rendering9 -- found version 9.0.0
[2.057s] -- Searching for dependencies of gz-rendering9
[2.057s] -- Looking for gz-math8 -- found version 8.0.0
[2.057s] -- Searching for dependencies of gz-math8
[2.058s] -- Looking for gz-utils3 -- found version 3.0.0
[2.058s] -- Searching for <gz-math8> component [eigen3]
[2.060s] -- Looking for gz-math8-eigen3 -- found version 8.0.0
[2.060s] -- Searching for dependencies of gz-math8-eigen3
[2.074s] -- Looking for gz-common6 -- found version 6.0.0
[2.074s] -- Searching for dependencies of gz-common6
[2.074s] -- Looking for gz-utils3 -- found version 3.0.0
[2.086s] -- Searching for <gz-common6> component [graphics]
[2.086s] -- Searching for <gz-common6> component [events]
[2.086s] -- Searching for <gz-common6> component [geospatial]
[2.089s] -- Looking for gz-common6-geospatial -- found version 6.0.0
[2.089s] -- Searching for dependencies of gz-common6-geospatial
[2.089s] -- Looking for gz-math8 -- found version 8.0.0
[2.090s] -- Looking for gz-common6 -- found version 6.0.0
[2.091s] -- Looking for gz-plugin3 -- found version 3.0.0
[2.091s] -- Searching for dependencies of gz-plugin3
[2.091s] -- Looking for gz-utils3 -- found version 3.0.0
[2.092s] -- Searching for <gz-plugin3> component [all]
[2.094s] -- Looking for all libraries of gz-plugin3 -- found version 3.0.0
[2.094s] -- Looking for gz-plugin3 -- found version 3.0.0
[2.095s] -- Looking for gz-utils3 -- found version 3.0.0
[2.105s] -- Found OpenGL: /usr/lib/x86_64-linux-gnu/libOpenGL.so  found components: OpenGL 
[2.106s] -- Looking for gz-msgs11 -- found version 11.0.1
[2.125s] -- Looking for gz-physics8 -- found version 8.0.0
[2.125s] -- Searching for dependencies of gz-physics8
[2.125s] -- Looking for gz-common6 -- found version 6.0.0
[2.125s] -- Looking for gz-math8 -- found version 8.0.0
[2.126s] -- Looking for gz-plugin3 -- found version 3.0.0
[2.126s] -- Looking for gz-utils3 -- found version 3.0.0
[2.127s] -- Searching for <gz-physics8> component [heightmap]
[2.128s] -- Looking for gz-physics8-heightmap -- found version 8.0.0
[2.128s] -- Searching for dependencies of gz-physics8-heightmap
[2.129s] -- Looking for gz-common6 -- found version 6.0.0
[2.129s] -- Searching for <gz-physics8> component [mesh]
[2.131s] -- Looking for gz-physics8-mesh -- found version 8.0.0
[2.131s] -- Searching for dependencies of gz-physics8-mesh
[2.131s] -- Looking for gz-common6 -- found version 6.0.0
[2.131s] -- Searching for <gz-physics8> component [sdf]
[2.133s] -- Looking for gz-physics8-sdf -- found version 8.0.0
[2.133s] -- Searching for dependencies of gz-physics8-sdf
[2.133s] -- Looking for sdformat15 -- found version 15.0.0
[2.135s] -- Looking for gz-sensors9 -- found version 9.0.0
[2.135s] -- Searching for dependencies of gz-sensors9
[2.148s] -- Looking for gz-math8 -- found version 8.0.0
[2.149s] -- Looking for gz-common6 -- found version 6.0.0
[2.149s] -- Looking for gz-transport14 -- found version 14.0.0
[2.149s] -- Looking for gz-rendering9 -- found version 9.0.0
[2.149s] -- Looking for gz-msgs11 -- found version 11.0.1
[2.150s] -- Looking for sdformat15 -- found version 15.0.0
[2.150s] -- Searching for <gz-sensors9> component [air_pressure]
[2.153s] -- Looking for gz-sensors9-air_pressure -- found version 9.0.0
[2.153s] -- Searching for dependencies of gz-sensors9-air_pressure
[2.153s] -- Searching for <gz-sensors9> component [air_speed]
[2.155s] -- Looking for gz-sensors9-air_speed -- found version 9.0.0
[2.155s] -- Searching for dependencies of gz-sensors9-air_speed
[2.156s] -- Searching for <gz-sensors9> component [altimeter]
[2.157s] -- Looking for gz-sensors9-altimeter -- found version 9.0.0
[2.158s] -- Searching for dependencies of gz-sensors9-altimeter
[2.158s] -- Searching for <gz-sensors9> component [imu]
[2.160s] -- Looking for gz-sensors9-imu -- found version 9.0.0
[2.160s] -- Searching for dependencies of gz-sensors9-imu
[2.161s] -- Searching for <gz-sensors9> component [force_torque]
[2.163s] -- Looking for gz-sensors9-force_torque -- found version 9.0.0
[2.163s] -- Searching for dependencies of gz-sensors9-force_torque
[2.163s] -- Searching for <gz-sensors9> component [logical_camera]
[2.165s] -- Looking for gz-sensors9-logical_camera -- found version 9.0.0
[2.165s] -- Searching for dependencies of gz-sensors9-logical_camera
[2.165s] -- Searching for <gz-sensors9> component [magnetometer]
[2.167s] -- Looking for gz-sensors9-magnetometer -- found version 9.0.0
[2.167s] -- Searching for dependencies of gz-sensors9-magnetometer
[2.168s] -- Searching for <gz-sensors9> component [navsat]
[2.170s] -- Looking for gz-sensors9-navsat -- found version 9.0.0
[2.170s] -- Searching for dependencies of gz-sensors9-navsat
[2.170s] -- Searching for <gz-sensors9> component [dvl]
[2.172s] -- Looking for gz-sensors9-dvl -- found version 9.0.0
[2.172s] -- Searching for dependencies of gz-sensors9-dvl
[2.173s] -- Looking for gz-sensors9 -- found version 9.0.0
[2.173s] -- Searching for dependencies of gz-sensors9
[2.186s] -- Looking for gz-math8 -- found version 8.0.0
[2.186s] -- Looking for gz-common6 -- found version 6.0.0
[2.186s] -- Looking for gz-transport14 -- found version 14.0.0
[2.187s] -- Looking for gz-rendering9 -- found version 9.0.0
[2.187s] -- Looking for gz-msgs11 -- found version 11.0.1
[2.187s] -- Looking for sdformat15 -- found version 15.0.0
[2.187s] -- Searching for <gz-sensors9> component [rendering]
[2.189s] -- Looking for gz-sensors9-rendering -- found version 9.0.0
[2.189s] -- Searching for dependencies of gz-sensors9-rendering
[2.190s] -- Searching for <gz-sensors9> component [rendering]
[2.190s] -- Searching for <gz-sensors9> component [lidar]
[2.192s] -- Looking for gz-sensors9-lidar -- found version 9.0.0
[2.192s] -- Searching for dependencies of gz-sensors9-lidar
[2.192s] -- Looking for gz-sensors9 -- found version 9.0.0
[2.193s] -- Searching for <gz-sensors9> component [gpu_lidar]
[2.195s] -- Looking for gz-sensors9-gpu_lidar -- found version 9.0.0
[2.195s] -- Searching for dependencies of gz-sensors9-gpu_lidar
[2.195s] -- Looking for gz-sensors9 -- found version 9.0.0
[2.196s] -- Searching for <gz-sensors9> component [camera]
[2.198s] -- Looking for gz-sensors9-camera -- found version 9.0.0
[2.198s] -- Searching for dependencies of gz-sensors9-camera
[2.198s] -- Looking for gz-sensors9 -- found version 9.0.0
[2.198s] -- Searching for <gz-sensors9> component [boundingbox_camera]
[2.200s] -- Looking for gz-sensors9-boundingbox_camera -- found version 9.0.0
[2.200s] -- Searching for dependencies of gz-sensors9-boundingbox_camera
[2.200s] -- Searching for <gz-sensors9> component [segmentation_camera]
[2.202s] -- Looking for gz-sensors9-segmentation_camera -- found version 9.0.0
[2.202s] -- Searching for dependencies of gz-sensors9-segmentation_camera
[2.203s] -- Searching for <gz-sensors9> component [depth_camera]
[2.205s] -- Looking for gz-sensors9-depth_camera -- found version 9.0.0
[2.205s] -- Searching for dependencies of gz-sensors9-depth_camera
[2.205s] -- Looking for gz-sensors9 -- found version 9.0.0
[2.205s] -- Searching for <gz-sensors9> component [rgbd_camera]
[2.207s] -- Looking for gz-sensors9-rgbd_camera -- found version 9.0.0
[2.207s] -- Searching for dependencies of gz-sensors9-rgbd_camera
[2.207s] -- Looking for gz-sensors9 -- found version 9.0.0
[2.208s] -- Searching for <gz-sensors9> component [thermal_camera]
[2.210s] -- Looking for gz-sensors9-thermal_camera -- found version 9.0.0
[2.210s] -- Searching for dependencies of gz-sensors9-thermal_camera
[2.210s] -- Looking for gz-sensors9 -- found version 9.0.0
[2.210s] -- Searching for <gz-sensors9> component [wide_angle_camera]
[2.212s] -- Looking for gz-sensors9-wide_angle_camera -- found version 9.0.0
[2.212s] -- Searching for dependencies of gz-sensors9-wide_angle_camera
[2.213s] -- Looking for gz-rendering9 -- found version 9.0.0
[2.213s] -- Looking for gz-math8 -- found version 8.0.0
[2.213s] -- Looking for gz-utils3 -- found version 3.0.0
[2.225s] -- Found ament_lint_auto: 0.17.1 (/opt/ros/jazzy/share/ament_lint_auto/cmake)
[2.277s] [31mCMake Error at /opt/ros/jazzy/share/ament_cmake_core/cmake/core/ament_package_xml.cmake:53 (message):
[2.277s]   ament_package_xml() package name 'mobile_robot' in '/package.xml' does not
[2.277s]   match current PROJECT_NAME 'SampleSystem'.  You must call project() with
[2.277s]   the same package name before.
[2.277s] Call Stack (most recent call first):
[2.277s]   /opt/ros/jazzy/share/ament_lint_auto/cmake/ament_lint_auto_find_test_dependencies.cmake:31 (ament_package_xml)
[2.277s]   CMakeLists.txt:44 (ament_lint_auto_find_test_dependencies)
[2.277s] 
[2.277s] [0m
[2.277s] -- Configuring incomplete, errors occurred!
[2.283s] gmake: *** [Makefile:226: cmake_check_build_system] Error 1
[2.284s] Invoked command in '/home/lucas/sagan_ws/build/mobile_robot' returned '2': CMAKE_PREFIX_PATH=${CMAKE_PREFIX_PATH}:/opt/ros/jazzy DEBUGINFOD_URLS=https://debuginfod.ubuntu.com /usr/bin/cmake --build /home/lucas/sagan_ws/build/mobile_robot -- -j20 -l20
