[0.006s] Invoking command in '/home/lucas/sagan_ws/build/mobile_robot': CMAKE_PREFIX_PATH=${CMAKE_PREFIX_PATH}:/opt/ros/jazzy DEBUGINFOD_URLS=https://debuginfod.ubuntu.com /usr/bin/cmake /home/lucas/sagan_ws/src/mobile_robot -DCMAKE_INSTALL_PREFIX=/home/lucas/sagan_ws/install/mobile_robot
[0.015s] -- Found ament_cmake: 2.5.2 (/opt/ros/jazzy/share/ament_cmake/cmake)
[0.167s] -- Found ament_lint_auto: 0.17.1 (/opt/ros/jazzy/share/ament_lint_auto/cmake)
[0.219s] -- Looking for gz-plugin3 -- found version 3.0.0
[0.222s] -- Searching for dependencies of gz-plugin3
[0.222s] -- Looking for gz-utils3 -- found version 3.0.0
[0.222s] -- Searching for dependencies of gz-utils3
[0.223s] -- Searching for <gz-utils3> component [cli]
[0.223s] -- Looking for gz-utils3-cli -- found version 3.0.0
[0.223s] -- Searching for dependencies of gz-utils3-cli
[0.223s] -- Searching for <gz-plugin3> component [register]
[0.223s] -- Looking for gz-plugin3-register -- found version 3.0.0
[0.224s] -- Searching for dependencies of gz-plugin3-register
[0.224s] -- Looking for gz-sim9 -- found version 9.0.0
[0.224s] -- Searching for dependencies of gz-sim9
[0.224s] -- Looking for sdformat15 -- found version 15.0.0
[0.224s] -- Searching for dependencies of sdformat15
[0.228s] -- Checking for module 'tinyxml2'
[0.238s] --   Found tinyxml2, version 10.0.0
[0.288s] -- Looking for gz-math8 -- found version 8.0.0
[0.289s] -- Searching for dependencies of gz-math8
[0.290s] -- Looking for gz-utils3 -- found version 3.0.0
[0.292s] -- Looking for gz-utils3 -- found version 3.0.0
[0.294s] -- Looking for gz-plugin3 -- found version 3.0.0
[0.294s] -- Searching for dependencies of gz-plugin3
[0.295s] -- Looking for gz-utils3 -- found version 3.0.0
[0.295s] -- Searching for <gz-plugin3> component [loader]
[0.296s] -- Looking for gz-plugin3-loader -- found version 3.0.0
[0.296s] -- Searching for dependencies of gz-plugin3-loader
[0.297s] -- Searching for <gz-plugin3> component [register]
[0.297s] -- Looking for gz-transport14 -- found version 14.0.0
[0.298s] -- Searching for dependencies of gz-transport14
[0.318s] -- Config-file not installed for ZeroMQ -- checking for pkg-config
[0.323s] -- Checking for module 'libzmq >= 4'
[0.356s] --   Found libzmq, version 4.3.5
[0.465s] -- Checking for module 'uuid'
[0.502s] --   Found uuid, version 2.39.3
[0.550s] -- Looking for gz-utils3 -- found version 3.0.0
[0.551s] -- Looking for gz-msgs11 -- found version 11.0.1
[0.551s] -- Searching for dependencies of gz-msgs11
[0.564s] -- Looking for gz-utils3 -- found version 3.0.0
[0.565s] -- Looking for gz-math8 -- found version 8.0.0
[0.675s] -- Searching for <gz-transport14> component [log]
[0.676s] -- Looking for gz-transport14-log -- found version 14.0.0
[0.676s] -- Searching for dependencies of gz-transport14-log
[0.676s] -- Searching for <gz-transport14> component [parameters]
[0.676s] -- Looking for gz-transport14-parameters -- found version 14.0.0
[0.676s] -- Searching for dependencies of gz-transport14-parameters
[0.677s] -- Looking for gz-msgs11 -- found version 11.0.1
[0.677s] -- Looking for gz-common6 -- found version 6.0.0
[0.677s] -- Searching for dependencies of gz-common6
[0.677s] -- Looking for gz-utils3 -- found version 3.0.0
[0.677s] -- Searching for dependencies of gz-utils3
[0.677s] -- Searching for <gz-utils3> component [log]
[0.677s] -- Looking for gz-utils3-log -- found version 3.0.0
[0.678s] -- Searching for dependencies of gz-utils3-log
[0.683s] -- Searching for <gz-common6> component [av]
[0.684s] -- Looking for gz-common6-av -- found version 6.0.0
[0.684s] -- Searching for dependencies of gz-common6-av
[0.688s] -- Checking for module 'libswscale'
[0.716s] --   Found libswscale, version 7.5.100
[0.817s] -- Checking for module 'libavdevice >= 56.4.100'
[0.857s] --   Found libavdevice, version 60.3.100
[0.895s] -- Checking for module 'libavformat'
[0.911s] --   Found libavformat, version 60.16.100
[1.013s] -- Checking for module 'libavcodec'
[1.029s] --   Found libavcodec, version 60.31.102
[1.110s] -- Checking for module 'libavutil'
[1.149s] --   Found libavutil, version 58.29.100
[1.236s] -- Searching for <gz-common6> component [events]
[1.237s] -- Looking for gz-common6-events -- found version 6.0.0
[1.237s] -- Searching for dependencies of gz-common6-events
[1.238s] -- Looking for gz-math8 -- found version 8.0.0
[1.240s] -- Searching for <gz-common6> component [graphics]
[1.241s] -- Looking for gz-common6-graphics -- found version 6.0.0
[1.241s] -- Searching for dependencies of gz-common6-graphics
[1.242s] -- Looking for gz-math8 -- found version 8.0.0
[1.246s] -- Searching for <gz-common6> component [io]
[1.246s] -- Looking for gz-common6-io -- found version 6.0.0
[1.246s] -- Searching for dependencies of gz-common6-io
[1.247s] -- Searching for <gz-common6> component [profiler]
[1.247s] -- Looking for gz-common6-profiler -- found version 6.0.0
[1.247s] -- Searching for dependencies of gz-common6-profiler
[1.248s] -- Looking for gz-fuel_tools10 -- found version 10.0.0
[1.248s] -- Searching for dependencies of gz-fuel_tools10
[1.308s] -- Checking for module 'jsoncpp'
[1.324s] --   Found jsoncpp, version 1.9.5
[1.431s] -- Checking for module 'yaml-0.1'
[1.467s] --   Found yaml-0.1, version 0.2.5
[1.562s] -- Checking for module 'libzip'
[1.601s] --   Found libzip, version 1.7.3
[1.688s] -- Looking for gz-utils3 -- found version 3.0.0
[1.689s] -- Looking for gz-common6 -- found version 6.0.0
[1.689s] -- Searching for dependencies of gz-common6
[1.690s] -- Looking for gz-utils3 -- found version 3.0.0
[1.704s] -- Searching for <gz-common6> component [testing]
[1.706s] -- Looking for gz-common6-testing -- found version 6.0.0
[1.706s] -- Searching for dependencies of gz-common6-testing
[1.709s] -- Looking for gz-math8 -- found version 8.0.0
[1.709s] -- Looking for gz-msgs11 -- found version 11.0.1
[1.712s] -- Looking for gz-gui9 -- found version 9.0.0
[1.712s] -- Searching for dependencies of gz-gui9
[1.738s] -- Looking for gz-utils3 -- found version 3.0.0
[1.739s] -- Looking for gz-math8 -- found version 8.0.0
[1.739s] -- Looking for gz-common6 -- found version 6.0.0
[1.740s] -- Looking for gz-plugin3 -- found version 3.0.0
[1.740s] -- Looking for gz-transport14 -- found version 14.0.0
[1.741s] -- Looking for gz-rendering9 -- found version 9.0.0
[1.741s] -- Searching for dependencies of gz-rendering9
[1.741s] -- Looking for gz-math8 -- found version 8.0.0
[1.741s] -- Searching for dependencies of gz-math8
[1.742s] -- Looking for gz-utils3 -- found version 3.0.0
[1.742s] -- Searching for <gz-math8> component [eigen3]
[1.742s] -- Looking for gz-math8-eigen3 -- found version 8.0.0
[1.742s] -- Searching for dependencies of gz-math8-eigen3
[1.744s] -- Looking for gz-common6 -- found version 6.0.0
[1.744s] -- Searching for dependencies of gz-common6
[1.745s] -- Looking for gz-utils3 -- found version 3.0.0
[1.754s] -- Searching for <gz-common6> component [graphics]
[1.755s] -- Searching for <gz-common6> component [events]
[1.755s] -- Searching for <gz-common6> component [geospatial]
[1.756s] -- Looking for gz-common6-geospatial -- found version 6.0.0
[1.756s] -- Searching for dependencies of gz-common6-geospatial
[1.756s] -- Looking for gz-math8 -- found version 8.0.0
[1.757s] -- Looking for gz-common6 -- found version 6.0.0
[1.758s] -- Looking for gz-plugin3 -- found version 3.0.0
[1.758s] -- Searching for dependencies of gz-plugin3
[1.758s] -- Looking for gz-utils3 -- found version 3.0.0
[1.758s] -- Searching for <gz-plugin3> component [all]
[1.759s] -- Looking for all libraries of gz-plugin3 -- found version 3.0.0
[1.759s] -- Looking for gz-plugin3 -- found version 3.0.0
[1.760s] -- Looking for gz-utils3 -- found version 3.0.0
[1.762s] -- Looking for gz-msgs11 -- found version 11.0.1
[1.772s] -- Looking for gz-physics8 -- found version 8.0.0
[1.772s] -- Searching for dependencies of gz-physics8
[1.772s] -- Looking for gz-common6 -- found version 6.0.0
[1.772s] -- Looking for gz-math8 -- found version 8.0.0
[1.772s] -- Looking for gz-plugin3 -- found version 3.0.0
[1.773s] -- Looking for gz-utils3 -- found version 3.0.0
[1.773s] -- Searching for <gz-physics8> component [heightmap]
[1.773s] -- Looking for gz-physics8-heightmap -- found version 8.0.0
[1.774s] -- Searching for dependencies of gz-physics8-heightmap
[1.774s] -- Looking for gz-common6 -- found version 6.0.0
[1.774s] -- Searching for <gz-physics8> component [mesh]
[1.774s] -- Looking for gz-physics8-mesh -- found version 8.0.0
[1.774s] -- Searching for dependencies of gz-physics8-mesh
[1.774s] -- Looking for gz-common6 -- found version 6.0.0
[1.775s] -- Searching for <gz-physics8> component [sdf]
[1.775s] -- Looking for gz-physics8-sdf -- found version 8.0.0
[1.775s] -- Searching for dependencies of gz-physics8-sdf
[1.775s] -- Looking for sdformat15 -- found version 15.0.0
[1.776s] -- Looking for gz-sensors9 -- found version 9.0.0
[1.776s] -- Searching for dependencies of gz-sensors9
[1.787s] -- Looking for gz-math8 -- found version 8.0.0
[1.788s] -- Looking for gz-common6 -- found version 6.0.0
[1.788s] -- Looking for gz-transport14 -- found version 14.0.0
[1.788s] -- Looking for gz-rendering9 -- found version 9.0.0
[1.788s] -- Looking for gz-msgs11 -- found version 11.0.1
[1.788s] -- Looking for sdformat15 -- found version 15.0.0
[1.789s] -- Searching for <gz-sensors9> component [air_pressure]
[1.789s] -- Looking for gz-sensors9-air_pressure -- found version 9.0.0
[1.789s] -- Searching for dependencies of gz-sensors9-air_pressure
[1.789s] -- Searching for <gz-sensors9> component [air_speed]
[1.790s] -- Looking for gz-sensors9-air_speed -- found version 9.0.0
[1.790s] -- Searching for dependencies of gz-sensors9-air_speed
[1.790s] -- Searching for <gz-sensors9> component [altimeter]
[1.790s] -- Looking for gz-sensors9-altimeter -- found version 9.0.0
[1.790s] -- Searching for dependencies of gz-sensors9-altimeter
[1.791s] -- Searching for <gz-sensors9> component [imu]
[1.791s] -- Looking for gz-sensors9-imu -- found version 9.0.0
[1.791s] -- Searching for dependencies of gz-sensors9-imu
[1.791s] -- Searching for <gz-sensors9> component [force_torque]
[1.791s] -- Looking for gz-sensors9-force_torque -- found version 9.0.0
[1.791s] -- Searching for dependencies of gz-sensors9-force_torque
[1.792s] -- Searching for <gz-sensors9> component [logical_camera]
[1.792s] -- Looking for gz-sensors9-logical_camera -- found version 9.0.0
[1.792s] -- Searching for dependencies of gz-sensors9-logical_camera
[1.792s] -- Searching for <gz-sensors9> component [magnetometer]
[1.792s] -- Looking for gz-sensors9-magnetometer -- found version 9.0.0
[1.793s] -- Searching for dependencies of gz-sensors9-magnetometer
[1.793s] -- Searching for <gz-sensors9> component [navsat]
[1.793s] -- Looking for gz-sensors9-navsat -- found version 9.0.0
[1.793s] -- Searching for dependencies of gz-sensors9-navsat
[1.793s] -- Searching for <gz-sensors9> component [dvl]
[1.794s] -- Looking for gz-sensors9-dvl -- found version 9.0.0
[1.794s] -- Searching for dependencies of gz-sensors9-dvl
[1.794s] -- Looking for gz-sensors9 -- found version 9.0.0
[1.794s] -- Searching for dependencies of gz-sensors9
[1.806s] -- Looking for gz-math8 -- found version 8.0.0
[1.806s] -- Looking for gz-common6 -- found version 6.0.0
[1.807s] -- Looking for gz-transport14 -- found version 14.0.0
[1.807s] -- Looking for gz-rendering9 -- found version 9.0.0
[1.807s] -- Looking for gz-msgs11 -- found version 11.0.1
[1.807s] -- Looking for sdformat15 -- found version 15.0.0
[1.807s] -- Searching for <gz-sensors9> component [rendering]
[1.808s] -- Looking for gz-sensors9-rendering -- found version 9.0.0
[1.808s] -- Searching for dependencies of gz-sensors9-rendering
[1.808s] -- Searching for <gz-sensors9> component [rendering]
[1.808s] -- Searching for <gz-sensors9> component [lidar]
[1.809s] -- Looking for gz-sensors9-lidar -- found version 9.0.0
[1.809s] -- Searching for dependencies of gz-sensors9-lidar
[1.809s] -- Looking for gz-sensors9 -- found version 9.0.0
[1.809s] -- Searching for <gz-sensors9> component [gpu_lidar]
[1.810s] -- Looking for gz-sensors9-gpu_lidar -- found version 9.0.0
[1.810s] -- Searching for dependencies of gz-sensors9-gpu_lidar
[1.810s] -- Looking for gz-sensors9 -- found version 9.0.0
[1.810s] -- Searching for <gz-sensors9> component [camera]
[1.810s] -- Looking for gz-sensors9-camera -- found version 9.0.0
[1.810s] -- Searching for dependencies of gz-sensors9-camera
[1.811s] -- Looking for gz-sensors9 -- found version 9.0.0
[1.811s] -- Searching for <gz-sensors9> component [boundingbox_camera]
[1.811s] -- Looking for gz-sensors9-boundingbox_camera -- found version 9.0.0
[1.811s] -- Searching for dependencies of gz-sensors9-boundingbox_camera
[1.812s] -- Searching for <gz-sensors9> component [segmentation_camera]
[1.812s] -- Looking for gz-sensors9-segmentation_camera -- found version 9.0.0
[1.812s] -- Searching for dependencies of gz-sensors9-segmentation_camera
[1.812s] -- Searching for <gz-sensors9> component [depth_camera]
[1.812s] -- Looking for gz-sensors9-depth_camera -- found version 9.0.0
[1.813s] -- Searching for dependencies of gz-sensors9-depth_camera
[1.813s] -- Looking for gz-sensors9 -- found version 9.0.0
[1.813s] -- Searching for <gz-sensors9> component [rgbd_camera]
[1.813s] -- Looking for gz-sensors9-rgbd_camera -- found version 9.0.0
[1.813s] -- Searching for dependencies of gz-sensors9-rgbd_camera
[1.814s] -- Looking for gz-sensors9 -- found version 9.0.0
[1.814s] -- Searching for <gz-sensors9> component [thermal_camera]
[1.814s] -- Looking for gz-sensors9-thermal_camera -- found version 9.0.0
[1.814s] -- Searching for dependencies of gz-sensors9-thermal_camera
[1.815s] -- Looking for gz-sensors9 -- found version 9.0.0
[1.815s] -- Searching for <gz-sensors9> component [wide_angle_camera]
[1.815s] -- Looking for gz-sensors9-wide_angle_camera -- found version 9.0.0
[1.815s] -- Searching for dependencies of gz-sensors9-wide_angle_camera
[1.816s] -- Looking for gz-rendering9 -- found version 9.0.0
[1.816s] -- Looking for gz-math8 -- found version 8.0.0
[1.816s] -- Looking for gz-utils3 -- found version 3.0.0
[1.830s] -- Added test 'cppcheck' to perform static code analysis on C / C++ code
[1.830s] -- Configured cppcheck include dirs: 
[1.830s] -- Configured cppcheck exclude dirs and/or files: 
[1.830s] -- Added test 'flake8' to check Python code syntax and style conventions
[1.830s] -- Configured 'flake8' exclude dirs and/or files: 
[1.830s] -- Added test 'lint_cmake' to check CMake code style
[1.831s] -- Added test 'pep257' to check Python code against some of the docstring style conventions in PEP 257
[1.831s] -- Added test 'uncrustify' to check C / C++ code style
[1.831s] -- Configured uncrustify additional arguments: 
[1.831s] -- Added test 'xmllint' to check XML markup files
[1.832s] -- Configuring done (1.8s)
[1.833s] [31mCMake Error at CMakeLists.txt:36 (add_library):
[1.833s]   Cannot find source file:
[1.833s] 
[1.833s]     SampleSystem2.cc
[1.833s] 
[1.833s]   Tried extensions .c .C .c++ .cc .cpp .cxx .cu .mpp .m .M .mm .ixx .cppm
[1.833s]   .ccm .cxxm .c++m .h .hh .h++ .hm .hpp .hxx .in .txx .f .F .for .f77 .f90
[1.833s]   .f95 .f03 .hip .ispc
[1.834s] 
[1.834s] [0m
[1.834s] [31mCMake Error at CMakeLists.txt:36 (add_library):
[1.834s]   No SOURCES given to target: SampleSystem
[1.834s] 
[1.834s] [0m
[1.834s] [0mCMake Generate step failed.  Build files cannot be regenerated correctly.[0m
[1.838s] Invoked command in '/home/lucas/sagan_ws/build/mobile_robot' returned '1': CMAKE_PREFIX_PATH=${CMAKE_PREFIX_PATH}:/opt/ros/jazzy DEBUGINFOD_URLS=https://debuginfod.ubuntu.com /usr/bin/cmake /home/lucas/sagan_ws/src/mobile_robot -DCMAKE_INSTALL_PREFIX=/home/lucas/sagan_ws/install/mobile_robot
