[0.007s] Invoking command in '/home/lucas/sagan_ws/build/mobile_robot': CMAKE_PREFIX_PATH=${CMAKE_PREFIX_PATH}:/opt/ros/jazzy DEBUGINFOD_URLS=https://debuginfod.ubuntu.com /usr/bin/cmake --build /home/lucas/sagan_ws/build/mobile_robot -- -j20 -l20
[0.024s] -- Found ament_cmake: 2.5.2 (/opt/ros/jazzy/share/ament_cmake/cmake)
[0.164s] -- Found ament_lint_auto: 0.17.1 (/opt/ros/jazzy/share/ament_lint_auto/cmake)
[0.220s] -- Added test 'flake8' to check Python code syntax and style conventions
[0.220s] -- Configured 'flake8' exclude dirs and/or files: 
[0.220s] -- Added test 'lint_cmake' to check CMake code style
[0.220s] -- Added test 'pep257' to check Python code against some of the docstring style conventions in PEP 257
[0.221s] -- Added test 'xmllint' to check XML markup files
[0.221s] -- Configuring done (0.2s)
[0.223s] -- Generating done (0.0s)
[0.223s] -- Build files have been written to: /home/lucas/sagan_ws/build/mobile_robot
[0.240s] Invoked command in '/home/lucas/sagan_ws/build/mobile_robot' returned '0': CMAKE_PREFIX_PATH=${CMAKE_PREFIX_PATH}:/opt/ros/jazzy DEBUGINFOD_URLS=https://debuginfod.ubuntu.com /usr/bin/cmake --build /home/lucas/sagan_ws/build/mobile_robot -- -j20 -l20
[0.286s] Invoking command in '/home/lucas/sagan_ws/build/mobile_robot': CMAKE_PREFIX_PATH=${CMAKE_PREFIX_PATH}:/opt/ros/jazzy DEBUGINFOD_URLS=https://debuginfod.ubuntu.com /usr/bin/cmake --install /home/lucas/sagan_ws/build/mobile_robot
[0.293s] -- Install configuration: ""
[0.293s] -- Up-to-date: /home/lucas/sagan_ws/install/mobile_robot/share/mobile_robot/launch
[0.293s] -- Up-to-date: /home/lucas/sagan_ws/install/mobile_robot/share/mobile_robot/launch/gazebo_model.launch.py
[0.293s] -- Up-to-date: /home/lucas/sagan_ws/install/mobile_robot/share/mobile_robot/model
[0.293s] -- Up-to-date: /home/lucas/sagan_ws/install/mobile_robot/share/mobile_robot/model/Sagan.gazebo
[0.293s] -- Up-to-date: /home/lucas/sagan_ws/install/mobile_robot/share/mobile_robot/model/meshes
[0.293s] -- Up-to-date: /home/lucas/sagan_ws/install/mobile_robot/share/mobile_robot/model/meshes/LR_stering_arm.STL
[0.293s] -- Up-to-date: /home/lucas/sagan_ws/install/mobile_robot/share/mobile_robot/model/meshes/RF_stering_arm.STL
[0.294s] -- Up-to-date: /home/lucas/sagan_ws/install/mobile_robot/share/mobile_robot/model/meshes/RF_wheel.STL
[0.294s] -- Up-to-date: /home/lucas/sagan_ws/install/mobile_robot/share/mobile_robot/model/meshes/base_link.STL
[0.294s] -- Up-to-date: /home/lucas/sagan_ws/install/mobile_robot/share/mobile_robot/model/meshes/LR_wheel.STL
[0.294s] -- Up-to-date: /home/lucas/sagan_ws/install/mobile_robot/share/mobile_robot/model/meshes/Left_arm.STL
[0.294s] -- Up-to-date: /home/lucas/sagan_ws/install/mobile_robot/share/mobile_robot/model/meshes/LF_stering_arm.STL
[0.294s] -- Up-to-date: /home/lucas/sagan_ws/install/mobile_robot/share/mobile_robot/model/meshes/RR_wheel.STL
[0.294s] -- Up-to-date: /home/lucas/sagan_ws/install/mobile_robot/share/mobile_robot/model/meshes/LF_wheel.STL
[0.294s] -- Up-to-date: /home/lucas/sagan_ws/install/mobile_robot/share/mobile_robot/model/meshes/Right_arm.STL
[0.294s] -- Up-to-date: /home/lucas/sagan_ws/install/mobile_robot/share/mobile_robot/model/meshes/RR_stering_arm.STL
[0.294s] -- Up-to-date: /home/lucas/sagan_ws/install/mobile_robot/share/mobile_robot/model/Sagan.xacro.urdf
[0.294s] -- Up-to-date: /home/lucas/sagan_ws/install/mobile_robot/share/mobile_robot/model/robot.gazebo
[0.294s] -- Up-to-date: /home/lucas/sagan_ws/install/mobile_robot/share/mobile_robot/model/robot.xacro
[0.294s] -- Up-to-date: /home/lucas/sagan_ws/install/mobile_robot/share/mobile_robot/parameters
[0.294s] -- Up-to-date: /home/lucas/sagan_ws/install/mobile_robot/share/mobile_robot/parameters/bridge_parameters.yaml
[0.294s] -- Up-to-date: /home/lucas/sagan_ws/install/mobile_robot/share/ament_index/resource_index/package_run_dependencies/mobile_robot
[0.294s] -- Up-to-date: /home/lucas/sagan_ws/install/mobile_robot/share/ament_index/resource_index/parent_prefix_path/mobile_robot
[0.294s] -- Up-to-date: /home/lucas/sagan_ws/install/mobile_robot/share/mobile_robot/environment/ament_prefix_path.sh
[0.294s] -- Up-to-date: /home/lucas/sagan_ws/install/mobile_robot/share/mobile_robot/environment/ament_prefix_path.dsv
[0.294s] -- Up-to-date: /home/lucas/sagan_ws/install/mobile_robot/share/mobile_robot/environment/path.sh
[0.294s] -- Up-to-date: /home/lucas/sagan_ws/install/mobile_robot/share/mobile_robot/environment/path.dsv
[0.294s] -- Up-to-date: /home/lucas/sagan_ws/install/mobile_robot/share/mobile_robot/local_setup.bash
[0.294s] -- Up-to-date: /home/lucas/sagan_ws/install/mobile_robot/share/mobile_robot/local_setup.sh
[0.294s] -- Up-to-date: /home/lucas/sagan_ws/install/mobile_robot/share/mobile_robot/local_setup.zsh
[0.294s] -- Up-to-date: /home/lucas/sagan_ws/install/mobile_robot/share/mobile_robot/local_setup.dsv
[0.294s] -- Installing: /home/lucas/sagan_ws/install/mobile_robot/share/mobile_robot/package.dsv
[0.294s] -- Up-to-date: /home/lucas/sagan_ws/install/mobile_robot/share/ament_index/resource_index/packages/mobile_robot
[0.294s] -- Up-to-date: /home/lucas/sagan_ws/install/mobile_robot/share/mobile_robot/cmake/mobile_robotConfig.cmake
[0.294s] -- Up-to-date: /home/lucas/sagan_ws/install/mobile_robot/share/mobile_robot/cmake/mobile_robotConfig-version.cmake
[0.294s] -- Installing: /home/lucas/sagan_ws/install/mobile_robot/share/mobile_robot/package.xml
[0.295s] Invoked command in '/home/lucas/sagan_ws/build/mobile_robot' returned '0': CMAKE_PREFIX_PATH=${CMAKE_PREFIX_PATH}:/opt/ros/jazzy DEBUGINFOD_URLS=https://debuginfod.ubuntu.com /usr/bin/cmake --install /home/lucas/sagan_ws/build/mobile_robot
