[0.008s] Invoking command in '/home/lucas/sagan_ws/build/SampleSystem': DEBUGINFOD_URLS=https://debuginfod.ubuntu.com /usr/bin/cmake /home/lucas/sagan_ws/src/SampleSystem -DCMAKE_INSTALL_PREFIX=/home/lucas/sagan_ws/install/SampleSystem
[0.018s] -- Found ament_cmake: 2.5.2 (/opt/ros/jazzy/share/ament_cmake/cmake)
[0.128s] -- Found Python3: /usr/bin/python3 (found version "3.12.3") found components: Interpreter 
[0.225s] -- The C compiler identification is GNU 13.2.0
[0.264s] -- The CXX compiler identification is GNU 13.2.0
[0.275s] -- Detecting C compiler ABI info
[0.339s] -- Detecting C compiler ABI info - done
[0.345s] -- Check for working C compiler: /usr/bin/cc - skipped
[0.345s] -- Detecting C compile features
[0.345s] -- Detecting C compile features - done
[0.352s] -- Detecting CXX compiler ABI info
[0.425s] -- Detecting CXX compiler ABI info - done
[0.430s] -- Check for working CXX compiler: /usr/bin/c++ - skipped
[0.430s] -- Detecting CXX compile features
[0.431s] -- Detecting CXX compile features - done
[0.433s] -- Looking for gz-plugin3 -- found version 3.0.0
[0.433s] -- Searching for dependencies of gz-plugin3
[0.435s] -- Looking for gz-utils3 -- found version 3.0.0
[0.435s] -- Searching for dependencies of gz-utils3
[0.435s] -- Searching for <gz-utils3> component [cli]
[0.437s] -- Looking for gz-utils3-cli -- found version 3.0.0
[0.437s] -- Searching for dependencies of gz-utils3-cli
[0.438s] -- Searching for <gz-plugin3> component [register]
[0.439s] -- Looking for gz-plugin3-register -- found version 3.0.0
[0.440s] -- Searching for dependencies of gz-plugin3-register
[0.442s] -- Looking for gz-sim9 -- found version 9.0.0
[0.442s] -- Searching for dependencies of gz-sim9
[0.444s] -- Looking for sdformat15 -- found version 15.0.0
[0.444s] -- Searching for dependencies of sdformat15
[0.447s] -- Checking for module 'tinyxml2'
[0.458s] --   Found tinyxml2, version 10.0.0
[0.484s] -- Looking for gz-math8 -- found version 8.0.0
[0.484s] -- Searching for dependencies of gz-math8
[0.484s] -- Looking for gz-utils3 -- found version 3.0.0
[0.485s] -- Looking for gz-utils3 -- found version 3.0.0
[0.485s] -- Looking for gz-plugin3 -- found version 3.0.0
[0.485s] -- Searching for dependencies of gz-plugin3
[0.486s] -- Looking for gz-utils3 -- found version 3.0.0
[0.486s] -- Searching for <gz-plugin3> component [loader]
[0.488s] -- Looking for gz-plugin3-loader -- found version 3.0.0
[0.488s] -- Searching for dependencies of gz-plugin3-loader
[0.488s] -- Searching for <gz-plugin3> component [register]
[0.490s] -- Looking for gz-transport14 -- found version 14.0.0
[0.490s] -- Searching for dependencies of gz-transport14
[0.570s] -- Found Protobuf: /usr/lib/x86_64-linux-gnu/libprotobuf.so (found version "3.21.12") 
[0.578s] -- Config-file not installed for ZeroMQ -- checking for pkg-config
[0.581s] -- Checking for module 'libzmq >= 4'
[0.591s] --   Found libzmq, version 4.3.5
[0.619s] -- Found ZeroMQ: TRUE (Required is at least version "4") 
[0.623s] -- Checking for module 'uuid'
[0.633s] --   Found uuid, version 2.39.3
[0.657s] -- Found UUID: TRUE  
[0.657s] -- Looking for gz-utils3 -- found version 3.0.0
[0.660s] -- Looking for gz-msgs11 -- found version 11.0.1
[0.661s] -- Searching for dependencies of gz-msgs11
[0.672s] -- Looking for gz-utils3 -- found version 3.0.0
[0.673s] -- Looking for gz-math8 -- found version 8.0.0
[0.699s] -- Searching for <gz-transport14> component [log]
[0.701s] -- Looking for gz-transport14-log -- found version 14.0.0
[0.701s] -- Searching for dependencies of gz-transport14-log
[0.701s] -- Searching for <gz-transport14> component [parameters]
[0.703s] -- Looking for gz-transport14-parameters -- found version 14.0.0
[0.703s] -- Searching for dependencies of gz-transport14-parameters
[0.704s] -- Looking for gz-msgs11 -- found version 11.0.1
[0.705s] -- Looking for gz-common6 -- found version 6.0.0
[0.705s] -- Searching for dependencies of gz-common6
[0.706s] -- Looking for gz-utils3 -- found version 3.0.0
[0.706s] -- Searching for dependencies of gz-utils3
[0.706s] -- Searching for <gz-utils3> component [log]
[0.708s] -- Looking for gz-utils3-log -- found version 3.0.0
[0.708s] -- Searching for dependencies of gz-utils3-log
[0.710s] -- Found Threads: TRUE  
[0.718s] -- Searching for <gz-common6> component [av]
[0.720s] -- Looking for gz-common6-av -- found version 6.0.0
[0.720s] -- Searching for dependencies of gz-common6-av
[0.724s] -- Checking for module 'libswscale'
[0.733s] --   Found libswscale, version 7.5.100
[0.757s] -- Found SWSCALE: TRUE  
[0.761s] -- Checking for module 'libavdevice >= 56.4.100'
[0.771s] --   Found libavdevice, version 60.3.100
[0.804s] -- Found AVDEVICE: TRUE (Required is at least version "56.4.100") 
[0.808s] -- Checking for module 'libavformat'
[0.817s] --   Found libavformat, version 60.16.100
[0.844s] -- Found AVFORMAT: TRUE  
[0.848s] -- Checking for module 'libavcodec'
[0.857s] --   Found libavcodec, version 60.31.102
[0.883s] -- Found AVCODEC: TRUE  
[0.887s] -- Checking for module 'libavutil'
[0.897s] --   Found libavutil, version 58.29.100
[0.971s] -- Found AVUTIL: TRUE  
[0.972s] -- Searching for <gz-common6> component [events]
[0.975s] -- Looking for gz-common6-events -- found version 6.0.0
[0.975s] -- Searching for dependencies of gz-common6-events
[0.975s] -- Looking for gz-math8 -- found version 8.0.0
[0.975s] -- Searching for <gz-common6> component [graphics]
[0.977s] -- Looking for gz-common6-graphics -- found version 6.0.0
[0.977s] -- Searching for dependencies of gz-common6-graphics
[0.977s] -- Looking for gz-math8 -- found version 8.0.0
[0.980s] -- Found GzAssimp: TRUE (found version "5.3.0") 
[0.980s] -- Searching for <gz-common6> component [io]
[0.982s] -- Looking for gz-common6-io -- found version 6.0.0
[0.982s] -- Searching for dependencies of gz-common6-io
[0.982s] -- Searching for <gz-common6> component [profiler]
[0.984s] -- Looking for gz-common6-profiler -- found version 6.0.0
[0.984s] -- Searching for dependencies of gz-common6-profiler
[0.986s] -- Looking for gz-fuel_tools10 -- found version 10.0.0
[0.986s] -- Searching for dependencies of gz-fuel_tools10
[1.104s] -- Found CURL: /usr/lib/x86_64-linux-gnu/libcurl.so (found version "8.5.0")  
[1.110s] -- Checking for module 'jsoncpp'
[1.130s] --   Found jsoncpp, version 1.9.5
[1.214s] -- Found JSONCPP: TRUE  
[1.234s] -- Checking for module 'yaml-0.1'
[1.272s] --   Found yaml-0.1, version 0.2.5
[1.364s] -- Found YAML: TRUE  
[1.380s] -- Checking for module 'libzip'
[1.420s] --   Found libzip, version 1.7.3
[1.513s] -- Found ZIP: TRUE  
[1.514s] -- Looking for gz-utils3 -- found version 3.0.0
[1.516s] -- Looking for gz-common6 -- found version 6.0.0
[1.516s] -- Searching for dependencies of gz-common6
[1.517s] -- Looking for gz-utils3 -- found version 3.0.0
[1.535s] -- Searching for <gz-common6> component [testing]
[1.537s] -- Looking for gz-common6-testing -- found version 6.0.0
[1.537s] -- Searching for dependencies of gz-common6-testing
[1.538s] -- Looking for gz-math8 -- found version 8.0.0
[1.538s] -- Looking for gz-msgs11 -- found version 11.0.1
[1.540s] -- Looking for gz-gui9 -- found version 9.0.0
[1.541s] -- Searching for dependencies of gz-gui9
[1.556s] -- Looking for gz-utils3 -- found version 3.0.0
[1.556s] -- Looking for gz-math8 -- found version 8.0.0
[1.557s] -- Looking for gz-common6 -- found version 6.0.0
[1.557s] -- Looking for gz-plugin3 -- found version 3.0.0
[1.558s] -- Looking for gz-transport14 -- found version 14.0.0
[1.561s] -- Looking for gz-rendering9 -- found version 9.0.0
[1.561s] -- Searching for dependencies of gz-rendering9
[1.561s] -- Looking for gz-math8 -- found version 8.0.0
[1.561s] -- Searching for dependencies of gz-math8
[1.562s] -- Looking for gz-utils3 -- found version 3.0.0
[1.562s] -- Searching for <gz-math8> component [eigen3]
[1.565s] -- Looking for gz-math8-eigen3 -- found version 8.0.0
[1.565s] -- Searching for dependencies of gz-math8-eigen3
[1.570s] -- Looking for gz-common6 -- found version 6.0.0
[1.570s] -- Searching for dependencies of gz-common6
[1.570s] -- Looking for gz-utils3 -- found version 3.0.0
[1.579s] -- Searching for <gz-common6> component [graphics]
[1.579s] -- Searching for <gz-common6> component [events]
[1.579s] -- Searching for <gz-common6> component [geospatial]
[1.583s] -- Looking for gz-common6-geospatial -- found version 6.0.0
[1.583s] -- Searching for dependencies of gz-common6-geospatial
[1.583s] -- Looking for gz-math8 -- found version 8.0.0
[1.584s] -- Looking for gz-common6 -- found version 6.0.0
[1.584s] -- Looking for gz-plugin3 -- found version 3.0.0
[1.585s] -- Searching for dependencies of gz-plugin3
[1.585s] -- Looking for gz-utils3 -- found version 3.0.0
[1.585s] -- Searching for <gz-plugin3> component [all]
[1.587s] -- Looking for all libraries of gz-plugin3 -- found version 3.0.0
[1.588s] -- Looking for gz-plugin3 -- found version 3.0.0
[1.588s] -- Looking for gz-utils3 -- found version 3.0.0
[1.595s] -- Found OpenGL: /usr/lib/x86_64-linux-gnu/libOpenGL.so  found components: OpenGL 
[1.595s] -- Looking for gz-msgs11 -- found version 11.0.1
[1.611s] -- Looking for gz-physics8 -- found version 8.0.0
[1.611s] -- Searching for dependencies of gz-physics8
[1.611s] -- Looking for gz-common6 -- found version 6.0.0
[1.611s] -- Looking for gz-math8 -- found version 8.0.0
[1.612s] -- Looking for gz-plugin3 -- found version 3.0.0
[1.612s] -- Looking for gz-utils3 -- found version 3.0.0
[1.613s] -- Searching for <gz-physics8> component [heightmap]
[1.614s] -- Looking for gz-physics8-heightmap -- found version 8.0.0
[1.614s] -- Searching for dependencies of gz-physics8-heightmap
[1.615s] -- Looking for gz-common6 -- found version 6.0.0
[1.615s] -- Searching for <gz-physics8> component [mesh]
[1.617s] -- Looking for gz-physics8-mesh -- found version 8.0.0
[1.617s] -- Searching for dependencies of gz-physics8-mesh
[1.617s] -- Looking for gz-common6 -- found version 6.0.0
[1.617s] -- Searching for <gz-physics8> component [sdf]
[1.619s] -- Looking for gz-physics8-sdf -- found version 8.0.0
[1.619s] -- Searching for dependencies of gz-physics8-sdf
[1.619s] -- Looking for sdformat15 -- found version 15.0.0
[1.621s] -- Looking for gz-sensors9 -- found version 9.0.0
[1.621s] -- Searching for dependencies of gz-sensors9
[1.634s] -- Looking for gz-math8 -- found version 8.0.0
[1.634s] -- Looking for gz-common6 -- found version 6.0.0
[1.635s] -- Looking for gz-transport14 -- found version 14.0.0
[1.635s] -- Looking for gz-rendering9 -- found version 9.0.0
[1.636s] -- Looking for gz-msgs11 -- found version 11.0.1
[1.636s] -- Looking for sdformat15 -- found version 15.0.0
[1.636s] -- Searching for <gz-sensors9> component [air_pressure]
[1.638s] -- Looking for gz-sensors9-air_pressure -- found version 9.0.0
[1.638s] -- Searching for dependencies of gz-sensors9-air_pressure
[1.639s] -- Searching for <gz-sensors9> component [air_speed]
[1.641s] -- Looking for gz-sensors9-air_speed -- found version 9.0.0
[1.641s] -- Searching for dependencies of gz-sensors9-air_speed
[1.641s] -- Searching for <gz-sensors9> component [altimeter]
[1.643s] -- Looking for gz-sensors9-altimeter -- found version 9.0.0
[1.643s] -- Searching for dependencies of gz-sensors9-altimeter
[1.643s] -- Searching for <gz-sensors9> component [imu]
[1.645s] -- Looking for gz-sensors9-imu -- found version 9.0.0
[1.645s] -- Searching for dependencies of gz-sensors9-imu
[1.645s] -- Searching for <gz-sensors9> component [force_torque]
[1.647s] -- Looking for gz-sensors9-force_torque -- found version 9.0.0
[1.647s] -- Searching for dependencies of gz-sensors9-force_torque
[1.647s] -- Searching for <gz-sensors9> component [logical_camera]
[1.649s] -- Looking for gz-sensors9-logical_camera -- found version 9.0.0
[1.649s] -- Searching for dependencies of gz-sensors9-logical_camera
[1.649s] -- Searching for <gz-sensors9> component [magnetometer]
[1.651s] -- Looking for gz-sensors9-magnetometer -- found version 9.0.0
[1.651s] -- Searching for dependencies of gz-sensors9-magnetometer
[1.651s] -- Searching for <gz-sensors9> component [navsat]
[1.653s] -- Looking for gz-sensors9-navsat -- found version 9.0.0
[1.653s] -- Searching for dependencies of gz-sensors9-navsat
[1.654s] -- Searching for <gz-sensors9> component [dvl]
[1.655s] -- Looking for gz-sensors9-dvl -- found version 9.0.0
[1.655s] -- Searching for dependencies of gz-sensors9-dvl
[1.656s] -- Looking for gz-sensors9 -- found version 9.0.0
[1.656s] -- Searching for dependencies of gz-sensors9
[1.667s] -- Looking for gz-math8 -- found version 8.0.0
[1.667s] -- Looking for gz-common6 -- found version 6.0.0
[1.668s] -- Looking for gz-transport14 -- found version 14.0.0
[1.668s] -- Looking for gz-rendering9 -- found version 9.0.0
[1.668s] -- Looking for gz-msgs11 -- found version 11.0.1
[1.668s] -- Looking for sdformat15 -- found version 15.0.0
[1.668s] -- Searching for <gz-sensors9> component [rendering]
[1.670s] -- Looking for gz-sensors9-rendering -- found version 9.0.0
[1.670s] -- Searching for dependencies of gz-sensors9-rendering
[1.671s] -- Searching for <gz-sensors9> component [rendering]
[1.671s] -- Searching for <gz-sensors9> component [lidar]
[1.672s] -- Looking for gz-sensors9-lidar -- found version 9.0.0
[1.673s] -- Searching for dependencies of gz-sensors9-lidar
[1.673s] -- Looking for gz-sensors9 -- found version 9.0.0
[1.673s] -- Searching for <gz-sensors9> component [gpu_lidar]
[1.675s] -- Looking for gz-sensors9-gpu_lidar -- found version 9.0.0
[1.675s] -- Searching for dependencies of gz-sensors9-gpu_lidar
[1.675s] -- Looking for gz-sensors9 -- found version 9.0.0
[1.676s] -- Searching for <gz-sensors9> component [camera]
[1.677s] -- Looking for gz-sensors9-camera -- found version 9.0.0
[1.677s] -- Searching for dependencies of gz-sensors9-camera
[1.678s] -- Looking for gz-sensors9 -- found version 9.0.0
[1.678s] -- Searching for <gz-sensors9> component [boundingbox_camera]
[1.680s] -- Looking for gz-sensors9-boundingbox_camera -- found version 9.0.0
[1.680s] -- Searching for dependencies of gz-sensors9-boundingbox_camera
[1.680s] -- Searching for <gz-sensors9> component [segmentation_camera]
[1.682s] -- Looking for gz-sensors9-segmentation_camera -- found version 9.0.0
[1.682s] -- Searching for dependencies of gz-sensors9-segmentation_camera
[1.682s] -- Searching for <gz-sensors9> component [depth_camera]
[1.684s] -- Looking for gz-sensors9-depth_camera -- found version 9.0.0
[1.684s] -- Searching for dependencies of gz-sensors9-depth_camera
[1.684s] -- Looking for gz-sensors9 -- found version 9.0.0
[1.685s] -- Searching for <gz-sensors9> component [rgbd_camera]
[1.686s] -- Looking for gz-sensors9-rgbd_camera -- found version 9.0.0
[1.686s] -- Searching for dependencies of gz-sensors9-rgbd_camera
[1.687s] -- Looking for gz-sensors9 -- found version 9.0.0
[1.687s] -- Searching for <gz-sensors9> component [thermal_camera]
[1.689s] -- Looking for gz-sensors9-thermal_camera -- found version 9.0.0
[1.689s] -- Searching for dependencies of gz-sensors9-thermal_camera
[1.689s] -- Looking for gz-sensors9 -- found version 9.0.0
[1.689s] -- Searching for <gz-sensors9> component [wide_angle_camera]
[1.691s] -- Looking for gz-sensors9-wide_angle_camera -- found version 9.0.0
[1.691s] -- Searching for dependencies of gz-sensors9-wide_angle_camera
[1.692s] -- Looking for gz-rendering9 -- found version 9.0.0
[1.692s] -- Looking for gz-math8 -- found version 8.0.0
[1.692s] -- Looking for gz-utils3 -- found version 3.0.0
[1.705s] -- Configuring done (1.7s)
[1.710s] -- Generating done (0.0s)
[1.711s] -- Build files have been written to: /home/lucas/sagan_ws/build/SampleSystem
[1.718s] Invoked command in '/home/lucas/sagan_ws/build/SampleSystem' returned '0': DEBUGINFOD_URLS=https://debuginfod.ubuntu.com /usr/bin/cmake /home/lucas/sagan_ws/src/SampleSystem -DCMAKE_INSTALL_PREFIX=/home/lucas/sagan_ws/install/SampleSystem
[1.718s] Invoking command in '/home/lucas/sagan_ws/build/SampleSystem': DEBUGINFOD_URLS=https://debuginfod.ubuntu.com /usr/bin/cmake --build /home/lucas/sagan_ws/build/SampleSystem -- -j20 -l20
[1.758s] [ 33%] [32mBuilding CXX object CMakeFiles/SampleSystem.dir/SampleSystem2.cc.o[0m
[1.759s] [ 66%] [32mBuilding CXX object CMakeFiles/SampleSystem.dir/SampleSystem.cc.o[0m
[2.941s] [100%] [32m[1mLinking CXX shared library libSampleSystem.so[0m
[3.040s] [100%] Built target SampleSystem
[3.048s] Invoked command in '/home/lucas/sagan_ws/build/SampleSystem' returned '0': DEBUGINFOD_URLS=https://debuginfod.ubuntu.com /usr/bin/cmake --build /home/lucas/sagan_ws/build/SampleSystem -- -j20 -l20
