[0.006s] Invoking command in '/home/lucas/sagan_ws/build/mobile_robot': CMAKE_PREFIX_PATH=${CMAKE_PREFIX_PATH}:/opt/ros/jazzy DEBUGINFOD_URLS=https://debuginfod.ubuntu.com /usr/bin/cmake --build /home/lucas/sagan_ws/build/mobile_robot -- -j20 -l20
[0.023s] -- Found ament_cmake: 2.5.2 (/opt/ros/jazzy/share/ament_cmake/cmake)
[0.169s] -- Found ament_lint_auto: 0.17.1 (/opt/ros/jazzy/share/ament_lint_auto/cmake)
[0.221s] -- Looking for gz-plugin3 -- found version 3.0.0
[0.223s] -- Searching for dependencies of gz-plugin3
[0.224s] -- Looking for gz-utils3 -- found version 3.0.0
[0.224s] -- Searching for dependencies of gz-utils3
[0.224s] -- Searching for <gz-utils3> component [cli]
[0.224s] -- Looking for gz-utils3-cli -- found version 3.0.0
[0.224s] -- Searching for dependencies of gz-utils3-cli
[0.225s] -- Searching for <gz-plugin3> component [register]
[0.225s] -- Looking for gz-plugin3-register -- found version 3.0.0
[0.225s] -- Searching for dependencies of gz-plugin3-register
[0.225s] -- Looking for gz-sim9 -- found version 9.0.0
[0.225s] -- Searching for dependencies of gz-sim9
[0.226s] -- Looking for sdformat15 -- found version 15.0.0
[0.226s] -- Searching for dependencies of sdformat15
[0.228s] -- Checking for module 'tinyxml2'
[0.241s] --   Found tinyxml2, version 10.0.0
[0.314s] -- Looking for gz-math8 -- found version 8.0.0
[0.314s] -- Searching for dependencies of gz-math8
[0.316s] -- Looking for gz-utils3 -- found version 3.0.0
[0.319s] -- Looking for gz-utils3 -- found version 3.0.0
[0.322s] -- Looking for gz-plugin3 -- found version 3.0.0
[0.323s] -- Searching for dependencies of gz-plugin3
[0.324s] -- Looking for gz-utils3 -- found version 3.0.0
[0.324s] -- Searching for <gz-plugin3> component [loader]
[0.325s] -- Looking for gz-plugin3-loader -- found version 3.0.0
[0.325s] -- Searching for dependencies of gz-plugin3-loader
[0.327s] -- Searching for <gz-plugin3> component [register]
[0.328s] -- Looking for gz-transport14 -- found version 14.0.0
[0.329s] -- Searching for dependencies of gz-transport14
[0.356s] -- Config-file not installed for ZeroMQ -- checking for pkg-config
[0.364s] -- Checking for module 'libzmq >= 4'
[0.394s] --   Found libzmq, version 4.3.5
[0.509s] -- Checking for module 'uuid'
[0.535s] --   Found uuid, version 2.39.3
[0.613s] -- Looking for gz-utils3 -- found version 3.0.0
[0.614s] -- Looking for gz-msgs11 -- found version 11.0.1
[0.614s] -- Searching for dependencies of gz-msgs11
[0.627s] -- Looking for gz-utils3 -- found version 3.0.0
[0.627s] -- Looking for gz-math8 -- found version 8.0.0
[0.757s] -- Searching for <gz-transport14> component [log]
[0.757s] -- Looking for gz-transport14-log -- found version 14.0.0
[0.757s] -- Searching for dependencies of gz-transport14-log
[0.757s] -- Searching for <gz-transport14> component [parameters]
[0.758s] -- Looking for gz-transport14-parameters -- found version 14.0.0
[0.758s] -- Searching for dependencies of gz-transport14-parameters
[0.758s] -- Looking for gz-msgs11 -- found version 11.0.1
[0.759s] -- Looking for gz-common6 -- found version 6.0.0
[0.759s] -- Searching for dependencies of gz-common6
[0.759s] -- Looking for gz-utils3 -- found version 3.0.0
[0.759s] -- Searching for dependencies of gz-utils3
[0.759s] -- Searching for <gz-utils3> component [log]
[0.759s] -- Looking for gz-utils3-log -- found version 3.0.0
[0.759s] -- Searching for dependencies of gz-utils3-log
[0.765s] -- Searching for <gz-common6> component [av]
[0.765s] -- Looking for gz-common6-av -- found version 6.0.0
[0.766s] -- Searching for dependencies of gz-common6-av
[0.769s] -- Checking for module 'libswscale'
[0.784s] --   Found libswscale, version 7.5.100
[0.880s] -- Checking for module 'libavdevice >= 56.4.100'
[0.915s] --   Found libavdevice, version 60.3.100
[1.042s] -- Checking for module 'libavformat'
[1.083s] --   Found libavformat, version 60.16.100
[1.191s] -- Checking for module 'libavcodec'
[1.226s] --   Found libavcodec, version 60.31.102
[1.322s] -- Checking for module 'libavutil'
[1.360s] --   Found libavutil, version 58.29.100
[1.447s] -- Searching for <gz-common6> component [events]
[1.448s] -- Looking for gz-common6-events -- found version 6.0.0
[1.448s] -- Searching for dependencies of gz-common6-events
[1.448s] -- Looking for gz-math8 -- found version 8.0.0
[1.449s] -- Searching for <gz-common6> component [graphics]
[1.449s] -- Looking for gz-common6-graphics -- found version 6.0.0
[1.449s] -- Searching for dependencies of gz-common6-graphics
[1.449s] -- Looking for gz-math8 -- found version 8.0.0
[1.451s] -- Searching for <gz-common6> component [io]
[1.452s] -- Looking for gz-common6-io -- found version 6.0.0
[1.452s] -- Searching for dependencies of gz-common6-io
[1.452s] -- Searching for <gz-common6> component [profiler]
[1.453s] -- Looking for gz-common6-profiler -- found version 6.0.0
[1.453s] -- Searching for dependencies of gz-common6-profiler
[1.454s] -- Looking for gz-fuel_tools10 -- found version 10.0.0
[1.454s] -- Searching for dependencies of gz-fuel_tools10
[1.505s] -- Checking for module 'jsoncpp'
[1.528s] --   Found jsoncpp, version 1.9.5
[1.639s] -- Checking for module 'yaml-0.1'
[1.659s] --   Found yaml-0.1, version 0.2.5
[1.758s] -- Checking for module 'libzip'
[1.796s] --   Found libzip, version 1.7.3
[1.874s] -- Looking for gz-utils3 -- found version 3.0.0
[1.874s] -- Looking for gz-common6 -- found version 6.0.0
[1.875s] -- Searching for dependencies of gz-common6
[1.875s] -- Looking for gz-utils3 -- found version 3.0.0
[1.889s] -- Searching for <gz-common6> component [testing]
[1.891s] -- Looking for gz-common6-testing -- found version 6.0.0
[1.891s] -- Searching for dependencies of gz-common6-testing
[1.894s] -- Looking for gz-math8 -- found version 8.0.0
[1.895s] -- Looking for gz-msgs11 -- found version 11.0.1
[1.897s] -- Looking for gz-gui9 -- found version 9.0.0
[1.897s] -- Searching for dependencies of gz-gui9
[1.938s] -- Looking for gz-utils3 -- found version 3.0.0
[1.938s] -- Looking for gz-math8 -- found version 8.0.0
[1.939s] -- Looking for gz-common6 -- found version 6.0.0
[1.939s] -- Looking for gz-plugin3 -- found version 3.0.0
[1.939s] -- Looking for gz-transport14 -- found version 14.0.0
[1.939s] -- Looking for gz-rendering9 -- found version 9.0.0
[1.939s] -- Searching for dependencies of gz-rendering9
[1.939s] -- Looking for gz-math8 -- found version 8.0.0
[1.940s] -- Searching for dependencies of gz-math8
[1.940s] -- Looking for gz-utils3 -- found version 3.0.0
[1.940s] -- Searching for <gz-math8> component [eigen3]
[1.940s] -- Looking for gz-math8-eigen3 -- found version 8.0.0
[1.940s] -- Searching for dependencies of gz-math8-eigen3
[1.941s] -- Looking for gz-common6 -- found version 6.0.0
[1.941s] -- Searching for dependencies of gz-common6
[1.941s] -- Looking for gz-utils3 -- found version 3.0.0
[1.953s] -- Searching for <gz-common6> component [graphics]
[1.954s] -- Searching for <gz-common6> component [events]
[1.954s] -- Searching for <gz-common6> component [geospatial]
[1.955s] -- Looking for gz-common6-geospatial -- found version 6.0.0
[1.955s] -- Searching for dependencies of gz-common6-geospatial
[1.956s] -- Looking for gz-math8 -- found version 8.0.0
[1.957s] -- Looking for gz-common6 -- found version 6.0.0
[1.958s] -- Looking for gz-plugin3 -- found version 3.0.0
[1.958s] -- Searching for dependencies of gz-plugin3
[1.959s] -- Looking for gz-utils3 -- found version 3.0.0
[1.959s] -- Searching for <gz-plugin3> component [all]
[1.959s] -- Looking for all libraries of gz-plugin3 -- found version 3.0.0
[1.960s] -- Looking for gz-plugin3 -- found version 3.0.0
[1.961s] -- Looking for gz-utils3 -- found version 3.0.0
[1.964s] -- Looking for gz-msgs11 -- found version 11.0.1
[1.973s] -- Looking for gz-physics8 -- found version 8.0.0
[1.973s] -- Searching for dependencies of gz-physics8
[1.974s] -- Looking for gz-common6 -- found version 6.0.0
[1.974s] -- Looking for gz-math8 -- found version 8.0.0
[1.974s] -- Looking for gz-plugin3 -- found version 3.0.0
[1.974s] -- Looking for gz-utils3 -- found version 3.0.0
[1.975s] -- Searching for <gz-physics8> component [heightmap]
[1.975s] -- Looking for gz-physics8-heightmap -- found version 8.0.0
[1.975s] -- Searching for dependencies of gz-physics8-heightmap
[1.975s] -- Looking for gz-common6 -- found version 6.0.0
[1.976s] -- Searching for <gz-physics8> component [mesh]
[1.976s] -- Looking for gz-physics8-mesh -- found version 8.0.0
[1.976s] -- Searching for dependencies of gz-physics8-mesh
[1.976s] -- Looking for gz-common6 -- found version 6.0.0
[1.976s] -- Searching for <gz-physics8> component [sdf]
[1.977s] -- Looking for gz-physics8-sdf -- found version 8.0.0
[1.977s] -- Searching for dependencies of gz-physics8-sdf
[1.977s] -- Looking for sdformat15 -- found version 15.0.0
[1.977s] -- Looking for gz-sensors9 -- found version 9.0.0
[1.978s] -- Searching for dependencies of gz-sensors9
[1.990s] -- Looking for gz-math8 -- found version 8.0.0
[1.990s] -- Looking for gz-common6 -- found version 6.0.0
[1.991s] -- Looking for gz-transport14 -- found version 14.0.0
[1.991s] -- Looking for gz-rendering9 -- found version 9.0.0
[1.991s] -- Looking for gz-msgs11 -- found version 11.0.1
[1.992s] -- Looking for sdformat15 -- found version 15.0.0
[1.992s] -- Searching for <gz-sensors9> component [air_pressure]
[1.992s] -- Looking for gz-sensors9-air_pressure -- found version 9.0.0
[1.992s] -- Searching for dependencies of gz-sensors9-air_pressure
[1.993s] -- Searching for <gz-sensors9> component [air_speed]
[1.993s] -- Looking for gz-sensors9-air_speed -- found version 9.0.0
[1.993s] -- Searching for dependencies of gz-sensors9-air_speed
[1.993s] -- Searching for <gz-sensors9> component [altimeter]
[1.994s] -- Looking for gz-sensors9-altimeter -- found version 9.0.0
[1.994s] -- Searching for dependencies of gz-sensors9-altimeter
[1.994s] -- Searching for <gz-sensors9> component [imu]
[1.994s] -- Looking for gz-sensors9-imu -- found version 9.0.0
[1.994s] -- Searching for dependencies of gz-sensors9-imu
[1.994s] -- Searching for <gz-sensors9> component [force_torque]
[1.995s] -- Looking for gz-sensors9-force_torque -- found version 9.0.0
[1.995s] -- Searching for dependencies of gz-sensors9-force_torque
[1.995s] -- Searching for <gz-sensors9> component [logical_camera]
[1.995s] -- Looking for gz-sensors9-logical_camera -- found version 9.0.0
[1.995s] -- Searching for dependencies of gz-sensors9-logical_camera
[1.996s] -- Searching for <gz-sensors9> component [magnetometer]
[1.996s] -- Looking for gz-sensors9-magnetometer -- found version 9.0.0
[1.996s] -- Searching for dependencies of gz-sensors9-magnetometer
[1.996s] -- Searching for <gz-sensors9> component [navsat]
[1.996s] -- Looking for gz-sensors9-navsat -- found version 9.0.0
[1.996s] -- Searching for dependencies of gz-sensors9-navsat
[1.997s] -- Searching for <gz-sensors9> component [dvl]
[1.997s] -- Looking for gz-sensors9-dvl -- found version 9.0.0
[1.997s] -- Searching for dependencies of gz-sensors9-dvl
[1.997s] -- Looking for gz-sensors9 -- found version 9.0.0
[1.997s] -- Searching for dependencies of gz-sensors9
[2.010s] -- Looking for gz-math8 -- found version 8.0.0
[2.010s] -- Looking for gz-common6 -- found version 6.0.0
[2.010s] -- Looking for gz-transport14 -- found version 14.0.0
[2.010s] -- Looking for gz-rendering9 -- found version 9.0.0
[2.011s] -- Looking for gz-msgs11 -- found version 11.0.1
[2.011s] -- Looking for sdformat15 -- found version 15.0.0
[2.011s] -- Searching for <gz-sensors9> component [rendering]
[2.011s] -- Looking for gz-sensors9-rendering -- found version 9.0.0
[2.011s] -- Searching for dependencies of gz-sensors9-rendering
[2.012s] -- Searching for <gz-sensors9> component [rendering]
[2.012s] -- Searching for <gz-sensors9> component [lidar]
[2.012s] -- Looking for gz-sensors9-lidar -- found version 9.0.0
[2.012s] -- Searching for dependencies of gz-sensors9-lidar
[2.013s] -- Looking for gz-sensors9 -- found version 9.0.0
[2.013s] -- Searching for <gz-sensors9> component [gpu_lidar]
[2.013s] -- Looking for gz-sensors9-gpu_lidar -- found version 9.0.0
[2.013s] -- Searching for dependencies of gz-sensors9-gpu_lidar
[2.014s] -- Looking for gz-sensors9 -- found version 9.0.0
[2.014s] -- Searching for <gz-sensors9> component [camera]
[2.014s] -- Looking for gz-sensors9-camera -- found version 9.0.0
[2.014s] -- Searching for dependencies of gz-sensors9-camera
[2.014s] -- Looking for gz-sensors9 -- found version 9.0.0
[2.015s] -- Searching for <gz-sensors9> component [boundingbox_camera]
[2.015s] -- Looking for gz-sensors9-boundingbox_camera -- found version 9.0.0
[2.015s] -- Searching for dependencies of gz-sensors9-boundingbox_camera
[2.015s] -- Searching for <gz-sensors9> component [segmentation_camera]
[2.016s] -- Looking for gz-sensors9-segmentation_camera -- found version 9.0.0
[2.016s] -- Searching for dependencies of gz-sensors9-segmentation_camera
[2.016s] -- Searching for <gz-sensors9> component [depth_camera]
[2.016s] -- Looking for gz-sensors9-depth_camera -- found version 9.0.0
[2.016s] -- Searching for dependencies of gz-sensors9-depth_camera
[2.016s] -- Looking for gz-sensors9 -- found version 9.0.0
[2.017s] -- Searching for <gz-sensors9> component [rgbd_camera]
[2.017s] -- Looking for gz-sensors9-rgbd_camera -- found version 9.0.0
[2.017s] -- Searching for dependencies of gz-sensors9-rgbd_camera
[2.017s] -- Looking for gz-sensors9 -- found version 9.0.0
[2.018s] -- Searching for <gz-sensors9> component [thermal_camera]
[2.018s] -- Looking for gz-sensors9-thermal_camera -- found version 9.0.0
[2.018s] -- Searching for dependencies of gz-sensors9-thermal_camera
[2.018s] -- Looking for gz-sensors9 -- found version 9.0.0
[2.019s] -- Searching for <gz-sensors9> component [wide_angle_camera]
[2.019s] -- Looking for gz-sensors9-wide_angle_camera -- found version 9.0.0
[2.019s] -- Searching for dependencies of gz-sensors9-wide_angle_camera
[2.019s] -- Looking for gz-rendering9 -- found version 9.0.0
[2.020s] -- Looking for gz-math8 -- found version 8.0.0
[2.020s] -- Looking for gz-utils3 -- found version 3.0.0
[2.033s] -- Added test 'cppcheck' to perform static code analysis on C / C++ code
[2.034s] -- Configured cppcheck include dirs: 
[2.034s] -- Configured cppcheck exclude dirs and/or files: 
[2.034s] -- Added test 'flake8' to check Python code syntax and style conventions
[2.034s] -- Configured 'flake8' exclude dirs and/or files: 
[2.034s] -- Added test 'lint_cmake' to check CMake code style
[2.034s] -- Added test 'pep257' to check Python code against some of the docstring style conventions in PEP 257
[2.035s] -- Added test 'uncrustify' to check C / C++ code style
[2.035s] -- Configured uncrustify additional arguments: 
[2.035s] -- Added test 'xmllint' to check XML markup files
[2.035s] -- Configuring done (2.0s)
[2.038s] -- Generating done (0.0s)
[2.039s] -- Build files have been written to: /home/lucas/sagan_ws/build/mobile_robot
[2.061s] Invoked command in '/home/lucas/sagan_ws/build/mobile_robot' returned '0': CMAKE_PREFIX_PATH=${CMAKE_PREFIX_PATH}:/opt/ros/jazzy DEBUGINFOD_URLS=https://debuginfod.ubuntu.com /usr/bin/cmake --build /home/lucas/sagan_ws/build/mobile_robot -- -j20 -l20
[2.100s] Invoking command in '/home/lucas/sagan_ws/build/mobile_robot': CMAKE_PREFIX_PATH=${CMAKE_PREFIX_PATH}:/opt/ros/jazzy DEBUGINFOD_URLS=https://debuginfod.ubuntu.com /usr/bin/cmake --install /home/lucas/sagan_ws/build/mobile_robot
[2.111s] -- Install configuration: ""
[2.111s] -- Up-to-date: /home/lucas/sagan_ws/install/mobile_robot/share/mobile_robot/launch
[2.112s] -- Up-to-date: /home/lucas/sagan_ws/install/mobile_robot/share/mobile_robot/launch/gazebo_model.launch.py
[2.112s] -- Up-to-date: /home/lucas/sagan_ws/install/mobile_robot/share/mobile_robot/model
[2.112s] -- Up-to-date: /home/lucas/sagan_ws/install/mobile_robot/share/mobile_robot/model/Sagan.gazebo
[2.112s] -- Up-to-date: /home/lucas/sagan_ws/install/mobile_robot/share/mobile_robot/model/meshes
[2.112s] -- Up-to-date: /home/lucas/sagan_ws/install/mobile_robot/share/mobile_robot/model/meshes/LR_stering_arm.STL
[2.113s] -- Up-to-date: /home/lucas/sagan_ws/install/mobile_robot/share/mobile_robot/model/meshes/RF_stering_arm.STL
[2.113s] -- Up-to-date: /home/lucas/sagan_ws/install/mobile_robot/share/mobile_robot/model/meshes/RF_wheel.STL
[2.113s] -- Up-to-date: /home/lucas/sagan_ws/install/mobile_robot/share/mobile_robot/model/meshes/base_link.STL
[2.113s] -- Up-to-date: /home/lucas/sagan_ws/install/mobile_robot/share/mobile_robot/model/meshes/LR_wheel.STL
[2.113s] -- Up-to-date: /home/lucas/sagan_ws/install/mobile_robot/share/mobile_robot/model/meshes/Left_arm.STL
[2.113s] -- Up-to-date: /home/lucas/sagan_ws/install/mobile_robot/share/mobile_robot/model/meshes/LF_stering_arm.STL
[2.113s] -- Up-to-date: /home/lucas/sagan_ws/install/mobile_robot/share/mobile_robot/model/meshes/RR_wheel.STL
[2.114s] -- Up-to-date: /home/lucas/sagan_ws/install/mobile_robot/share/mobile_robot/model/meshes/LF_wheel.STL
[2.114s] -- Up-to-date: /home/lucas/sagan_ws/install/mobile_robot/share/mobile_robot/model/meshes/Right_arm.STL
[2.114s] -- Up-to-date: /home/lucas/sagan_ws/install/mobile_robot/share/mobile_robot/model/meshes/RR_stering_arm.STL
[2.114s] -- Up-to-date: /home/lucas/sagan_ws/install/mobile_robot/share/mobile_robot/model/Sagan.xacro.urdf
[2.114s] -- Up-to-date: /home/lucas/sagan_ws/install/mobile_robot/share/mobile_robot/model/robot.gazebo
[2.114s] -- Up-to-date: /home/lucas/sagan_ws/install/mobile_robot/share/mobile_robot/model/robot.xacro
[2.114s] -- Up-to-date: /home/lucas/sagan_ws/install/mobile_robot/share/mobile_robot/parameters
[2.114s] -- Up-to-date: /home/lucas/sagan_ws/install/mobile_robot/share/mobile_robot/parameters/bridge_parameters.yaml
[2.115s] -- Up-to-date: /home/lucas/sagan_ws/install/mobile_robot/share/mobile_robot/plugin
[2.115s] -- Up-to-date: /home/lucas/sagan_ws/install/mobile_robot/share/mobile_robot/plugin/system_plugin
[2.115s] -- Up-to-date: /home/lucas/sagan_ws/install/mobile_robot/share/mobile_robot/plugin/system_plugin/SampleSystem.cc
[2.115s] -- Up-to-date: /home/lucas/sagan_ws/install/mobile_robot/share/mobile_robot/plugin/system_plugin/SampleSystem.hh
[2.115s] -- Up-to-date: /home/lucas/sagan_ws/install/mobile_robot/share/mobile_robot/plugin/system_plugin/CMakeLists.txt
[2.115s] -- Up-to-date: /home/lucas/sagan_ws/install/mobile_robot/share/mobile_robot/plugin/system_plugin/SampleSystem2.cc
[2.115s] -- Up-to-date: /home/lucas/sagan_ws/install/mobile_robot/share/ament_index/resource_index/package_run_dependencies/mobile_robot
[2.115s] -- Up-to-date: /home/lucas/sagan_ws/install/mobile_robot/share/ament_index/resource_index/parent_prefix_path/mobile_robot
[2.116s] -- Up-to-date: /home/lucas/sagan_ws/install/mobile_robot/share/mobile_robot/environment/ament_prefix_path.sh
[2.116s] -- Up-to-date: /home/lucas/sagan_ws/install/mobile_robot/share/mobile_robot/environment/ament_prefix_path.dsv
[2.116s] -- Up-to-date: /home/lucas/sagan_ws/install/mobile_robot/share/mobile_robot/environment/path.sh
[2.116s] -- Up-to-date: /home/lucas/sagan_ws/install/mobile_robot/share/mobile_robot/environment/path.dsv
[2.116s] -- Up-to-date: /home/lucas/sagan_ws/install/mobile_robot/share/mobile_robot/local_setup.bash
[2.116s] -- Up-to-date: /home/lucas/sagan_ws/install/mobile_robot/share/mobile_robot/local_setup.sh
[2.116s] -- Up-to-date: /home/lucas/sagan_ws/install/mobile_robot/share/mobile_robot/local_setup.zsh
[2.116s] -- Up-to-date: /home/lucas/sagan_ws/install/mobile_robot/share/mobile_robot/local_setup.dsv
[2.117s] -- Installing: /home/lucas/sagan_ws/install/mobile_robot/share/mobile_robot/package.dsv
[2.117s] -- Up-to-date: /home/lucas/sagan_ws/install/mobile_robot/share/ament_index/resource_index/packages/mobile_robot
[2.117s] -- Up-to-date: /home/lucas/sagan_ws/install/mobile_robot/share/mobile_robot/cmake/mobile_robotConfig.cmake
[2.117s] -- Up-to-date: /home/lucas/sagan_ws/install/mobile_robot/share/mobile_robot/cmake/mobile_robotConfig-version.cmake
[2.117s] -- Up-to-date: /home/lucas/sagan_ws/install/mobile_robot/share/mobile_robot/package.xml
[2.118s] Invoked command in '/home/lucas/sagan_ws/build/mobile_robot' returned '0': CMAKE_PREFIX_PATH=${CMAKE_PREFIX_PATH}:/opt/ros/jazzy DEBUGINFOD_URLS=https://debuginfod.ubuntu.com /usr/bin/cmake --install /home/lucas/sagan_ws/build/mobile_robot
