[0mCMake Error: The current CMakeCache.txt directory /home/lucas/sagan_ws/build/mobile_robot/CMakeCache.txt is different than the directory /home/lucas/ws_mobile/build/mobile_robot where CMakeCache.txt was created. This may result in binaries being created in the wrong place. If you are not sure, reedit the CMakeCache.txt[0m
-- Install configuration: ""
-- Up-to-date: /home/lucas/ws_mobile/install/mobile_robot/share/mobile_robot/launch
-- Installing: /home/lucas/ws_mobile/install/mobile_robot/share/mobile_robot/launch/gazebo_model.launch.py
-- Up-to-date: /home/lucas/ws_mobile/install/mobile_robot/share/mobile_robot/model
-- Up-to-date: /home/lucas/ws_mobile/install/mobile_robot/share/mobile_robot/model/robot.gazebo
-- Up-to-date: /home/lucas/ws_mobile/install/mobile_robot/share/mobile_robot/model/robot.xacro
-- Up-to-date: /home/lucas/ws_mobile/install/mobile_robot/share/mobile_robot/parameters
-- Up-to-date: /home/lucas/ws_mobile/install/mobile_robot/share/mobile_robot/parameters/bridge_parameters.yaml
-- Up-to-date: /home/lucas/ws_mobile/install/mobile_robot/share/ament_index/resource_index/package_run_dependencies/mobile_robot
-- Up-to-date: /home/lucas/ws_mobile/install/mobile_robot/share/ament_index/resource_index/parent_prefix_path/mobile_robot
-- Up-to-date: /home/lucas/ws_mobile/install/mobile_robot/share/mobile_robot/environment/ament_prefix_path.sh
-- Up-to-date: /home/lucas/ws_mobile/install/mobile_robot/share/mobile_robot/environment/ament_prefix_path.dsv
-- Up-to-date: /home/lucas/ws_mobile/install/mobile_robot/share/mobile_robot/environment/path.sh
-- Up-to-date: /home/lucas/ws_mobile/install/mobile_robot/share/mobile_robot/environment/path.dsv
-- Up-to-date: /home/lucas/ws_mobile/install/mobile_robot/share/mobile_robot/local_setup.bash
-- Up-to-date: /home/lucas/ws_mobile/install/mobile_robot/share/mobile_robot/local_setup.sh
-- Up-to-date: /home/lucas/ws_mobile/install/mobile_robot/share/mobile_robot/local_setup.zsh
-- Up-to-date: /home/lucas/ws_mobile/install/mobile_robot/share/mobile_robot/local_setup.dsv
-- Installing: /home/lucas/ws_mobile/install/mobile_robot/share/mobile_robot/package.dsv
-- Up-to-date: /home/lucas/ws_mobile/install/mobile_robot/share/ament_index/resource_index/packages/mobile_robot
-- Up-to-date: /home/lucas/ws_mobile/install/mobile_robot/share/mobile_robot/cmake/mobile_robotConfig.cmake
-- Up-to-date: /home/lucas/ws_mobile/install/mobile_robot/share/mobile_robot/cmake/mobile_robotConfig-version.cmake
-- Up-to-date: /home/lucas/ws_mobile/install/mobile_robot/share/mobile_robot/package.xml
