[0.006s] Invoking command in '/home/lucas/sagan_ws/build/mobile_robot': CMAKE_PREFIX_PATH=${CMAKE_PREFIX_PATH}:/opt/ros/jazzy DEBUGINFOD_URLS=https://debuginfod.ubuntu.com /usr/bin/cmake --build /home/lucas/sagan_ws/build/mobile_robot -- -j20 -l20
[0.013s] [0mCMake Error: The current CMakeCache.txt directory /home/lucas/sagan_ws/build/mobile_robot/CMakeCache.txt is different than the directory /home/lucas/ws_mobile/build/mobile_robot where CMakeCache.txt was created. This may result in binaries being created in the wrong place. If you are not sure, reedit the CMakeCache.txt[0m
[0.057s] Invoked command in '/home/lucas/sagan_ws/build/mobile_robot' returned '0': CMAKE_PREFIX_PATH=${CMAKE_PREFIX_PATH}:/opt/ros/jazzy DEBUGINFOD_URLS=https://debuginfod.ubuntu.com /usr/bin/cmake --build /home/lucas/sagan_ws/build/mobile_robot -- -j20 -l20
[0.123s] Invoking command in '/home/lucas/sagan_ws/build/mobile_robot': CMAKE_PREFIX_PATH=${CMAKE_PREFIX_PATH}:/opt/ros/jazzy DEBUGINFOD_URLS=https://debuginfod.ubuntu.com /usr/bin/cmake --install /home/lucas/sagan_ws/build/mobile_robot
[0.139s] -- Install configuration: ""
[0.139s] -- Up-to-date: /home/lucas/ws_mobile/install/mobile_robot/share/mobile_robot/launch
[0.139s] -- Installing: /home/lucas/ws_mobile/install/mobile_robot/share/mobile_robot/launch/gazebo_model.launch.py
[0.139s] -- Up-to-date: /home/lucas/ws_mobile/install/mobile_robot/share/mobile_robot/model
[0.139s] -- Up-to-date: /home/lucas/ws_mobile/install/mobile_robot/share/mobile_robot/model/robot.gazebo
[0.139s] -- Up-to-date: /home/lucas/ws_mobile/install/mobile_robot/share/mobile_robot/model/robot.xacro
[0.139s] -- Up-to-date: /home/lucas/ws_mobile/install/mobile_robot/share/mobile_robot/parameters
[0.139s] -- Up-to-date: /home/lucas/ws_mobile/install/mobile_robot/share/mobile_robot/parameters/bridge_parameters.yaml
[0.139s] -- Up-to-date: /home/lucas/ws_mobile/install/mobile_robot/share/ament_index/resource_index/package_run_dependencies/mobile_robot
[0.140s] -- Up-to-date: /home/lucas/ws_mobile/install/mobile_robot/share/ament_index/resource_index/parent_prefix_path/mobile_robot
[0.140s] -- Up-to-date: /home/lucas/ws_mobile/install/mobile_robot/share/mobile_robot/environment/ament_prefix_path.sh
[0.140s] -- Up-to-date: /home/lucas/ws_mobile/install/mobile_robot/share/mobile_robot/environment/ament_prefix_path.dsv
[0.140s] -- Up-to-date: /home/lucas/ws_mobile/install/mobile_robot/share/mobile_robot/environment/path.sh
[0.140s] -- Up-to-date: /home/lucas/ws_mobile/install/mobile_robot/share/mobile_robot/environment/path.dsv
[0.140s] -- Up-to-date: /home/lucas/ws_mobile/install/mobile_robot/share/mobile_robot/local_setup.bash
[0.140s] -- Up-to-date: /home/lucas/ws_mobile/install/mobile_robot/share/mobile_robot/local_setup.sh
[0.140s] -- Up-to-date: /home/lucas/ws_mobile/install/mobile_robot/share/mobile_robot/local_setup.zsh
[0.140s] -- Up-to-date: /home/lucas/ws_mobile/install/mobile_robot/share/mobile_robot/local_setup.dsv
[0.140s] -- Installing: /home/lucas/ws_mobile/install/mobile_robot/share/mobile_robot/package.dsv
[0.141s] -- Up-to-date: /home/lucas/ws_mobile/install/mobile_robot/share/ament_index/resource_index/packages/mobile_robot
[0.141s] -- Up-to-date: /home/lucas/ws_mobile/install/mobile_robot/share/mobile_robot/cmake/mobile_robotConfig.cmake
[0.141s] -- Up-to-date: /home/lucas/ws_mobile/install/mobile_robot/share/mobile_robot/cmake/mobile_robotConfig-version.cmake
[0.141s] -- Up-to-date: /home/lucas/ws_mobile/install/mobile_robot/share/mobile_robot/package.xml
[0.142s] Invoked command in '/home/lucas/sagan_ws/build/mobile_robot' returned '0': CMAKE_PREFIX_PATH=${CMAKE_PREFIX_PATH}:/opt/ros/jazzy DEBUGINFOD_URLS=https://debuginfod.ubuntu.com /usr/bin/cmake --install /home/lucas/sagan_ws/build/mobile_robot
