-- Found ament_cmake: 2.5.2 (/opt/ros/jazzy/share/ament_cmake/cmake)
-- Looking for gz-plugin3 -- found version 3.0.0
-- Searching for dependencies of gz-plugin3
-- Looking for gz-utils3 -- found version 3.0.0
-- Searching for dependencies of gz-utils3
-- Searching for <gz-utils3> component [cli]
-- Looking for gz-utils3-cli -- found version 3.0.0
-- Searching for dependencies of gz-utils3-cli
-- Searching for <gz-plugin3> component [register]
-- Looking for gz-plugin3-register -- found version 3.0.0
-- Searching for dependencies of gz-plugin3-register
-- Found ament_lint_auto: 0.17.1 (/opt/ros/jazzy/share/ament_lint_auto/cmake)
-- Added test 'cppcheck' to perform static code analysis on C / C++ code
-- Configured cppcheck include dirs: 
-- Configured cppcheck exclude dirs and/or files: 
-- Added test 'flake8' to check Python code syntax and style conventions
-- Configured 'flake8' exclude dirs and/or files: 
-- Added test 'lint_cmake' to check CMake code style
-- Added test 'pep257' to check Python code against some of the docstring style conventions in PEP 257
-- Added test 'uncrustify' to check C / C++ code style
-- Configured uncrustify additional arguments: 
-- Added test 'xmllint' to check XML markup files
-- Configuring done (0.3s)
[31mCMake Error at CMakeLists.txt:23 (add_library):
  Cannot find source file:

    SampleSystem.cc

  Tried extensions .c .C .c++ .cc .cpp .cxx .cu .mpp .m .M .mm .ixx .cppm
  .ccm .cxxm .c++m .h .hh .h++ .hm .hpp .hxx .in .txx .f .F .for .f77 .f90
  .f95 .f03 .hip .ispc

[0m
[31mCMake Error at CMakeLists.txt:23 (add_library):
  No SOURCES given to target: SampleSystem

[0m
[0mCMake Generate step failed.  Build files cannot be regenerated correctly.[0m
