[0.006s] Invoking command in '/home/lucas/sagan_ws/build/mobile_robot': CMAKE_PREFIX_PATH=${CMAKE_PREFIX_PATH}:/opt/ros/jazzy DEBUGINFOD_URLS=https://debuginfod.ubuntu.com /usr/bin/cmake /home/lucas/sagan_ws/src/mobile_robot -DCMAKE_INSTALL_PREFIX=/home/lucas/sagan_ws/install/mobile_robot
[0.014s] -- Found ament_cmake: 2.5.2 (/opt/ros/jazzy/share/ament_cmake/cmake)
[0.184s] -- Looking for gz-plugin3 -- found version 3.0.0
[0.190s] -- Searching for dependencies of gz-plugin3
[0.192s] -- Looking for gz-utils3 -- found version 3.0.0
[0.192s] -- Searching for dependencies of gz-utils3
[0.192s] -- Searching for <gz-utils3> component [cli]
[0.194s] -- Looking for gz-utils3-cli -- found version 3.0.0
[0.194s] -- Searching for dependencies of gz-utils3-cli
[0.194s] -- Searching for <gz-plugin3> component [register]
[0.196s] -- Looking for gz-plugin3-register -- found version 3.0.0
[0.196s] -- Searching for dependencies of gz-plugin3-register
[0.198s] -- Found ament_lint_auto: 0.17.1 (/opt/ros/jazzy/share/ament_lint_auto/cmake)
[0.260s] -- Added test 'cppcheck' to perform static code analysis on C / C++ code
[0.260s] -- Configured cppcheck include dirs: 
[0.260s] -- Configured cppcheck exclude dirs and/or files: 
[0.260s] -- Added test 'flake8' to check Python code syntax and style conventions
[0.260s] -- Configured 'flake8' exclude dirs and/or files: 
[0.261s] -- Added test 'lint_cmake' to check CMake code style
[0.261s] -- Added test 'pep257' to check Python code against some of the docstring style conventions in PEP 257
[0.262s] -- Added test 'uncrustify' to check C / C++ code style
[0.262s] -- Configured uncrustify additional arguments: 
[0.262s] -- Added test 'xmllint' to check XML markup files
[0.263s] -- Configuring done (0.3s)
[0.264s] [31mCMake Error at CMakeLists.txt:23 (add_library):
[0.264s]   Cannot find source file:
[0.264s] 
[0.264s]     SampleSystem.cc
[0.264s] 
[0.264s]   Tried extensions .c .C .c++ .cc .cpp .cxx .cu .mpp .m .M .mm .ixx .cppm
[0.264s]   .ccm .cxxm .c++m .h .hh .h++ .hm .hpp .hxx .in .txx .f .F .for .f77 .f90
[0.264s]   .f95 .f03 .hip .ispc
[0.264s] 
[0.264s] [0m
[0.264s] [31mCMake Error at CMakeLists.txt:23 (add_library):
[0.264s]   No SOURCES given to target: SampleSystem
[0.264s] 
[0.264s] [0m
[0.264s] [0mCMake Generate step failed.  Build files cannot be regenerated correctly.[0m
[0.266s] Invoked command in '/home/lucas/sagan_ws/build/mobile_robot' returned '1': CMAKE_PREFIX_PATH=${CMAKE_PREFIX_PATH}:/opt/ros/jazzy DEBUGINFOD_URLS=https://debuginfod.ubuntu.com /usr/bin/cmake /home/lucas/sagan_ws/src/mobile_robot -DCMAKE_INSTALL_PREFIX=/home/lucas/sagan_ws/install/mobile_robot
