-- Found ament_cmake: 2.5.2 (/opt/ros/jazzy/share/ament_cmake/cmake)
-- Found ament_lint_auto: 0.17.1 (/opt/ros/jazzy/share/ament_lint_auto/cmake)
-- Looking for gz-plugin3 -- found version 3.0.0
-- Searching for dependencies of gz-plugin3
-- Looking for gz-utils3 -- found version 3.0.0
-- Searching for dependencies of gz-utils3
-- Searching for <gz-utils3> component [cli]
-- Looking for gz-utils3-cli -- found version 3.0.0
-- Searching for dependencies of gz-utils3-cli
-- Searching for <gz-plugin3> component [register]
-- Looking for gz-plugin3-register -- found version 3.0.0
-- Searching for dependencies of gz-plugin3-register
-- Looking for gz-sim9 -- found version 9.0.0
-- Searching for dependencies of gz-sim9
-- Looking for sdformat15 -- found version 15.0.0
-- Searching for dependencies of sdformat15
-- Checking for module 'tinyxml2'
--   Found tinyxml2, version 10.0.0
-- Looking for gz-math8 -- found version 8.0.0
-- Searching for dependencies of gz-math8
-- Looking for gz-utils3 -- found version 3.0.0
-- Looking for gz-utils3 -- found version 3.0.0
-- Looking for gz-plugin3 -- found version 3.0.0
-- Searching for dependencies of gz-plugin3
-- Looking for gz-utils3 -- found version 3.0.0
-- Searching for <gz-plugin3> component [loader]
-- Looking for gz-plugin3-loader -- found version 3.0.0
-- Searching for dependencies of gz-plugin3-loader
-- Searching for <gz-plugin3> component [register]
-- Looking for gz-transport14 -- found version 14.0.0
-- Searching for dependencies of gz-transport14
-- Config-file not installed for ZeroMQ -- checking for pkg-config
-- Checking for module 'libzmq >= 4'
--   Found libzmq, version 4.3.5
-- Checking for module 'uuid'
--   Found uuid, version 2.39.3
-- Looking for gz-utils3 -- found version 3.0.0
-- Looking for gz-msgs11 -- found version 11.0.1
-- Searching for dependencies of gz-msgs11
-- Looking for gz-utils3 -- found version 3.0.0
-- Looking for gz-math8 -- found version 8.0.0
-- Searching for <gz-transport14> component [log]
-- Looking for gz-transport14-log -- found version 14.0.0
-- Searching for dependencies of gz-transport14-log
-- Searching for <gz-transport14> component [parameters]
-- Looking for gz-transport14-parameters -- found version 14.0.0
-- Searching for dependencies of gz-transport14-parameters
-- Looking for gz-msgs11 -- found version 11.0.1
-- Looking for gz-common6 -- found version 6.0.0
-- Searching for dependencies of gz-common6
-- Looking for gz-utils3 -- found version 3.0.0
-- Searching for dependencies of gz-utils3
-- Searching for <gz-utils3> component [log]
-- Looking for gz-utils3-log -- found version 3.0.0
-- Searching for dependencies of gz-utils3-log
-- Searching for <gz-common6> component [av]
-- Looking for gz-common6-av -- found version 6.0.0
-- Searching for dependencies of gz-common6-av
-- Checking for module 'libswscale'
--   Found libswscale, version 7.5.100
-- Checking for module 'libavdevice >= 56.4.100'
--   Found libavdevice, version 60.3.100
-- Checking for module 'libavformat'
--   Found libavformat, version 60.16.100
-- Checking for module 'libavcodec'
--   Found libavcodec, version 60.31.102
-- Checking for module 'libavutil'
--   Found libavutil, version 58.29.100
-- Searching for <gz-common6> component [events]
-- Looking for gz-common6-events -- found version 6.0.0
-- Searching for dependencies of gz-common6-events
-- Looking for gz-math8 -- found version 8.0.0
-- Searching for <gz-common6> component [graphics]
-- Looking for gz-common6-graphics -- found version 6.0.0
-- Searching for dependencies of gz-common6-graphics
-- Looking for gz-math8 -- found version 8.0.0
-- Searching for <gz-common6> component [io]
-- Looking for gz-common6-io -- found version 6.0.0
-- Searching for dependencies of gz-common6-io
-- Searching for <gz-common6> component [profiler]
-- Looking for gz-common6-profiler -- found version 6.0.0
-- Searching for dependencies of gz-common6-profiler
-- Looking for gz-fuel_tools10 -- found version 10.0.0
-- Searching for dependencies of gz-fuel_tools10
-- Checking for module 'jsoncpp'
--   Found jsoncpp, version 1.9.5
-- Checking for module 'yaml-0.1'
--   Found yaml-0.1, version 0.2.5
-- Checking for module 'libzip'
--   Found libzip, version 1.7.3
-- Looking for gz-utils3 -- found version 3.0.0
-- Looking for gz-common6 -- found version 6.0.0
-- Searching for dependencies of gz-common6
-- Looking for gz-utils3 -- found version 3.0.0
-- Searching for <gz-common6> component [testing]
-- Looking for gz-common6-testing -- found version 6.0.0
-- Searching for dependencies of gz-common6-testing
-- Looking for gz-math8 -- found version 8.0.0
-- Looking for gz-msgs11 -- found version 11.0.1
-- Looking for gz-gui9 -- found version 9.0.0
-- Searching for dependencies of gz-gui9
-- Looking for gz-utils3 -- found version 3.0.0
-- Looking for gz-math8 -- found version 8.0.0
-- Looking for gz-common6 -- found version 6.0.0
-- Looking for gz-plugin3 -- found version 3.0.0
-- Looking for gz-transport14 -- found version 14.0.0
-- Looking for gz-rendering9 -- found version 9.0.0
-- Searching for dependencies of gz-rendering9
-- Looking for gz-math8 -- found version 8.0.0
-- Searching for dependencies of gz-math8
-- Looking for gz-utils3 -- found version 3.0.0
-- Searching for <gz-math8> component [eigen3]
-- Looking for gz-math8-eigen3 -- found version 8.0.0
-- Searching for dependencies of gz-math8-eigen3
-- Looking for gz-common6 -- found version 6.0.0
-- Searching for dependencies of gz-common6
-- Looking for gz-utils3 -- found version 3.0.0
-- Searching for <gz-common6> component [graphics]
-- Searching for <gz-common6> component [events]
-- Searching for <gz-common6> component [geospatial]
-- Looking for gz-common6-geospatial -- found version 6.0.0
-- Searching for dependencies of gz-common6-geospatial
-- Looking for gz-math8 -- found version 8.0.0
-- Looking for gz-common6 -- found version 6.0.0
-- Looking for gz-plugin3 -- found version 3.0.0
-- Searching for dependencies of gz-plugin3
-- Looking for gz-utils3 -- found version 3.0.0
-- Searching for <gz-plugin3> component [all]
-- Looking for all libraries of gz-plugin3 -- found version 3.0.0
-- Looking for gz-plugin3 -- found version 3.0.0
-- Looking for gz-utils3 -- found version 3.0.0
-- Looking for gz-msgs11 -- found version 11.0.1
-- Looking for gz-physics8 -- found version 8.0.0
-- Searching for dependencies of gz-physics8
-- Looking for gz-common6 -- found version 6.0.0
-- Looking for gz-math8 -- found version 8.0.0
-- Looking for gz-plugin3 -- found version 3.0.0
-- Looking for gz-utils3 -- found version 3.0.0
-- Searching for <gz-physics8> component [heightmap]
-- Looking for gz-physics8-heightmap -- found version 8.0.0
-- Searching for dependencies of gz-physics8-heightmap
-- Looking for gz-common6 -- found version 6.0.0
-- Searching for <gz-physics8> component [mesh]
-- Looking for gz-physics8-mesh -- found version 8.0.0
-- Searching for dependencies of gz-physics8-mesh
-- Looking for gz-common6 -- found version 6.0.0
-- Searching for <gz-physics8> component [sdf]
-- Looking for gz-physics8-sdf -- found version 8.0.0
-- Searching for dependencies of gz-physics8-sdf
-- Looking for sdformat15 -- found version 15.0.0
-- Looking for gz-sensors9 -- found version 9.0.0
-- Searching for dependencies of gz-sensors9
-- Looking for gz-math8 -- found version 8.0.0
-- Looking for gz-common6 -- found version 6.0.0
-- Looking for gz-transport14 -- found version 14.0.0
-- Looking for gz-rendering9 -- found version 9.0.0
-- Looking for gz-msgs11 -- found version 11.0.1
-- Looking for sdformat15 -- found version 15.0.0
-- Searching for <gz-sensors9> component [air_pressure]
-- Looking for gz-sensors9-air_pressure -- found version 9.0.0
-- Searching for dependencies of gz-sensors9-air_pressure
-- Searching for <gz-sensors9> component [air_speed]
-- Looking for gz-sensors9-air_speed -- found version 9.0.0
-- Searching for dependencies of gz-sensors9-air_speed
-- Searching for <gz-sensors9> component [altimeter]
-- Looking for gz-sensors9-altimeter -- found version 9.0.0
-- Searching for dependencies of gz-sensors9-altimeter
-- Searching for <gz-sensors9> component [imu]
-- Looking for gz-sensors9-imu -- found version 9.0.0
-- Searching for dependencies of gz-sensors9-imu
-- Searching for <gz-sensors9> component [force_torque]
-- Looking for gz-sensors9-force_torque -- found version 9.0.0
-- Searching for dependencies of gz-sensors9-force_torque
-- Searching for <gz-sensors9> component [logical_camera]
-- Looking for gz-sensors9-logical_camera -- found version 9.0.0
-- Searching for dependencies of gz-sensors9-logical_camera
-- Searching for <gz-sensors9> component [magnetometer]
-- Looking for gz-sensors9-magnetometer -- found version 9.0.0
-- Searching for dependencies of gz-sensors9-magnetometer
-- Searching for <gz-sensors9> component [navsat]
-- Looking for gz-sensors9-navsat -- found version 9.0.0
-- Searching for dependencies of gz-sensors9-navsat
-- Searching for <gz-sensors9> component [dvl]
-- Looking for gz-sensors9-dvl -- found version 9.0.0
-- Searching for dependencies of gz-sensors9-dvl
-- Looking for gz-sensors9 -- found version 9.0.0
-- Searching for dependencies of gz-sensors9
-- Looking for gz-math8 -- found version 8.0.0
-- Looking for gz-common6 -- found version 6.0.0
-- Looking for gz-transport14 -- found version 14.0.0
-- Looking for gz-rendering9 -- found version 9.0.0
-- Looking for gz-msgs11 -- found version 11.0.1
-- Looking for sdformat15 -- found version 15.0.0
-- Searching for <gz-sensors9> component [rendering]
-- Looking for gz-sensors9-rendering -- found version 9.0.0
-- Searching for dependencies of gz-sensors9-rendering
-- Searching for <gz-sensors9> component [rendering]
-- Searching for <gz-sensors9> component [lidar]
-- Looking for gz-sensors9-lidar -- found version 9.0.0
-- Searching for dependencies of gz-sensors9-lidar
-- Looking for gz-sensors9 -- found version 9.0.0
-- Searching for <gz-sensors9> component [gpu_lidar]
-- Looking for gz-sensors9-gpu_lidar -- found version 9.0.0
-- Searching for dependencies of gz-sensors9-gpu_lidar
-- Looking for gz-sensors9 -- found version 9.0.0
-- Searching for <gz-sensors9> component [camera]
-- Looking for gz-sensors9-camera -- found version 9.0.0
-- Searching for dependencies of gz-sensors9-camera
-- Looking for gz-sensors9 -- found version 9.0.0
-- Searching for <gz-sensors9> component [boundingbox_camera]
-- Looking for gz-sensors9-boundingbox_camera -- found version 9.0.0
-- Searching for dependencies of gz-sensors9-boundingbox_camera
-- Searching for <gz-sensors9> component [segmentation_camera]
-- Looking for gz-sensors9-segmentation_camera -- found version 9.0.0
-- Searching for dependencies of gz-sensors9-segmentation_camera
-- Searching for <gz-sensors9> component [depth_camera]
-- Looking for gz-sensors9-depth_camera -- found version 9.0.0
-- Searching for dependencies of gz-sensors9-depth_camera
-- Looking for gz-sensors9 -- found version 9.0.0
-- Searching for <gz-sensors9> component [rgbd_camera]
-- Looking for gz-sensors9-rgbd_camera -- found version 9.0.0
-- Searching for dependencies of gz-sensors9-rgbd_camera
-- Looking for gz-sensors9 -- found version 9.0.0
-- Searching for <gz-sensors9> component [thermal_camera]
-- Looking for gz-sensors9-thermal_camera -- found version 9.0.0
-- Searching for dependencies of gz-sensors9-thermal_camera
-- Looking for gz-sensors9 -- found version 9.0.0
-- Searching for <gz-sensors9> component [wide_angle_camera]
-- Looking for gz-sensors9-wide_angle_camera -- found version 9.0.0
-- Searching for dependencies of gz-sensors9-wide_angle_camera
-- Looking for gz-rendering9 -- found version 9.0.0
-- Looking for gz-math8 -- found version 8.0.0
-- Looking for gz-utils3 -- found version 3.0.0
-- Added test 'cppcheck' to perform static code analysis on C / C++ code
-- Configured cppcheck include dirs: 
-- Configured cppcheck exclude dirs and/or files: 
-- Added test 'flake8' to check Python code syntax and style conventions
-- Configured 'flake8' exclude dirs and/or files: 
-- Added test 'lint_cmake' to check CMake code style
-- Added test 'pep257' to check Python code against some of the docstring style conventions in PEP 257
-- Added test 'uncrustify' to check C / C++ code style
-- Configured uncrustify additional arguments: 
-- Added test 'xmllint' to check XML markup files
-- Configuring done (1.9s)
-- Generating done (0.0s)
-- Build files have been written to: /home/lucas/sagan_ws/build/mobile_robot
[ 33%] [32mBuilding CXX object CMakeFiles/SampleSystem.dir/plugin/system_plugin/SampleSystem.cc.o[0m
[ 66%] [32mBuilding CXX object CMakeFiles/SampleSystem.dir/plugin/system_plugin/SampleSystem2.cc.o[0m
[100%] [32m[1mLinking CXX shared library libSampleSystem.so[0m
[100%] Built target SampleSystem
-- Install configuration: ""
-- Up-to-date: /home/lucas/sagan_ws/install/mobile_robot/share/mobile_robot/launch
-- Up-to-date: /home/lucas/sagan_ws/install/mobile_robot/share/mobile_robot/launch/gazebo_model.launch.py
-- Up-to-date: /home/lucas/sagan_ws/install/mobile_robot/share/mobile_robot/model
-- Up-to-date: /home/lucas/sagan_ws/install/mobile_robot/share/mobile_robot/model/Sagan.gazebo
-- Up-to-date: /home/lucas/sagan_ws/install/mobile_robot/share/mobile_robot/model/meshes
-- Up-to-date: /home/lucas/sagan_ws/install/mobile_robot/share/mobile_robot/model/meshes/LR_stering_arm.STL
-- Up-to-date: /home/lucas/sagan_ws/install/mobile_robot/share/mobile_robot/model/meshes/RF_stering_arm.STL
-- Up-to-date: /home/lucas/sagan_ws/install/mobile_robot/share/mobile_robot/model/meshes/RF_wheel.STL
-- Up-to-date: /home/lucas/sagan_ws/install/mobile_robot/share/mobile_robot/model/meshes/base_link.STL
-- Up-to-date: /home/lucas/sagan_ws/install/mobile_robot/share/mobile_robot/model/meshes/LR_wheel.STL
-- Up-to-date: /home/lucas/sagan_ws/install/mobile_robot/share/mobile_robot/model/meshes/Left_arm.STL
-- Up-to-date: /home/lucas/sagan_ws/install/mobile_robot/share/mobile_robot/model/meshes/LF_stering_arm.STL
-- Up-to-date: /home/lucas/sagan_ws/install/mobile_robot/share/mobile_robot/model/meshes/RR_wheel.STL
-- Up-to-date: /home/lucas/sagan_ws/install/mobile_robot/share/mobile_robot/model/meshes/LF_wheel.STL
-- Up-to-date: /home/lucas/sagan_ws/install/mobile_robot/share/mobile_robot/model/meshes/Right_arm.STL
-- Up-to-date: /home/lucas/sagan_ws/install/mobile_robot/share/mobile_robot/model/meshes/RR_stering_arm.STL
-- Up-to-date: /home/lucas/sagan_ws/install/mobile_robot/share/mobile_robot/model/Sagan.xacro.urdf
-- Up-to-date: /home/lucas/sagan_ws/install/mobile_robot/share/mobile_robot/model/robot.gazebo
-- Up-to-date: /home/lucas/sagan_ws/install/mobile_robot/share/mobile_robot/model/robot.xacro
-- Up-to-date: /home/lucas/sagan_ws/install/mobile_robot/share/mobile_robot/parameters
-- Up-to-date: /home/lucas/sagan_ws/install/mobile_robot/share/mobile_robot/parameters/bridge_parameters.yaml
-- Up-to-date: /home/lucas/sagan_ws/install/mobile_robot/share/mobile_robot/plugin
-- Up-to-date: /home/lucas/sagan_ws/install/mobile_robot/share/mobile_robot/plugin/system_plugin
-- Up-to-date: /home/lucas/sagan_ws/install/mobile_robot/share/mobile_robot/plugin/system_plugin/SampleSystem.cc
-- Up-to-date: /home/lucas/sagan_ws/install/mobile_robot/share/mobile_robot/plugin/system_plugin/SampleSystem.hh
-- Up-to-date: /home/lucas/sagan_ws/install/mobile_robot/share/mobile_robot/plugin/system_plugin/CMakeLists.txt
-- Up-to-date: /home/lucas/sagan_ws/install/mobile_robot/share/mobile_robot/plugin/system_plugin/SampleSystem2.cc
-- Installing: /home/lucas/sagan_ws/install/mobile_robot/share/ament_index/resource_index/package_run_dependencies/mobile_robot
-- Installing: /home/lucas/sagan_ws/install/mobile_robot/share/ament_index/resource_index/parent_prefix_path/mobile_robot
-- Up-to-date: /home/lucas/sagan_ws/install/mobile_robot/share/mobile_robot/environment/ament_prefix_path.sh
-- Installing: /home/lucas/sagan_ws/install/mobile_robot/share/mobile_robot/environment/ament_prefix_path.dsv
-- Up-to-date: /home/lucas/sagan_ws/install/mobile_robot/share/mobile_robot/environment/path.sh
-- Installing: /home/lucas/sagan_ws/install/mobile_robot/share/mobile_robot/environment/path.dsv
-- Installing: /home/lucas/sagan_ws/install/mobile_robot/share/mobile_robot/local_setup.bash
-- Installing: /home/lucas/sagan_ws/install/mobile_robot/share/mobile_robot/local_setup.sh
-- Installing: /home/lucas/sagan_ws/install/mobile_robot/share/mobile_robot/local_setup.zsh
-- Installing: /home/lucas/sagan_ws/install/mobile_robot/share/mobile_robot/local_setup.dsv
-- Installing: /home/lucas/sagan_ws/install/mobile_robot/share/mobile_robot/package.dsv
-- Installing: /home/lucas/sagan_ws/install/mobile_robot/share/ament_index/resource_index/packages/mobile_robot
-- Installing: /home/lucas/sagan_ws/install/mobile_robot/share/mobile_robot/cmake/mobile_robotConfig.cmake
-- Installing: /home/lucas/sagan_ws/install/mobile_robot/share/mobile_robot/cmake/mobile_robotConfig-version.cmake
-- Up-to-date: /home/lucas/sagan_ws/install/mobile_robot/share/mobile_robot/package.xml
