[0.006s] Invoking command in '/home/lucas/sagan_ws/build/mobile_robot': CMAKE_PREFIX_PATH=${CMAKE_PREFIX_PATH}:/opt/ros/jazzy DEBUGINFOD_URLS=https://debuginfod.ubuntu.com /usr/bin/cmake --build /home/lucas/sagan_ws/build/mobile_robot -- -j20 -l20
[0.026s] -- Found ament_cmake: 2.5.2 (/opt/ros/jazzy/share/ament_cmake/cmake)
[0.184s] -- Found ament_lint_auto: 0.17.1 (/opt/ros/jazzy/share/ament_lint_auto/cmake)
[0.244s] -- Looking for gz-plugin3 -- found version 3.0.0
[0.247s] -- Searching for dependencies of gz-plugin3
[0.247s] -- Looking for gz-utils3 -- found version 3.0.0
[0.247s] -- Searching for dependencies of gz-utils3
[0.247s] -- Searching for <gz-utils3> component [cli]
[0.248s] -- Looking for gz-utils3-cli -- found version 3.0.0
[0.248s] -- Searching for dependencies of gz-utils3-cli
[0.248s] -- Searching for <gz-plugin3> component [register]
[0.249s] -- Looking for gz-plugin3-register -- found version 3.0.0
[0.249s] -- Searching for dependencies of gz-plugin3-register
[0.249s] -- Looking for gz-sim9 -- found version 9.0.0
[0.249s] -- Searching for dependencies of gz-sim9
[0.249s] -- Looking for sdformat15 -- found version 15.0.0
[0.249s] -- Searching for dependencies of sdformat15
[0.252s] -- Checking for module 'tinyxml2'
[0.262s] --   Found tinyxml2, version 10.0.0
[0.307s] -- Looking for gz-math8 -- found version 8.0.0
[0.308s] -- Searching for dependencies of gz-math8
[0.309s] -- Looking for gz-utils3 -- found version 3.0.0
[0.309s] -- Looking for gz-utils3 -- found version 3.0.0
[0.310s] -- Looking for gz-plugin3 -- found version 3.0.0
[0.310s] -- Searching for dependencies of gz-plugin3
[0.310s] -- Looking for gz-utils3 -- found version 3.0.0
[0.310s] -- Searching for <gz-plugin3> component [loader]
[0.310s] -- Looking for gz-plugin3-loader -- found version 3.0.0
[0.310s] -- Searching for dependencies of gz-plugin3-loader
[0.311s] -- Searching for <gz-plugin3> component [register]
[0.311s] -- Looking for gz-transport14 -- found version 14.0.0
[0.311s] -- Searching for dependencies of gz-transport14
[0.331s] -- Config-file not installed for ZeroMQ -- checking for pkg-config
[0.338s] -- Checking for module 'libzmq >= 4'
[0.373s] --   Found libzmq, version 4.3.5
[0.475s] -- Checking for module 'uuid'
[0.511s] --   Found uuid, version 2.39.3
[0.580s] -- Looking for gz-utils3 -- found version 3.0.0
[0.581s] -- Looking for gz-msgs11 -- found version 11.0.1
[0.581s] -- Searching for dependencies of gz-msgs11
[0.603s] -- Looking for gz-utils3 -- found version 3.0.0
[0.604s] -- Looking for gz-math8 -- found version 8.0.0
[0.732s] -- Searching for <gz-transport14> component [log]
[0.732s] -- Looking for gz-transport14-log -- found version 14.0.0
[0.732s] -- Searching for dependencies of gz-transport14-log
[0.732s] -- Searching for <gz-transport14> component [parameters]
[0.732s] -- Looking for gz-transport14-parameters -- found version 14.0.0
[0.733s] -- Searching for dependencies of gz-transport14-parameters
[0.733s] -- Looking for gz-msgs11 -- found version 11.0.1
[0.733s] -- Looking for gz-common6 -- found version 6.0.0
[0.733s] -- Searching for dependencies of gz-common6
[0.733s] -- Looking for gz-utils3 -- found version 3.0.0
[0.733s] -- Searching for dependencies of gz-utils3
[0.733s] -- Searching for <gz-utils3> component [log]
[0.734s] -- Looking for gz-utils3-log -- found version 3.0.0
[0.734s] -- Searching for dependencies of gz-utils3-log
[0.743s] -- Searching for <gz-common6> component [av]
[0.744s] -- Looking for gz-common6-av -- found version 6.0.0
[0.744s] -- Searching for dependencies of gz-common6-av
[0.751s] -- Checking for module 'libswscale'
[0.788s] --   Found libswscale, version 7.5.100
[0.881s] -- Checking for module 'libavdevice >= 56.4.100'
[0.920s] --   Found libavdevice, version 60.3.100
[1.048s] -- Checking for module 'libavformat'
[1.082s] --   Found libavformat, version 60.16.100
[1.192s] -- Checking for module 'libavcodec'
[1.231s] --   Found libavcodec, version 60.31.102
[1.341s] -- Checking for module 'libavutil'
[1.378s] --   Found libavutil, version 58.29.100
[1.463s] -- Searching for <gz-common6> component [events]
[1.463s] -- Looking for gz-common6-events -- found version 6.0.0
[1.463s] -- Searching for dependencies of gz-common6-events
[1.463s] -- Looking for gz-math8 -- found version 8.0.0
[1.464s] -- Searching for <gz-common6> component [graphics]
[1.464s] -- Looking for gz-common6-graphics -- found version 6.0.0
[1.464s] -- Searching for dependencies of gz-common6-graphics
[1.464s] -- Looking for gz-math8 -- found version 8.0.0
[1.465s] -- Searching for <gz-common6> component [io]
[1.465s] -- Looking for gz-common6-io -- found version 6.0.0
[1.466s] -- Searching for dependencies of gz-common6-io
[1.466s] -- Searching for <gz-common6> component [profiler]
[1.466s] -- Looking for gz-common6-profiler -- found version 6.0.0
[1.466s] -- Searching for dependencies of gz-common6-profiler
[1.467s] -- Looking for gz-fuel_tools10 -- found version 10.0.0
[1.467s] -- Searching for dependencies of gz-fuel_tools10
[1.502s] -- Checking for module 'jsoncpp'
[1.513s] --   Found jsoncpp, version 1.9.5
[1.613s] -- Checking for module 'yaml-0.1'
[1.634s] --   Found yaml-0.1, version 0.2.5
[1.725s] -- Checking for module 'libzip'
[1.760s] --   Found libzip, version 1.7.3
[1.850s] -- Looking for gz-utils3 -- found version 3.0.0
[1.852s] -- Looking for gz-common6 -- found version 6.0.0
[1.852s] -- Searching for dependencies of gz-common6
[1.854s] -- Looking for gz-utils3 -- found version 3.0.0
[1.873s] -- Searching for <gz-common6> component [testing]
[1.875s] -- Looking for gz-common6-testing -- found version 6.0.0
[1.875s] -- Searching for dependencies of gz-common6-testing
[1.878s] -- Looking for gz-math8 -- found version 8.0.0
[1.880s] -- Looking for gz-msgs11 -- found version 11.0.1
[1.882s] -- Looking for gz-gui9 -- found version 9.0.0
[1.882s] -- Searching for dependencies of gz-gui9
[1.912s] -- Looking for gz-utils3 -- found version 3.0.0
[1.912s] -- Looking for gz-math8 -- found version 8.0.0
[1.912s] -- Looking for gz-common6 -- found version 6.0.0
[1.913s] -- Looking for gz-plugin3 -- found version 3.0.0
[1.913s] -- Looking for gz-transport14 -- found version 14.0.0
[1.914s] -- Looking for gz-rendering9 -- found version 9.0.0
[1.914s] -- Searching for dependencies of gz-rendering9
[1.914s] -- Looking for gz-math8 -- found version 8.0.0
[1.914s] -- Searching for dependencies of gz-math8
[1.914s] -- Looking for gz-utils3 -- found version 3.0.0
[1.914s] -- Searching for <gz-math8> component [eigen3]
[1.915s] -- Looking for gz-math8-eigen3 -- found version 8.0.0
[1.915s] -- Searching for dependencies of gz-math8-eigen3
[1.916s] -- Looking for gz-common6 -- found version 6.0.0
[1.916s] -- Searching for dependencies of gz-common6
[1.916s] -- Looking for gz-utils3 -- found version 3.0.0
[1.920s] -- Searching for <gz-common6> component [graphics]
[1.920s] -- Searching for <gz-common6> component [events]
[1.920s] -- Searching for <gz-common6> component [geospatial]
[1.921s] -- Looking for gz-common6-geospatial -- found version 6.0.0
[1.921s] -- Searching for dependencies of gz-common6-geospatial
[1.921s] -- Looking for gz-math8 -- found version 8.0.0
[1.921s] -- Looking for gz-common6 -- found version 6.0.0
[1.922s] -- Looking for gz-plugin3 -- found version 3.0.0
[1.922s] -- Searching for dependencies of gz-plugin3
[1.922s] -- Looking for gz-utils3 -- found version 3.0.0
[1.922s] -- Searching for <gz-plugin3> component [all]
[1.922s] -- Looking for all libraries of gz-plugin3 -- found version 3.0.0
[1.923s] -- Looking for gz-plugin3 -- found version 3.0.0
[1.923s] -- Looking for gz-utils3 -- found version 3.0.0
[1.925s] -- Looking for gz-msgs11 -- found version 11.0.1
[1.934s] -- Looking for gz-physics8 -- found version 8.0.0
[1.934s] -- Searching for dependencies of gz-physics8
[1.934s] -- Looking for gz-common6 -- found version 6.0.0
[1.935s] -- Looking for gz-math8 -- found version 8.0.0
[1.935s] -- Looking for gz-plugin3 -- found version 3.0.0
[1.935s] -- Looking for gz-utils3 -- found version 3.0.0
[1.936s] -- Searching for <gz-physics8> component [heightmap]
[1.936s] -- Looking for gz-physics8-heightmap -- found version 8.0.0
[1.936s] -- Searching for dependencies of gz-physics8-heightmap
[1.936s] -- Looking for gz-common6 -- found version 6.0.0
[1.937s] -- Searching for <gz-physics8> component [mesh]
[1.937s] -- Looking for gz-physics8-mesh -- found version 8.0.0
[1.937s] -- Searching for dependencies of gz-physics8-mesh
[1.937s] -- Looking for gz-common6 -- found version 6.0.0
[1.937s] -- Searching for <gz-physics8> component [sdf]
[1.938s] -- Looking for gz-physics8-sdf -- found version 8.0.0
[1.938s] -- Searching for dependencies of gz-physics8-sdf
[1.938s] -- Looking for sdformat15 -- found version 15.0.0
[1.938s] -- Looking for gz-sensors9 -- found version 9.0.0
[1.938s] -- Searching for dependencies of gz-sensors9
[1.951s] -- Looking for gz-math8 -- found version 8.0.0
[1.952s] -- Looking for gz-common6 -- found version 6.0.0
[1.952s] -- Looking for gz-transport14 -- found version 14.0.0
[1.952s] -- Looking for gz-rendering9 -- found version 9.0.0
[1.952s] -- Looking for gz-msgs11 -- found version 11.0.1
[1.953s] -- Looking for sdformat15 -- found version 15.0.0
[1.953s] -- Searching for <gz-sensors9> component [air_pressure]
[1.954s] -- Looking for gz-sensors9-air_pressure -- found version 9.0.0
[1.954s] -- Searching for dependencies of gz-sensors9-air_pressure
[1.954s] -- Searching for <gz-sensors9> component [air_speed]
[1.955s] -- Looking for gz-sensors9-air_speed -- found version 9.0.0
[1.955s] -- Searching for dependencies of gz-sensors9-air_speed
[1.955s] -- Searching for <gz-sensors9> component [altimeter]
[1.955s] -- Looking for gz-sensors9-altimeter -- found version 9.0.0
[1.956s] -- Searching for dependencies of gz-sensors9-altimeter
[1.956s] -- Searching for <gz-sensors9> component [imu]
[1.956s] -- Looking for gz-sensors9-imu -- found version 9.0.0
[1.956s] -- Searching for dependencies of gz-sensors9-imu
[1.957s] -- Searching for <gz-sensors9> component [force_torque]
[1.957s] -- Looking for gz-sensors9-force_torque -- found version 9.0.0
[1.957s] -- Searching for dependencies of gz-sensors9-force_torque
[1.958s] -- Searching for <gz-sensors9> component [logical_camera]
[1.958s] -- Looking for gz-sensors9-logical_camera -- found version 9.0.0
[1.958s] -- Searching for dependencies of gz-sensors9-logical_camera
[1.959s] -- Searching for <gz-sensors9> component [magnetometer]
[1.959s] -- Looking for gz-sensors9-magnetometer -- found version 9.0.0
[1.959s] -- Searching for dependencies of gz-sensors9-magnetometer
[1.959s] -- Searching for <gz-sensors9> component [navsat]
[1.959s] -- Looking for gz-sensors9-navsat -- found version 9.0.0
[1.960s] -- Searching for dependencies of gz-sensors9-navsat
[1.960s] -- Searching for <gz-sensors9> component [dvl]
[1.960s] -- Looking for gz-sensors9-dvl -- found version 9.0.0
[1.960s] -- Searching for dependencies of gz-sensors9-dvl
[1.960s] -- Looking for gz-sensors9 -- found version 9.0.0
[1.961s] -- Searching for dependencies of gz-sensors9
[1.972s] -- Looking for gz-math8 -- found version 8.0.0
[1.972s] -- Looking for gz-common6 -- found version 6.0.0
[1.973s] -- Looking for gz-transport14 -- found version 14.0.0
[1.973s] -- Looking for gz-rendering9 -- found version 9.0.0
[1.973s] -- Looking for gz-msgs11 -- found version 11.0.1
[1.973s] -- Looking for sdformat15 -- found version 15.0.0
[1.973s] -- Searching for <gz-sensors9> component [rendering]
[1.974s] -- Looking for gz-sensors9-rendering -- found version 9.0.0
[1.974s] -- Searching for dependencies of gz-sensors9-rendering
[1.974s] -- Searching for <gz-sensors9> component [rendering]
[1.975s] -- Searching for <gz-sensors9> component [lidar]
[1.975s] -- Looking for gz-sensors9-lidar -- found version 9.0.0
[1.975s] -- Searching for dependencies of gz-sensors9-lidar
[1.975s] -- Looking for gz-sensors9 -- found version 9.0.0
[1.975s] -- Searching for <gz-sensors9> component [gpu_lidar]
[1.976s] -- Looking for gz-sensors9-gpu_lidar -- found version 9.0.0
[1.976s] -- Searching for dependencies of gz-sensors9-gpu_lidar
[1.976s] -- Looking for gz-sensors9 -- found version 9.0.0
[1.976s] -- Searching for <gz-sensors9> component [camera]
[1.976s] -- Looking for gz-sensors9-camera -- found version 9.0.0
[1.976s] -- Searching for dependencies of gz-sensors9-camera
[1.977s] -- Looking for gz-sensors9 -- found version 9.0.0
[1.977s] -- Searching for <gz-sensors9> component [boundingbox_camera]
[1.977s] -- Looking for gz-sensors9-boundingbox_camera -- found version 9.0.0
[1.977s] -- Searching for dependencies of gz-sensors9-boundingbox_camera
[1.978s] -- Searching for <gz-sensors9> component [segmentation_camera]
[1.978s] -- Looking for gz-sensors9-segmentation_camera -- found version 9.0.0
[1.978s] -- Searching for dependencies of gz-sensors9-segmentation_camera
[1.978s] -- Searching for <gz-sensors9> component [depth_camera]
[1.978s] -- Looking for gz-sensors9-depth_camera -- found version 9.0.0
[1.979s] -- Searching for dependencies of gz-sensors9-depth_camera
[1.979s] -- Looking for gz-sensors9 -- found version 9.0.0
[1.979s] -- Searching for <gz-sensors9> component [rgbd_camera]
[1.979s] -- Looking for gz-sensors9-rgbd_camera -- found version 9.0.0
[1.979s] -- Searching for dependencies of gz-sensors9-rgbd_camera
[1.980s] -- Looking for gz-sensors9 -- found version 9.0.0
[1.980s] -- Searching for <gz-sensors9> component [thermal_camera]
[1.980s] -- Looking for gz-sensors9-thermal_camera -- found version 9.0.0
[1.980s] -- Searching for dependencies of gz-sensors9-thermal_camera
[1.981s] -- Looking for gz-sensors9 -- found version 9.0.0
[1.981s] -- Searching for <gz-sensors9> component [wide_angle_camera]
[1.981s] -- Looking for gz-sensors9-wide_angle_camera -- found version 9.0.0
[1.981s] -- Searching for dependencies of gz-sensors9-wide_angle_camera
[1.982s] -- Looking for gz-rendering9 -- found version 9.0.0
[1.982s] -- Looking for gz-math8 -- found version 8.0.0
[1.982s] -- Looking for gz-utils3 -- found version 3.0.0
[1.996s] -- Added test 'cppcheck' to perform static code analysis on C / C++ code
[1.996s] -- Configured cppcheck include dirs: 
[1.996s] -- Configured cppcheck exclude dirs and/or files: 
[1.996s] -- Added test 'flake8' to check Python code syntax and style conventions
[1.996s] -- Configured 'flake8' exclude dirs and/or files: 
[1.996s] -- Added test 'lint_cmake' to check CMake code style
[1.996s] -- Added test 'pep257' to check Python code against some of the docstring style conventions in PEP 257
[1.997s] -- Added test 'uncrustify' to check C / C++ code style
[1.997s] -- Configured uncrustify additional arguments: 
[1.997s] -- Added test 'xmllint' to check XML markup files
[1.998s] -- Configuring done (2.0s)
[1.999s] [31mCMake Error at CMakeLists.txt:36 (add_library):
[1.999s]   Cannot find source file:
[1.999s] 
[1.999s]     SampleSystem.cc
[1.999s] 
[1.999s]   Tried extensions .c .C .c++ .cc .cpp .cxx .cu .mpp .m .M .mm .ixx .cppm
[2.000s]   .ccm .cxxm .c++m .h .hh .h++ .hm .hpp .hxx .in .txx .f .F .for .f77 .f90
[2.000s]   .f95 .f03 .hip .ispc
[2.000s] 
[2.000s] [0m
[2.000s] [31mCMake Error at CMakeLists.txt:36 (add_library):
[2.000s]   No SOURCES given to target: SampleSystem
[2.000s] 
[2.000s] [0m
[2.000s] [0mCMake Generate step failed.  Build files cannot be regenerated correctly.[0m
[2.004s] gmake: *** [Makefile:226: cmake_check_build_system] Error 1
[2.005s] Invoked command in '/home/lucas/sagan_ws/build/mobile_robot' returned '2': CMAKE_PREFIX_PATH=${CMAKE_PREFIX_PATH}:/opt/ros/jazzy DEBUGINFOD_URLS=https://debuginfod.ubuntu.com /usr/bin/cmake --build /home/lucas/sagan_ws/build/mobile_robot -- -j20 -l20
