-- Found ament_cmake: 2.5.2 (/opt/ros/jazzy/share/ament_cmake/cmake)
-- Found ament_lint_auto: 0.17.1 (/opt/ros/jazzy/share/ament_lint_auto/cmake)
-- Added test 'flake8' to check Python code syntax and style conventions
-- Configured 'flake8' exclude dirs and/or files: 
-- Added test 'lint_cmake' to check CMake code style
-- Added test 'pep257' to check Python code against some of the docstring style conventions in PEP 257
-- Added test 'xmllint' to check XML markup files
-- Configuring done (0.2s)
-- Generating done (0.0s)
-- Build files have been written to: /home/lucas/sagan_ws/build/mobile_robot
-- Install configuration: ""
-- Up-to-date: /home/lucas/sagan_ws/install/mobile_robot/share/mobile_robot/launch
-- Up-to-date: /home/lucas/sagan_ws/install/mobile_robot/share/mobile_robot/launch/gazebo_model.launch.py
-- Up-to-date: /home/lucas/sagan_ws/install/mobile_robot/share/mobile_robot/model
-- Up-to-date: /home/lucas/sagan_ws/install/mobile_robot/share/mobile_robot/model/Sagan.gazebo
[31mCMake Error at cmake_install.cmake:46 (file):
  file INSTALL cannot find "/home/lucas/sagan_ws/src/mobile_robot/plugin": No
  such file or directory.

[0m
-- Up-to-date: /home/lucas/sagan_ws/install/mobile_robot/share/mobile_robot/model/meshes
-- Up-to-date: /home/lucas/sagan_ws/install/mobile_robot/share/mobile_robot/model/meshes/LR_stering_arm.STL
-- Up-to-date: /home/lucas/sagan_ws/install/mobile_robot/share/mobile_robot/model/meshes/RF_stering_arm.STL
-- Up-to-date: /home/lucas/sagan_ws/install/mobile_robot/share/mobile_robot/model/meshes/RF_wheel.STL
-- Up-to-date: /home/lucas/sagan_ws/install/mobile_robot/share/mobile_robot/model/meshes/base_link.STL
-- Up-to-date: /home/lucas/sagan_ws/install/mobile_robot/share/mobile_robot/model/meshes/LR_wheel.STL
-- Up-to-date: /home/lucas/sagan_ws/install/mobile_robot/share/mobile_robot/model/meshes/Left_arm.STL
-- Up-to-date: /home/lucas/sagan_ws/install/mobile_robot/share/mobile_robot/model/meshes/LF_stering_arm.STL
-- Up-to-date: /home/lucas/sagan_ws/install/mobile_robot/share/mobile_robot/model/meshes/RR_wheel.STL
-- Up-to-date: /home/lucas/sagan_ws/install/mobile_robot/share/mobile_robot/model/meshes/LF_wheel.STL
-- Up-to-date: /home/lucas/sagan_ws/install/mobile_robot/share/mobile_robot/model/meshes/Right_arm.STL
-- Up-to-date: /home/lucas/sagan_ws/install/mobile_robot/share/mobile_robot/model/meshes/RR_stering_arm.STL
-- Up-to-date: /home/lucas/sagan_ws/install/mobile_robot/share/mobile_robot/model/Sagan.xacro.urdf
-- Up-to-date: /home/lucas/sagan_ws/install/mobile_robot/share/mobile_robot/model/robot.gazebo
-- Up-to-date: /home/lucas/sagan_ws/install/mobile_robot/share/mobile_robot/model/robot.xacro
-- Up-to-date: /home/lucas/sagan_ws/install/mobile_robot/share/mobile_robot/parameters
-- Up-to-date: /home/lucas/sagan_ws/install/mobile_robot/share/mobile_robot/parameters/bridge_parameters.yaml
