[0.006s] Invoking command in '/home/lucas/sagan_ws/build/mobile_robot': CMAKE_PREFIX_PATH=${CMAKE_PREFIX_PATH}:/opt/ros/jazzy DEBUGINFOD_URLS=https://debuginfod.ubuntu.com /usr/bin/cmake --build /home/lucas/sagan_ws/build/mobile_robot -- -j20 -l20
[0.022s] -- Found ament_cmake: 2.5.2 (/opt/ros/jazzy/share/ament_cmake/cmake)
[0.182s] [31mCMake Error at CMakeLists.txt:19 (find_package):
[0.182s]   By not providing "Findgz-plugin3.cmake" in CMAKE_MODULE_PATH this project
[0.182s]   has asked CMake to find a package configuration file provided by
[0.182s]   "gz-plugin3", but CMake did not find one.
[0.182s] 
[0.182s]   Could not find a package configuration file provided by "gz-plugin3" with
[0.182s]   any of the following names:
[0.182s] 
[0.182s]     gz-plugin3Config.cmake
[0.182s]     gz-plugin3-config.cmake
[0.182s] 
[0.182s]   Add the installation prefix of "gz-plugin3" to CMAKE_PREFIX_PATH or set
[0.183s]   "gz-plugin3_DIR" to a directory containing one of the above files.  If
[0.183s]   "gz-plugin3" provides a separate development package or SDK, be sure it has
[0.183s]   been installed.
[0.183s] 
[0.183s] [0m
[0.183s] -- Configuring incomplete, errors occurred!
[0.183s] gmake: *** [Makefile:226: cmake_check_build_system] Error 1
[0.184s] Invoked command in '/home/lucas/sagan_ws/build/mobile_robot' returned '2': CMAKE_PREFIX_PATH=${CMAKE_PREFIX_PATH}:/opt/ros/jazzy DEBUGINFOD_URLS=https://debuginfod.ubuntu.com /usr/bin/cmake --build /home/lucas/sagan_ws/build/mobile_robot -- -j20 -l20
